Mon Aug 28 16:20:04 EDT 2023 WARN: Establishing SSL connection without server's identity verification is not recommended. According to MySQL 5.5.45+, 5.6.26+ and 5.7.6+ requirements SSL connection must be established by default if explicit option isn't set. For compliance with existing applications not using SSL the verifyServerCertificate property is set to 'false'. You need either to explicitly disable SSL by setting useSSL=false, or set useSSL=true and provide truststore for server certificate verification.
Mon Aug 28 16:20:05 EDT 2023 WARN: Establishing SSL connection without server's identity verification is not recommended. According to MySQL 5.5.45+, 5.6.26+ and 5.7.6+ requirements SSL connection must be established by default if explicit option isn't set. For compliance with existing applications not using SSL the verifyServerCertificate property is set to 'false'. You need either to explicitly disable SSL by setting useSSL=false, or set useSSL=true and provide truststore for server certificate verification.
Mon Aug 28 16:20:05 EDT 2023 WARN: Establishing SSL connection without server's identity verification is not recommended. According to MySQL 5.5.45+, 5.6.26+ and 5.7.6+ requirements SSL connection must be established by default if explicit option isn't set. For compliance with existing applications not using SSL the verifyServerCertificate property is set to 'false'. You need either to explicitly disable SSL by setting useSSL=false, or set useSSL=true and provide truststore for server certificate verification.
Mon Aug 28 16:20:05 EDT 2023 WARN: Establishing SSL connection without server's identity verification is not recommended. According to MySQL 5.5.45+, 5.6.26+ and 5.7.6+ requirements SSL connection must be established by default if explicit option isn't set. For compliance with existing applications not using SSL the verifyServerCertificate property is set to 'false'. You need either to explicitly disable SSL by setting useSSL=false, or set useSSL=true and provide truststore for server certificate verification.
StimId: 1693254003558441 StimType: REGIME_ZERO Magnitude: 0.0
StimId: 1693254003559506 StimType: REGIME_ZERO Magnitude: 0.0
StimId: 1693254003560640 StimType: REGIME_ZERO Magnitude: 0.0
StimId: 1693254003561769 StimType: REGIME_ZERO Magnitude: 0.0
StimId: 1693254003562911 StimType: REGIME_ZERO Magnitude: 0.0
StimId: 1693254003564131 StimType: REGIME_TWO Magnitude: 0.0
StimId: 1693254003565274 StimType: REGIME_TWO Magnitude: 0.0
StimId: 1693254003566417 StimType: REGIME_TWO Magnitude: 0.0
StimId: 1693254003567562 StimType: REGIME_TWO Magnitude: 0.0
StimId: 1693254003568712 StimType: REGIME_TWO Magnitude: 0.0
StimId: 1693254003570271 StimType: REGIME_ONE Magnitude: 0.21429
StimId: 1693254003571488 StimType: REGIME_ONE Magnitude: 0.38571
StimId: 1693254003572637 StimType: REGIME_ONE Magnitude: 0.5
StimId: 1693254003573874 StimType: REGIME_ONE Magnitude: 0.38571
StimId: 1693254003575106 StimType: REGIME_ONE Magnitude: 0.32857
StimId: 1693254003576627 StimType: REGIME_ONE Magnitude: 0.21747
StimId: 1693254003577698 StimType: REGIME_ONE Magnitude: 0.48814
StimId: 1693254003578861 StimType: REGIME_ONE Magnitude: 0.2045
StimId: 1693254003580024 StimType: REGIME_ONE Magnitude: 0.48501
StimId: 1693254003581187 StimType: REGIME_ONE Magnitude: 0.3265
Number of stims to generate: 20
Preserving components: 0 out of 3
Morphing component 1
Successfully generated valid skeleton for component 1
Successfully generated valid radius for component 1
Failed to Morph Component 1 with parameters org.xper.allen.drawing.composition.morph.ComponentMorphParameters@41f69e84
Tube collision check failed
Retrying to morph component
Attempt 0 of 5
Morphing component 1
Successfully generated valid skeleton for component 1
Successfully generated valid radius for component 1
Failed to Morph Component 1 with parameters org.xper.allen.drawing.composition.morph.ComponentMorphParameters@41f69e84
Tube collision check failed
Retrying to morph component
Attempt 1 of 5
Morphing component 1
FAILED Attempt 0 of 5 to generate valid skeleton for component 1
Skeleton Collision Check Failed
Retrying to generate valid morphed arc
Successfully generated valid skeleton for component 1
Successfully generated valid radius for component 1
Successfully morphed component 1
Morphing component 2
Successfully generated valid skeleton for component 2
Successfully generated valid radius for component 2
Successfully morphed component 2
Morphing component 3
FAILED Attempt 0 of 5 to generate valid skeleton for component 3
Skeleton Collision Check Failed
Retrying to generate valid morphed arc
Successfully generated valid skeleton for component 3
Successfully generated valid radius for component 3
Successfully morphed component 3
creating and saving PNG...
Preserving components: 1 out of 3
Morphing component 2
Successfully generated valid skeleton for component 2
Successfully generated valid radius for component 2
Successfully morphed component 2
Morphing component 3
Successfully generated valid skeleton for component 3
Successfully generated valid radius for component 3
Failed to Morph Component 3 with parameters org.xper.allen.drawing.composition.morph.ComponentMorphParameters@6e15fe2
Tube collision check failed
Retrying to morph component
Attempt 0 of 5
Morphing component 3
FAILED Attempt 0 of 5 to generate valid skeleton for component 3
Skeleton Collision Check Failed
Retrying to generate valid morphed arc
FAILED Attempt 1 of 5 to generate valid skeleton for component 3
Skeleton Collision Check Failed
Retrying to generate valid morphed arc
FAILED Attempt 2 of 5 to generate valid skeleton for component 3
Skeleton Collision Check Failed
Retrying to generate valid morphed arc
FAILED Attempt 3 of 5 to generate valid skeleton for component 3
Skeleton Collision Check Failed
Retrying to generate valid morphed arc
FAILED Attempt 4 of 5 to generate valid skeleton for component 3
Skeleton Collision Check Failed
Retrying to generate valid morphed arc
Failed to Morph Component 3 with parameters org.xper.allen.drawing.composition.morph.ComponentMorphParameters@6e15fe2
Failed to generate valid skeleton for using a morphed component 3 after 5 attempts.
Retrying to morph component
Attempt 1 of 5
Morphing component 3
FAILED Attempt 0 of 5 to generate valid skeleton for component 3
Skeleton Collision Check Failed
Retrying to generate valid morphed arc
FAILED Attempt 1 of 5 to generate valid skeleton for component 3
Skeleton Collision Check Failed
Retrying to generate valid morphed arc
Successfully generated valid skeleton for component 3
FAILED Attempt 0 of 2.0 to generate valid radius for component 3
Radius profile failed when attempting to be applied to component 3
Retrying mutate radius
FAILED Attempt 1 of 2.0 to generate valid radius for component 3
Radius profile failed when attempting to be applied to component 3
Retrying mutate radius
Failed to Morph Component 3 with parameters org.xper.allen.drawing.composition.morph.ComponentMorphParameters@6e15fe2
Failed to generate valid radius for using a morphed component 3 after 10 attempts.
Retrying to morph component
Attempt 2 of 5
Morphing component 3
Successfully generated valid skeleton for component 3
FAILED Attempt 0 of 2.0 to generate valid radius for component 3
Radius profile failed when attempting to be applied to component 3
Retrying mutate radius
Successfully generated valid radius for component 3
Successfully morphed component 3
 In radius assign, ERROR: rMax < rMin
 In radius assign, ERROR: rMax < rMin
 In radius assign, ERROR: rMax < rMin
 In radius assign, ERROR: rMax < rMin
 In radius assign, ERROR: rMax < rMin
 In radius assign, ERROR: rMax < rMin
 In radius assign, ERROR: rMax < rMin
 In radius assign, ERROR: rMax < rMin
 In radius assign, ERROR: rMax < rMin
 In radius assign, ERROR: rMax < rMin
 In radius assign, ERROR: rMax < rMin
 In radius assign, ERROR: rMax < rMin
 In radius assign, ERROR: rMax < rMin
 In radius assign, ERROR: rMax < rMin
 In radius assign, ERROR: rMax < rMin
 In radius assign, ERROR: rMax < rMin
 In radius assign, ERROR: rMax < rMin
 In radius assign, ERROR: rMax < rMin
 In radius assign, ERROR: rMax < rMin
 In radius assign, ERROR: rMax < rMin
 In radius assign, ERROR: rMax < rMin
 In radius assign, ERROR: rMax < rMin
 In radius assign, ERROR: rMax < rMin
 In radius assign, ERROR: rMax < rMin
 In radius assign, ERROR: rMax < rMin
 In radius assign, ERROR: rMax < rMin
 In radius assign, ERROR: rMax < rMin
 In radius assign, ERROR: rMax < rMin
 In radius assign, ERROR: rMax < rMin
 In radius assign, ERROR: rMax < rMin
 In radius assign, ERROR: rMax < rMin
creating and saving PNG...
Preserving components: 0 out of 3
Morphing component 1
FAILED Attempt 0 of 5 to generate valid skeleton for component 1
Skeleton Collision Check Failed
Retrying to generate valid morphed arc
Successfully generated valid skeleton for component 1
Successfully generated valid radius for component 1
Successfully morphed component 1
Morphing component 2
past the nowUndx check
past the nowCompIndex check
comp label success: 1
Successfully generated valid skeleton for component 2
Successfully generated valid radius for component 2
Successfully morphed component 2
Morphing component 3
Successfully generated valid skeleton for component 3
Successfully generated valid radius for component 3
Successfully morphed component 3
creating and saving PNG...
creating and saving PNG...
Preserving components: 0 out of 3
Morphing component 1
FAILED Attempt 0 of 5 to generate valid skeleton for component 1
Skeleton Collision Check Failed
Retrying to generate valid morphed arc
Successfully generated valid skeleton for component 1
FAILED Attempt 0 of 2.0 to generate valid radius for component 1
Radius profile failed when attempting to be applied to component 1
Retrying mutate radius
Successfully generated valid radius for component 1
Failed to Morph Component 1 with parameters org.xper.allen.drawing.composition.morph.ComponentMorphParameters@39a2bb97
Tube collision check failed
Retrying to morph component
Attempt 0 of 5
Morphing component 1
Successfully generated valid skeleton for component 1
Successfully generated valid radius for component 1
Successfully morphed component 1
Morphing component 2
past the nowUndx check
past the nowCompIndex check
comp label success: 1
FAILED Attempt 0 of 5 to generate valid skeleton for component 2
Skeleton Collision Check Failed
Retrying to generate valid morphed arc
past the nowUndx check
past the nowCompIndex check
comp label success: 1
FAILED Attempt 1 of 5 to generate valid skeleton for component 2
Skeleton Collision Check Failed
Retrying to generate valid morphed arc
past the nowUndx check
past the nowCompIndex check
comp label success: 3
FAILED Attempt 2 of 5 to generate valid skeleton for component 2
Skeleton Collision Check Failed
Retrying to generate valid morphed arc
past the nowUndx check
past the nowCompIndex check
comp label success: 1
FAILED Attempt 3 of 5 to generate valid skeleton for component 2
Skeleton Collision Check Failed
Retrying to generate valid morphed arc
past the nowUndx check
past the nowCompIndex check
comp label success: 1
FAILED Attempt 4 of 5 to generate valid skeleton for component 2
Skeleton Collision Check Failed
Retrying to generate valid morphed arc
Failed to Morph Component 2 with parameters org.xper.allen.drawing.composition.morph.ComponentMorphParameters@3ad2e17
Failed to generate valid skeleton for using a morphed component 2 after 5 attempts.
Retrying to morph component
Attempt 0 of 5
Morphing component 2
past the nowUndx check
past the nowCompIndex check
comp label success: 3
Successfully generated valid skeleton for component 2
Successfully generated valid radius for component 2
Successfully morphed component 2
Morphing component 3
Successfully generated valid skeleton for component 3
Successfully generated valid radius for component 3
Successfully morphed component 3
 In radius assign, ERROR: rMax < rMin
 In radius assign, ERROR: rMax < rMin
 In radius assign, ERROR: rMax < rMin
 In radius assign, ERROR: rMax < rMin
 In radius assign, ERROR: rMax < rMin
 In radius assign, ERROR: rMax < rMin
 In radius assign, ERROR: rMax < rMin
 In radius assign, ERROR: rMax < rMin
 In radius assign, ERROR: rMax < rMin
 In radius assign, ERROR: rMax < rMin
 In radius assign, ERROR: rMax < rMin
 In radius assign, ERROR: rMax < rMin
 In radius assign, ERROR: rMax < rMin
 In radius assign, ERROR: rMax < rMin
 In radius assign, ERROR: rMax < rMin
 In radius assign, ERROR: rMax < rMin
 In radius assign, ERROR: rMax < rMin
 In radius assign, ERROR: rMax < rMin
 In radius assign, ERROR: rMax < rMin
 In radius assign, ERROR: rMax < rMin
 In radius assign, ERROR: rMax < rMin
 In radius assign, ERROR: rMax < rMin
 In radius assign, ERROR: rMax < rMin
 In radius assign, ERROR: rMax < rMin
 In radius assign, ERROR: rMax < rMin
 In radius assign, ERROR: rMax < rMin
 In radius assign, ERROR: rMax < rMin
 In radius assign, ERROR: rMax < rMin
 In radius assign, ERROR: rMax < rMin
 In radius assign, ERROR: rMax < rMin
 In radius assign, ERROR: rMax < rMin
The two tube are not contacting.....fail
FAIL AT OBJECT MERGE
Failed to morph matchstick.
Failed to smoothize the matchstick!
Retrying to morph matchstick...
Preserving components: 0 out of 3
Morphing component 1
Successfully generated valid skeleton for component 1
Successfully generated valid radius for component 1
Successfully morphed component 1
Morphing component 2
past the nowUndx check
past the nowCompIndex check
comp label success: 3
Successfully generated valid skeleton for component 2
Successfully generated valid radius for component 2
Failed to Morph Component 2 with parameters org.xper.allen.drawing.composition.morph.ComponentMorphParameters@3ad2e17
Tube collision check failed
Retrying to morph component
Attempt 0 of 5
Morphing component 2
past the nowUndx check
past the nowCompIndex check
comp label success: 1
Successfully generated valid skeleton for component 2
Successfully generated valid radius for component 2
Successfully morphed component 2
Morphing component 3
Successfully generated valid skeleton for component 3
Successfully generated valid radius for component 3
Successfully morphed component 3
The two tube are not contacting.....fail
FAIL AT OBJECT MERGE
Failed to morph matchstick.
Failed to smoothize the matchstick!
Retrying to morph matchstick...
Preserving components: 0 out of 3
Morphing component 1
Successfully generated valid skeleton for component 1
Successfully generated valid radius for component 1
Successfully morphed component 1
Morphing component 2
past the nowUndx check
past the nowCompIndex check
comp label success: 1
FAILED Attempt 0 of 5 to generate valid skeleton for component 2
Skeleton Collision Check Failed
Retrying to generate valid morphed arc
past the nowUndx check
past the nowCompIndex check
comp label success: 3
Successfully generated valid skeleton for component 2
Successfully generated valid radius for component 2
Successfully morphed component 2
Morphing component 3
Successfully generated valid skeleton for component 3
Successfully generated valid radius for component 3
Successfully morphed component 3
The two tube are not contacting.....fail
FAIL AT OBJECT MERGE
Failed to morph matchstick.
Failed to smoothize the matchstick!
Retrying to morph matchstick...
Preserving components: 0 out of 3
Morphing component 1
Successfully generated valid skeleton for component 1
FAILED Attempt 0 of 2.0 to generate valid radius for component 1
Radius profile failed when attempting to be applied to component 1
Retrying mutate radius
Successfully generated valid radius for component 1
Successfully morphed component 1
Morphing component 2
past the nowUndx check
past the nowCompIndex check
comp label success: 3
Successfully generated valid skeleton for component 2
Successfully generated valid radius for component 2
Failed to Morph Component 2 with parameters org.xper.allen.drawing.composition.morph.ComponentMorphParameters@3ad2e17
Tube collision check failed
Retrying to morph component
Attempt 0 of 5
Morphing component 2
past the nowUndx check
past the nowCompIndex check
comp label success: 3
Successfully generated valid skeleton for component 2
Successfully generated valid radius for component 2
Failed to Morph Component 2 with parameters org.xper.allen.drawing.composition.morph.ComponentMorphParameters@3ad2e17
Tube collision check failed
Retrying to morph component
Attempt 1 of 5
Morphing component 2
past the nowUndx check
past the nowCompIndex check
comp label success: 3
FAILED Attempt 0 of 5 to generate valid skeleton for component 2
Skeleton Collision Check Failed
Retrying to generate valid morphed arc
past the nowUndx check
past the nowCompIndex check
comp label success: 3
FAILED Attempt 1 of 5 to generate valid skeleton for component 2
Skeleton Collision Check Failed
Retrying to generate valid morphed arc
past the nowUndx check
past the nowCompIndex check
comp label success: 1
FAILED Attempt 2 of 5 to generate valid skeleton for component 2
Skeleton Collision Check Failed
Retrying to generate valid morphed arc
past the nowUndx check
past the nowCompIndex check
comp label success: 3
Successfully generated valid skeleton for component 2
Successfully generated valid radius for component 2
Successfully morphed component 2
Morphing component 3
Successfully generated valid skeleton for component 3
Successfully generated valid radius for component 3
Successfully morphed component 3
 In radius assign, ERROR: rMax < rMin
 In radius assign, ERROR: rMax < rMin
 In radius assign, ERROR: rMax < rMin
 In radius assign, ERROR: rMax < rMin
 In radius assign, ERROR: rMax < rMin
 In radius assign, ERROR: rMax < rMin
 In radius assign, ERROR: rMax < rMin
 In radius assign, ERROR: rMax < rMin
 In radius assign, ERROR: rMax < rMin
 In radius assign, ERROR: rMax < rMin
 In radius assign, ERROR: rMax < rMin
 In radius assign, ERROR: rMax < rMin
 In radius assign, ERROR: rMax < rMin
 In radius assign, ERROR: rMax < rMin
 In radius assign, ERROR: rMax < rMin
 In radius assign, ERROR: rMax < rMin
 In radius assign, ERROR: rMax < rMin
 In radius assign, ERROR: rMax < rMin
 In radius assign, ERROR: rMax < rMin
 In radius assign, ERROR: rMax < rMin
 In radius assign, ERROR: rMax < rMin
 In radius assign, ERROR: rMax < rMin
 In radius assign, ERROR: rMax < rMin
 In radius assign, ERROR: rMax < rMin
 In radius assign, ERROR: rMax < rMin
 In radius assign, ERROR: rMax < rMin
 In radius assign, ERROR: rMax < rMin
 In radius assign, ERROR: rMax < rMin
 In radius assign, ERROR: rMax < rMin
 In radius assign, ERROR: rMax < rMin
 In radius assign, ERROR: rMax < rMin
The two tube are not contacting.....fail
FAIL AT OBJECT MERGE
Failed to morph matchstick.
Failed to smoothize the matchstick!
Retrying to morph matchstick...
Preserving components: 0 out of 3
Morphing component 1
Successfully generated valid skeleton for component 1
Successfully generated valid radius for component 1
Successfully morphed component 1
Morphing component 2
past the nowUndx check
past the nowCompIndex check
comp label success: 3
Successfully generated valid skeleton for component 2
Successfully generated valid radius for component 2
Failed to Morph Component 2 with parameters org.xper.allen.drawing.composition.morph.ComponentMorphParameters@3ad2e17
Tube collision check failed
Retrying to morph component
Attempt 0 of 5
Morphing component 2
past the nowUndx check
past the nowCompIndex check
comp label success: 3
Successfully generated valid skeleton for component 2
Successfully generated valid radius for component 2
Failed to Morph Component 2 with parameters org.xper.allen.drawing.composition.morph.ComponentMorphParameters@3ad2e17
Tube collision check failed
Retrying to morph component
Attempt 1 of 5
Morphing component 2
past the nowUndx check
past the nowCompIndex check
comp label success: 3
Successfully generated valid skeleton for component 2
Successfully generated valid radius for component 2
Failed to Morph Component 2 with parameters org.xper.allen.drawing.composition.morph.ComponentMorphParameters@3ad2e17
Tube collision check failed
Retrying to morph component
Attempt 2 of 5
Morphing component 2
past the nowUndx check
past the nowCompIndex check
comp label success: 1
Successfully generated valid skeleton for component 2
Successfully generated valid radius for component 2
Failed to Morph Component 2 with parameters org.xper.allen.drawing.composition.morph.ComponentMorphParameters@3ad2e17
Tube collision check failed
Retrying to morph component
Attempt 3 of 5
Morphing component 2
past the nowUndx check
past the nowCompIndex check
comp label success: 3
Successfully generated valid skeleton for component 2
Successfully generated valid radius for component 2
Successfully morphed component 2
Morphing component 3
Successfully generated valid skeleton for component 3
Successfully generated valid radius for component 3
Successfully morphed component 3
The two tube are not contacting.....fail
FAIL AT OBJECT MERGE
Failed to morph matchstick.
Failed to smoothize the matchstick!
Retrying to morph matchstick...
Preserving components: 0 out of 3
Morphing component 1
Successfully generated valid skeleton for component 1
Successfully generated valid radius for component 1
Successfully morphed component 1
Morphing component 2
past the nowUndx check
past the nowCompIndex check
comp label success: 3
Successfully generated valid skeleton for component 2
Successfully generated valid radius for component 2
Successfully morphed component 2
Morphing component 3
Successfully generated valid skeleton for component 3
Successfully generated valid radius for component 3
Successfully morphed component 3
creating and saving PNG...
creating and saving PNG...
Preserving components: 1 out of 3
Morphing component 1
FAILED Attempt 0 of 5 to generate valid skeleton for component 1
Skeleton Collision Check Failed
Retrying to generate valid morphed arc
Successfully generated valid skeleton for component 1
Successfully generated valid radius for component 1
Successfully morphed component 1
Morphing component 3
FAILED Attempt 0 of 5 to generate valid skeleton for component 3
Skeleton Collision Check Failed
Retrying to generate valid morphed arc
Successfully generated valid skeleton for component 3
FAILED Attempt 0 of 2.0 to generate valid radius for component 3
Radius profile failed when attempting to be applied to component 3
Retrying mutate radius
FAILED Attempt 1 of 2.0 to generate valid radius for component 3
Radius profile failed when attempting to be applied to component 3
Retrying mutate radius
Failed to Morph Component 3 with parameters org.xper.allen.drawing.composition.morph.ComponentMorphParameters@5cde6747
Failed to generate valid radius for using a morphed component 3 after 10 attempts.
Retrying to morph component
Attempt 0 of 5
Morphing component 3
FAILED Attempt 0 of 5 to generate valid skeleton for component 3
Skeleton Collision Check Failed
Retrying to generate valid morphed arc
Successfully generated valid skeleton for component 3
Successfully generated valid radius for component 3
Successfully morphed component 3
creating and saving PNG...
Preserving components: 0 out of 3
Morphing component 1
Successfully generated valid skeleton for component 1
Successfully generated valid radius for component 1
Successfully morphed component 1
Morphing component 2
FAILED Attempt 0 of 5 to generate valid skeleton for component 2
Skeleton Collision Check Failed
Retrying to generate valid morphed arc
FAILED Attempt 1 of 5 to generate valid skeleton for component 2
Skeleton Collision Check Failed
Retrying to generate valid morphed arc
FAILED Attempt 2 of 5 to generate valid skeleton for component 2
Skeleton Collision Check Failed
Retrying to generate valid morphed arc
FAILED Attempt 3 of 5 to generate valid skeleton for component 2
Skeleton Collision Check Failed
Retrying to generate valid morphed arc
Successfully generated valid skeleton for component 2
FAILED Attempt 0 of 2.0 to generate valid radius for component 2
Radius profile failed when attempting to be applied to component 2
Retrying mutate radius
Successfully generated valid radius for component 2
Successfully morphed component 2
Morphing component 3
Successfully generated valid skeleton for component 3
Successfully generated valid radius for component 3
Successfully morphed component 3
creating and saving PNG...
Mon Aug 28 16:20:11 EDT 2023 WARN: Establishing SSL connection without server's identity verification is not recommended. According to MySQL 5.5.45+, 5.6.26+ and 5.7.6+ requirements SSL connection must be established by default if explicit option isn't set. For compliance with existing applications not using SSL the verifyServerCertificate property is set to 'false'. You need either to explicitly disable SSL by setting useSSL=false, or set useSSL=true and provide truststore for server certificate verification.
Mon Aug 28 16:20:11 EDT 2023 WARN: Establishing SSL connection without server's identity verification is not recommended. According to MySQL 5.5.45+, 5.6.26+ and 5.7.6+ requirements SSL connection must be established by default if explicit option isn't set. For compliance with existing applications not using SSL the verifyServerCertificate property is set to 'false'. You need either to explicitly disable SSL by setting useSSL=false, or set useSSL=true and provide truststore for server certificate verification.
Mon Aug 28 16:20:11 EDT 2023 WARN: Establishing SSL connection without server's identity verification is not recommended. According to MySQL 5.5.45+, 5.6.26+ and 5.7.6+ requirements SSL connection must be established by default if explicit option isn't set. For compliance with existing applications not using SSL the verifyServerCertificate property is set to 'false'. You need either to explicitly disable SSL by setting useSSL=false, or set useSSL=true and provide truststore for server certificate verification.
Preserving components: 0 out of 3
Morphing component 1
Successfully generated valid skeleton for component 1
Successfully generated valid radius for component 1
Successfully morphed component 1
Morphing component 2
past the nowUndx check
past the nowCompIndex check
comp label success: 1
FAILED Attempt 0 of 5 to generate valid skeleton for component 2
Skeleton Collision Check Failed
Retrying to generate valid morphed arc
past the nowUndx check
past the nowCompIndex check
comp label success: 1
FAILED Attempt 1 of 5 to generate valid skeleton for component 2
Skeleton Collision Check Failed
Retrying to generate valid morphed arc
past the nowUndx check
past the nowCompIndex check
comp label success: 1
FAILED Attempt 2 of 5 to generate valid skeleton for component 2
Skeleton Collision Check Failed
Retrying to generate valid morphed arc
past the nowUndx check
past the nowCompIndex check
comp label success: 1
FAILED Attempt 3 of 5 to generate valid skeleton for component 2
Skeleton Collision Check Failed
Retrying to generate valid morphed arc
past the nowUndx check
past the nowCompIndex check
comp label success: 1
FAILED Attempt 4 of 5 to generate valid skeleton for component 2
Skeleton Collision Check Failed
Retrying to generate valid morphed arc
Failed to Morph Component 2 with parameters org.xper.allen.drawing.composition.morph.ComponentMorphParameters@56aaaecd
Failed to generate valid skeleton for using a morphed component 2 after 5 attempts.
Retrying to morph component
Attempt 0 of 5
Morphing component 2
past the nowUndx check
past the nowCompIndex check
comp label success: 3
Successfully generated valid skeleton for component 2
Successfully generated valid radius for component 2
Successfully morphed component 2
Morphing component 3
Successfully generated valid skeleton for component 3
Successfully generated valid radius for component 3
Successfully morphed component 3
The two tube are not contacting.....fail
FAIL AT OBJECT MERGE
Failed to morph matchstick.
Failed to smoothize the matchstick!
Retrying to morph matchstick...
Preserving components: 0 out of 3
Morphing component 1
Successfully generated valid skeleton for component 1
Successfully generated valid radius for component 1
Successfully morphed component 1
Morphing component 2
past the nowUndx check
past the nowCompIndex check
comp label success: 1
Successfully generated valid skeleton for component 2
Successfully generated valid radius for component 2
Successfully morphed component 2
Morphing component 3
Successfully generated valid skeleton for component 3
Successfully generated valid radius for component 3
Failed to Morph Component 3 with parameters org.xper.allen.drawing.composition.morph.ComponentMorphParameters@522a32b1
Tube collision check failed
Retrying to morph component
Attempt 0 of 5
Morphing component 3
Successfully generated valid skeleton for component 3
Successfully generated valid radius for component 3
Successfully morphed component 3
creating and saving PNG...
Preserving components: 0 out of 3
Morphing component 1
Successfully generated valid skeleton for component 1
Successfully generated valid radius for component 1
Successfully morphed component 1
Morphing component 2
Successfully generated valid skeleton for component 2
Successfully generated valid radius for component 2
Successfully morphed component 2
Morphing component 3
Successfully generated valid skeleton for component 3
Successfully generated valid radius for component 3
Failed to Morph Component 3 with parameters org.xper.allen.drawing.composition.morph.ComponentMorphParameters@3b2c0e88
Tube collision check failed
Retrying to morph component
Attempt 0 of 5
Morphing component 3
FAILED Attempt 0 of 5 to generate valid skeleton for component 3
Skeleton Collision Check Failed
Retrying to generate valid morphed arc
Successfully generated valid skeleton for component 3
Successfully generated valid radius for component 3
Failed to Morph Component 3 with parameters org.xper.allen.drawing.composition.morph.ComponentMorphParameters@3b2c0e88
Tube collision check failed
Retrying to morph component
Attempt 1 of 5
Morphing component 3
Successfully generated valid skeleton for component 3
Successfully generated valid radius for component 3
Successfully morphed component 3
creating and saving PNG...
Preserving components: 0 out of 3
Morphing component 1
FAILED Attempt 0 of 5 to generate valid skeleton for component 1
Skeleton Collision Check Failed
Retrying to generate valid morphed arc
FAILED Attempt 1 of 5 to generate valid skeleton for component 1
Skeleton Collision Check Failed
Retrying to generate valid morphed arc
Successfully generated valid skeleton for component 1
Successfully generated valid radius for component 1
Successfully morphed component 1
Morphing component 2
Successfully generated valid skeleton for component 2
Successfully generated valid radius for component 2
Successfully morphed component 2
Morphing component 3
FAILED Attempt 0 of 5 to generate valid skeleton for component 3
Skeleton Collision Check Failed
Retrying to generate valid morphed arc
Successfully generated valid skeleton for component 3
Successfully generated valid radius for component 3
Successfully morphed component 3
creating and saving PNG...
Preserving components: 1 out of 3
Morphing component 1
Successfully generated valid skeleton for component 1
FAILED Attempt 0 of 2.0 to generate valid radius for component 1
Radius profile failed when attempting to be applied to component 1
Retrying mutate radius
FAILED Attempt 1 of 2.0 to generate valid radius for component 1
Radius profile failed when attempting to be applied to component 1
Retrying mutate radius
Failed to Morph Component 1 with parameters org.xper.allen.drawing.composition.morph.ComponentMorphParameters@5357c287
Failed to generate valid radius for using a morphed component 1 after 10 attempts.
Retrying to morph component
Attempt 0 of 5
Morphing component 1
Successfully generated valid skeleton for component 1
FAILED Attempt 0 of 2.0 to generate valid radius for component 1
Radius profile failed when attempting to be applied to component 1
Retrying mutate radius
FAILED Attempt 1 of 2.0 to generate valid radius for component 1
Radius profile failed when attempting to be applied to component 1
Retrying mutate radius
Failed to Morph Component 1 with parameters org.xper.allen.drawing.composition.morph.ComponentMorphParameters@5357c287
Failed to generate valid radius for using a morphed component 1 after 10 attempts.
Retrying to morph component
Attempt 1 of 5
Morphing component 1
Successfully generated valid skeleton for component 1
Successfully generated valid radius for component 1
Failed to Morph Component 1 with parameters org.xper.allen.drawing.composition.morph.ComponentMorphParameters@5357c287
Tube collision check failed
Retrying to morph component
Attempt 2 of 5
Morphing component 1
FAILED Attempt 0 of 5 to generate valid skeleton for component 1
Skeleton Collision Check Failed
Retrying to generate valid morphed arc
FAILED Attempt 1 of 5 to generate valid skeleton for component 1
Skeleton Collision Check Failed
Retrying to generate valid morphed arc
FAILED Attempt 2 of 5 to generate valid skeleton for component 1
Skeleton Collision Check Failed
Retrying to generate valid morphed arc
Successfully generated valid skeleton for component 1
Successfully generated valid radius for component 1
Successfully morphed component 1
Morphing component 3
FAILED Attempt 0 of 5 to generate valid skeleton for component 3
Skeleton Collision Check Failed
Retrying to generate valid morphed arc
FAILED Attempt 1 of 5 to generate valid skeleton for component 3
Skeleton Collision Check Failed
Retrying to generate valid morphed arc
FAILED Attempt 2 of 5 to generate valid skeleton for component 3
Skeleton Collision Check Failed
Retrying to generate valid morphed arc
Successfully generated valid skeleton for component 3
Successfully generated valid radius for component 3
Successfully morphed component 3
creating and saving PNG...
Preserving components: 0 out of 3
Morphing component 1
Successfully generated valid skeleton for component 1
Successfully generated valid radius for component 1
Failed to Morph Component 1 with parameters org.xper.allen.drawing.composition.morph.ComponentMorphParameters@1ddae9b5
Tube collision check failed
Retrying to morph component
Attempt 0 of 5
Morphing component 1
Successfully generated valid skeleton for component 1
Successfully generated valid radius for component 1
Successfully morphed component 1
Morphing component 2
past the nowUndx check
past the nowCompIndex check
comp label success: 3
FAILED Attempt 0 of 5 to generate valid skeleton for component 2
Skeleton Collision Check Failed
Retrying to generate valid morphed arc
past the nowUndx check
past the nowCompIndex check
comp label success: 1
FAILED Attempt 1 of 5 to generate valid skeleton for component 2
Skeleton Collision Check Failed
Retrying to generate valid morphed arc
past the nowUndx check
past the nowCompIndex check
comp label success: 3
FAILED Attempt 2 of 5 to generate valid skeleton for component 2
Skeleton Collision Check Failed
Retrying to generate valid morphed arc
past the nowUndx check
past the nowCompIndex check
comp label success: 3
FAILED Attempt 3 of 5 to generate valid skeleton for component 2
Skeleton Collision Check Failed
Retrying to generate valid morphed arc
past the nowUndx check
past the nowCompIndex check
comp label success: 3
Successfully generated valid skeleton for component 2
Successfully generated valid radius for component 2
Successfully morphed component 2
Morphing component 3
FAILED Attempt 0 of 5 to generate valid skeleton for component 3
Skeleton Collision Check Failed
Retrying to generate valid morphed arc
FAILED Attempt 1 of 5 to generate valid skeleton for component 3
Skeleton Collision Check Failed
Retrying to generate valid morphed arc
Successfully generated valid skeleton for component 3
Successfully generated valid radius for component 3
Successfully morphed component 3
 In radius assign, ERROR: rMax < rMin
creating and saving PNG...
Preserving components: 0 out of 3
Morphing component 1
Successfully generated valid skeleton for component 1
Successfully generated valid radius for component 1
Failed to Morph Component 1 with parameters org.xper.allen.drawing.composition.morph.ComponentMorphParameters@7b139eab
Tube collision check failed
Retrying to morph component
Attempt 0 of 5
Morphing component 1
Successfully generated valid skeleton for component 1
FAILED Attempt 0 of 2.0 to generate valid radius for component 1
Radius profile failed when attempting to be applied to component 1
Retrying mutate radius
Successfully generated valid radius for component 1
Failed to Morph Component 1 with parameters org.xper.allen.drawing.composition.morph.ComponentMorphParameters@7b139eab
Tube collision check failed
Retrying to morph component
Attempt 1 of 5
Morphing component 1
Successfully generated valid skeleton for component 1
Successfully generated valid radius for component 1
Failed to Morph Component 1 with parameters org.xper.allen.drawing.composition.morph.ComponentMorphParameters@7b139eab
Tube collision check failed
Retrying to morph component
Attempt 2 of 5
Morphing component 1
Successfully generated valid skeleton for component 1
Successfully generated valid radius for component 1
Successfully morphed component 1
Morphing component 2
past the nowUndx check
past the nowCompIndex check
comp label success: 1
FAILED Attempt 0 of 5 to generate valid skeleton for component 2
Skeleton Collision Check Failed
Retrying to generate valid morphed arc
past the nowUndx check
past the nowCompIndex check
comp label success: 3
Successfully generated valid skeleton for component 2
Successfully generated valid radius for component 2
Successfully morphed component 2
Morphing component 3
Successfully generated valid skeleton for component 3
Successfully generated valid radius for component 3
Successfully morphed component 3
The two tube are not contacting.....fail
FAIL AT OBJECT MERGE
Failed to morph matchstick.
Failed to smoothize the matchstick!
Retrying to morph matchstick...
Preserving components: 0 out of 3
Morphing component 1
Successfully generated valid skeleton for component 1
Successfully generated valid radius for component 1
Successfully morphed component 1
Morphing component 2
past the nowUndx check
past the nowCompIndex check
comp label success: 3
Successfully generated valid skeleton for component 2
Successfully generated valid radius for component 2
Successfully morphed component 2
Morphing component 3
Successfully generated valid skeleton for component 3
Successfully generated valid radius for component 3
Successfully morphed component 3
creating and saving PNG...
creating and saving PNG...
Preserving components: 0 out of 3
Morphing component 1
Successfully generated valid skeleton for component 1
Successfully generated valid radius for component 1
Failed to Morph Component 1 with parameters org.xper.allen.drawing.composition.morph.ComponentMorphParameters@30ed9c6c
Tube collision check failed
Retrying to morph component
Attempt 0 of 5
Morphing component 1
FAILED Attempt 0 of 5 to generate valid skeleton for component 1
Skeleton Collision Check Failed
Retrying to generate valid morphed arc
FAILED Attempt 1 of 5 to generate valid skeleton for component 1
Skeleton Collision Check Failed
Retrying to generate valid morphed arc
FAILED Attempt 2 of 5 to generate valid skeleton for component 1
Skeleton Collision Check Failed
Retrying to generate valid morphed arc
FAILED Attempt 3 of 5 to generate valid skeleton for component 1
Skeleton Collision Check Failed
Retrying to generate valid morphed arc
FAILED Attempt 4 of 5 to generate valid skeleton for component 1
Skeleton Collision Check Failed
Retrying to generate valid morphed arc
Failed to Morph Component 1 with parameters org.xper.allen.drawing.composition.morph.ComponentMorphParameters@30ed9c6c
Failed to generate valid skeleton for using a morphed component 1 after 5 attempts.
Retrying to morph component
Attempt 1 of 5
Morphing component 1
FAILED Attempt 0 of 5 to generate valid skeleton for component 1
Skeleton Collision Check Failed
Retrying to generate valid morphed arc
FAILED Attempt 1 of 5 to generate valid skeleton for component 1
Skeleton Collision Check Failed
Retrying to generate valid morphed arc
FAILED Attempt 2 of 5 to generate valid skeleton for component 1
Skeleton Collision Check Failed
Retrying to generate valid morphed arc
FAILED Attempt 3 of 5 to generate valid skeleton for component 1
Skeleton Collision Check Failed
Retrying to generate valid morphed arc
FAILED Attempt 4 of 5 to generate valid skeleton for component 1
Skeleton Collision Check Failed
Retrying to generate valid morphed arc
Failed to Morph Component 1 with parameters org.xper.allen.drawing.composition.morph.ComponentMorphParameters@30ed9c6c
Failed to generate valid skeleton for using a morphed component 1 after 5 attempts.
Retrying to morph component
Attempt 2 of 5
Morphing component 1
Successfully generated valid skeleton for component 1
Successfully generated valid radius for component 1
Failed to Morph Component 1 with parameters org.xper.allen.drawing.composition.morph.ComponentMorphParameters@30ed9c6c
Tube collision check failed
Retrying to morph component
Attempt 3 of 5
Morphing component 1
Successfully generated valid skeleton for component 1
Successfully generated valid radius for component 1
Failed to Morph Component 1 with parameters org.xper.allen.drawing.composition.morph.ComponentMorphParameters@30ed9c6c
Tube collision check failed
Retrying to morph component
Attempt 4 of 5
Failed to morph matchstick.
Did not successfully morph component 1 after 5 attempts.
Retrying to morph matchstick...
Preserving components: 0 out of 3
Morphing component 1
Successfully generated valid skeleton for component 1
Successfully generated valid radius for component 1
Successfully morphed component 1
Morphing component 2
Successfully generated valid skeleton for component 2
Successfully generated valid radius for component 2
Successfully morphed component 2
Morphing component 3
Successfully generated valid skeleton for component 3
Successfully generated valid radius for component 3
Successfully morphed component 3
creating and saving PNG...
creating and saving PNG...
Preserving components: 1 out of 3
Morphing component 1
FAILED Attempt 0 of 5 to generate valid skeleton for component 1
Skeleton Collision Check Failed
Retrying to generate valid morphed arc
FAILED Attempt 1 of 5 to generate valid skeleton for component 1
Skeleton Collision Check Failed
Retrying to generate valid morphed arc
FAILED Attempt 2 of 5 to generate valid skeleton for component 1
Skeleton Collision Check Failed
Retrying to generate valid morphed arc
FAILED Attempt 3 of 5 to generate valid skeleton for component 1
Skeleton Collision Check Failed
Retrying to generate valid morphed arc
FAILED Attempt 4 of 5 to generate valid skeleton for component 1
Skeleton Collision Check Failed
Retrying to generate valid morphed arc
Failed to Morph Component 1 with parameters org.xper.allen.drawing.composition.morph.ComponentMorphParameters@120f38e6
Failed to generate valid skeleton for using a morphed component 1 after 5 attempts.
Retrying to morph component
Attempt 0 of 5
Morphing component 1
FAILED Attempt 0 of 5 to generate valid skeleton for component 1
Skeleton Collision Check Failed
Retrying to generate valid morphed arc
FAILED Attempt 1 of 5 to generate valid skeleton for component 1
Skeleton Collision Check Failed
Retrying to generate valid morphed arc
FAILED Attempt 2 of 5 to generate valid skeleton for component 1
Skeleton Collision Check Failed
Retrying to generate valid morphed arc
FAILED Attempt 3 of 5 to generate valid skeleton for component 1
Skeleton Collision Check Failed
Retrying to generate valid morphed arc
FAILED Attempt 4 of 5 to generate valid skeleton for component 1
Skeleton Collision Check Failed
Retrying to generate valid morphed arc
Failed to Morph Component 1 with parameters org.xper.allen.drawing.composition.morph.ComponentMorphParameters@120f38e6
Failed to generate valid skeleton for using a morphed component 1 after 5 attempts.
Retrying to morph component
Attempt 1 of 5
Morphing component 1
FAILED Attempt 0 of 5 to generate valid skeleton for component 1
Skeleton Collision Check Failed
Retrying to generate valid morphed arc
Successfully generated valid skeleton for component 1
FAILED Attempt 0 of 2.0 to generate valid radius for component 1
Radius profile failed when attempting to be applied to component 1
Retrying mutate radius
FAILED Attempt 1 of 2.0 to generate valid radius for component 1
Radius profile failed when attempting to be applied to component 1
Retrying mutate radius
Failed to Morph Component 1 with parameters org.xper.allen.drawing.composition.morph.ComponentMorphParameters@120f38e6
Failed to generate valid radius for using a morphed component 1 after 10 attempts.
Retrying to morph component
Attempt 2 of 5
Morphing component 1
FAILED Attempt 0 of 5 to generate valid skeleton for component 1
Skeleton Collision Check Failed
Retrying to generate valid morphed arc
FAILED Attempt 1 of 5 to generate valid skeleton for component 1
Skeleton Collision Check Failed
Retrying to generate valid morphed arc
FAILED Attempt 2 of 5 to generate valid skeleton for component 1
Skeleton Collision Check Failed
Retrying to generate valid morphed arc
FAILED Attempt 3 of 5 to generate valid skeleton for component 1
Skeleton Collision Check Failed
Retrying to generate valid morphed arc
FAILED Attempt 4 of 5 to generate valid skeleton for component 1
Skeleton Collision Check Failed
Retrying to generate valid morphed arc
Failed to Morph Component 1 with parameters org.xper.allen.drawing.composition.morph.ComponentMorphParameters@120f38e6
Failed to generate valid skeleton for using a morphed component 1 after 5 attempts.
Retrying to morph component
Attempt 3 of 5
Morphing component 1
Successfully generated valid skeleton for component 1
Successfully generated valid radius for component 1
Successfully morphed component 1
Morphing component 2
FAILED Attempt 0 of 5 to generate valid skeleton for component 2
Skeleton Collision Check Failed
Retrying to generate valid morphed arc
FAILED Attempt 1 of 5 to generate valid skeleton for component 2
Skeleton Collision Check Failed
Retrying to generate valid morphed arc
FAILED Attempt 2 of 5 to generate valid skeleton for component 2
Skeleton Collision Check Failed
Retrying to generate valid morphed arc
FAILED Attempt 3 of 5 to generate valid skeleton for component 2
Skeleton Collision Check Failed
Retrying to generate valid morphed arc
FAILED Attempt 4 of 5 to generate valid skeleton for component 2
Skeleton Collision Check Failed
Retrying to generate valid morphed arc
Failed to Morph Component 2 with parameters org.xper.allen.drawing.composition.morph.ComponentMorphParameters@7a0e1b5e
Failed to generate valid skeleton for using a morphed component 2 after 5 attempts.
Retrying to morph component
Attempt 0 of 5
Morphing component 2
FAILED Attempt 0 of 5 to generate valid skeleton for component 2
Skeleton Collision Check Failed
Retrying to generate valid morphed arc
FAILED Attempt 1 of 5 to generate valid skeleton for component 2
Skeleton Collision Check Failed
Retrying to generate valid morphed arc
FAILED Attempt 2 of 5 to generate valid skeleton for component 2
Skeleton Collision Check Failed
Retrying to generate valid morphed arc
FAILED Attempt 3 of 5 to generate valid skeleton for component 2
Skeleton Collision Check Failed
Retrying to generate valid morphed arc
FAILED Attempt 4 of 5 to generate valid skeleton for component 2
Skeleton Collision Check Failed
Retrying to generate valid morphed arc
Failed to Morph Component 2 with parameters org.xper.allen.drawing.composition.morph.ComponentMorphParameters@7a0e1b5e
Failed to generate valid skeleton for using a morphed component 2 after 5 attempts.
Retrying to morph component
Attempt 1 of 5
Morphing component 2
FAILED Attempt 0 of 5 to generate valid skeleton for component 2
Skeleton Collision Check Failed
Retrying to generate valid morphed arc
FAILED Attempt 1 of 5 to generate valid skeleton for component 2
Skeleton Collision Check Failed
Retrying to generate valid morphed arc
FAILED Attempt 2 of 5 to generate valid skeleton for component 2
Skeleton Collision Check Failed
Retrying to generate valid morphed arc
FAILED Attempt 3 of 5 to generate valid skeleton for component 2
Skeleton Collision Check Failed
Retrying to generate valid morphed arc
FAILED Attempt 4 of 5 to generate valid skeleton for component 2
Skeleton Collision Check Failed
Retrying to generate valid morphed arc
Failed to Morph Component 2 with parameters org.xper.allen.drawing.composition.morph.ComponentMorphParameters@7a0e1b5e
Failed to generate valid skeleton for using a morphed component 2 after 5 attempts.
Retrying to morph component
Attempt 2 of 5
Morphing component 2
Successfully generated valid skeleton for component 2
Successfully generated valid radius for component 2
Failed to Morph Component 2 with parameters org.xper.allen.drawing.composition.morph.ComponentMorphParameters@7a0e1b5e
Tube collision check failed
Retrying to morph component
Attempt 3 of 5
Morphing component 2
FAILED Attempt 0 of 5 to generate valid skeleton for component 2
Skeleton Collision Check Failed
Retrying to generate valid morphed arc
Successfully generated valid skeleton for component 2
FAILED Attempt 0 of 2.0 to generate valid radius for component 2
Radius profile failed when attempting to be applied to component 2
Retrying mutate radius
FAILED Attempt 1 of 2.0 to generate valid radius for component 2
Radius profile failed when attempting to be applied to component 2
Retrying mutate radius
Failed to Morph Component 2 with parameters org.xper.allen.drawing.composition.morph.ComponentMorphParameters@7a0e1b5e
Failed to generate valid radius for using a morphed component 2 after 10 attempts.
Retrying to morph component
Attempt 4 of 5
Failed to morph matchstick.
Did not successfully morph component 2 after 5 attempts.
Retrying to morph matchstick...
Preserving components: 1 out of 3
Morphing component 1
FAILED Attempt 0 of 5 to generate valid skeleton for component 1
Skeleton Collision Check Failed
Retrying to generate valid morphed arc
FAILED Attempt 1 of 5 to generate valid skeleton for component 1
Skeleton Collision Check Failed
Retrying to generate valid morphed arc
FAILED Attempt 2 of 5 to generate valid skeleton for component 1
Skeleton Collision Check Failed
Retrying to generate valid morphed arc
FAILED Attempt 3 of 5 to generate valid skeleton for component 1
Skeleton Collision Check Failed
Retrying to generate valid morphed arc
FAILED Attempt 4 of 5 to generate valid skeleton for component 1
Skeleton Collision Check Failed
Retrying to generate valid morphed arc
Failed to Morph Component 1 with parameters org.xper.allen.drawing.composition.morph.ComponentMorphParameters@120f38e6
Failed to generate valid skeleton for using a morphed component 1 after 5 attempts.
Retrying to morph component
Attempt 0 of 5
Morphing component 1
FAILED Attempt 0 of 5 to generate valid skeleton for component 1
Skeleton Collision Check Failed
Retrying to generate valid morphed arc
FAILED Attempt 1 of 5 to generate valid skeleton for component 1
Skeleton Collision Check Failed
Retrying to generate valid morphed arc
FAILED Attempt 2 of 5 to generate valid skeleton for component 1
Skeleton Collision Check Failed
Retrying to generate valid morphed arc
FAILED Attempt 3 of 5 to generate valid skeleton for component 1
Skeleton Collision Check Failed
Retrying to generate valid morphed arc
Successfully generated valid skeleton for component 1
Successfully generated valid radius for component 1
Successfully morphed component 1
Morphing component 2
FAILED Attempt 0 of 5 to generate valid skeleton for component 2
Skeleton Collision Check Failed
Retrying to generate valid morphed arc
FAILED Attempt 1 of 5 to generate valid skeleton for component 2
Skeleton Collision Check Failed
Retrying to generate valid morphed arc
Successfully generated valid skeleton for component 2
Successfully generated valid radius for component 2
Failed to Morph Component 2 with parameters org.xper.allen.drawing.composition.morph.ComponentMorphParameters@7a0e1b5e
Tube collision check failed
Retrying to morph component
Attempt 0 of 5
Morphing component 2
Successfully generated valid skeleton for component 2
Successfully generated valid radius for component 2
Successfully morphed component 2
 In radius assign, ERROR: rMax < rMin
creating and saving PNG...
Preserving components: 1 out of 3
Morphing component 2
FAILED Attempt 0 of 5 to generate valid skeleton for component 2
Skeleton Collision Check Failed
Retrying to generate valid morphed arc
Successfully generated valid skeleton for component 2
Successfully generated valid radius for component 2
Successfully morphed component 2
Morphing component 3
FAILED Attempt 0 of 5 to generate valid skeleton for component 3
Skeleton Collision Check Failed
Retrying to generate valid morphed arc
Successfully generated valid skeleton for component 3
FAILED Attempt 0 of 2.0 to generate valid radius for component 3
Radius profile failed when attempting to be applied to component 3
Retrying mutate radius
FAILED Attempt 1 of 2.0 to generate valid radius for component 3
Radius profile failed when attempting to be applied to component 3
Retrying mutate radius
Failed to Morph Component 3 with parameters org.xper.allen.drawing.composition.morph.ComponentMorphParameters@1c807b1d
Failed to generate valid radius for using a morphed component 3 after 10 attempts.
Retrying to morph component
Attempt 0 of 5
Morphing component 3
FAILED Attempt 0 of 5 to generate valid skeleton for component 3
Skeleton Collision Check Failed
Retrying to generate valid morphed arc
FAILED Attempt 1 of 5 to generate valid skeleton for component 3
Skeleton Collision Check Failed
Retrying to generate valid morphed arc
FAILED Attempt 2 of 5 to generate valid skeleton for component 3
Skeleton Collision Check Failed
Retrying to generate valid morphed arc
FAILED Attempt 3 of 5 to generate valid skeleton for component 3
Skeleton Collision Check Failed
Retrying to generate valid morphed arc
FAILED Attempt 4 of 5 to generate valid skeleton for component 3
Skeleton Collision Check Failed
Retrying to generate valid morphed arc
Failed to Morph Component 3 with parameters org.xper.allen.drawing.composition.morph.ComponentMorphParameters@1c807b1d
Failed to generate valid skeleton for using a morphed component 3 after 5 attempts.
Retrying to morph component
Attempt 1 of 5
Morphing component 3
FAILED Attempt 0 of 5 to generate valid skeleton for component 3
Skeleton Collision Check Failed
Retrying to generate valid morphed arc
Successfully generated valid skeleton for component 3
FAILED Attempt 0 of 2.0 to generate valid radius for component 3
Radius profile failed when attempting to be applied to component 3
Retrying mutate radius
FAILED Attempt 1 of 2.0 to generate valid radius for component 3
Radius profile failed when attempting to be applied to component 3
Retrying mutate radius
Failed to Morph Component 3 with parameters org.xper.allen.drawing.composition.morph.ComponentMorphParameters@1c807b1d
Failed to generate valid radius for using a morphed component 3 after 10 attempts.
Retrying to morph component
Attempt 2 of 5
Morphing component 3
FAILED Attempt 0 of 5 to generate valid skeleton for component 3
Skeleton Collision Check Failed
Retrying to generate valid morphed arc
Successfully generated valid skeleton for component 3
Successfully generated valid radius for component 3
Successfully morphed component 3
creating and saving PNG...
creating and saving PNG...
Done Generating...
