Mon Aug 28 16:20:46 EDT 2023 WARN: Establishing SSL connection without server's identity verification is not recommended. According to MySQL 5.5.45+, 5.6.26+ and 5.7.6+ requirements SSL connection must be established by default if explicit option isn't set. For compliance with existing applications not using SSL the verifyServerCertificate property is set to 'false'. You need either to explicitly disable SSL by setting useSSL=false, or set useSSL=true and provide truststore for server certificate verification.
Mon Aug 28 16:20:47 EDT 2023 WARN: Establishing SSL connection without server's identity verification is not recommended. According to MySQL 5.5.45+, 5.6.26+ and 5.7.6+ requirements SSL connection must be established by default if explicit option isn't set. For compliance with existing applications not using SSL the verifyServerCertificate property is set to 'false'. You need either to explicitly disable SSL by setting useSSL=false, or set useSSL=true and provide truststore for server certificate verification.
Mon Aug 28 16:20:47 EDT 2023 WARN: Establishing SSL connection without server's identity verification is not recommended. According to MySQL 5.5.45+, 5.6.26+ and 5.7.6+ requirements SSL connection must be established by default if explicit option isn't set. For compliance with existing applications not using SSL the verifyServerCertificate property is set to 'false'. You need either to explicitly disable SSL by setting useSSL=false, or set useSSL=true and provide truststore for server certificate verification.
Mon Aug 28 16:20:47 EDT 2023 WARN: Establishing SSL connection without server's identity verification is not recommended. According to MySQL 5.5.45+, 5.6.26+ and 5.7.6+ requirements SSL connection must be established by default if explicit option isn't set. For compliance with existing applications not using SSL the verifyServerCertificate property is set to 'false'. You need either to explicitly disable SSL by setting useSSL=false, or set useSSL=true and provide truststore for server certificate verification.
StimId: 1693254045567050 StimType: REGIME_ZERO Magnitude: 0.0
StimId: 1693254045568127 StimType: REGIME_ZERO Magnitude: 0.0
StimId: 1693254045569306 StimType: REGIME_ZERO Magnitude: 0.0
StimId: 1693254045570476 StimType: REGIME_ZERO Magnitude: 0.0
StimId: 1693254045571644 StimType: REGIME_ZERO Magnitude: 0.0
StimId: 1693254045572831 StimType: REGIME_TWO Magnitude: 0.0
StimId: 1693254045574000 StimType: REGIME_TWO Magnitude: 0.0
StimId: 1693254045575168 StimType: REGIME_TWO Magnitude: 0.0
StimId: 1693254045576336 StimType: REGIME_TWO Magnitude: 0.0
StimId: 1693254045577503 StimType: REGIME_TWO Magnitude: 0.0
StimId: 1693254045579018 StimType: REGIME_ONE Magnitude: 0.16667
StimId: 1693254045580217 StimType: REGIME_ONE Magnitude: 0.2
StimId: 1693254045581364 StimType: REGIME_ONE Magnitude: 0.2
StimId: 1693254045582528 StimType: REGIME_ONE Magnitude: 0.23333
StimId: 1693254045583695 StimType: REGIME_ONE Magnitude: 0.2
StimId: 1693254045585094 StimType: REGIME_ONE Magnitude: 0.34
StimId: 1693254045586310 StimType: REGIME_ONE Magnitude: 0.5
StimId: 1693254045587544 StimType: REGIME_ONE Magnitude: 0.1
StimId: 1693254045588786 StimType: REGIME_ONE Magnitude: 0.26
StimId: 1693254045590022 StimType: REGIME_ONE Magnitude: 0.26
Number of stims to generate: 20
Preserving components: 0 out of 3
Morphing component 1
Successfully generated valid skeleton for component 1
Successfully generated valid radius for component 1
Successfully morphed component 1
Morphing component 2
past the nowUndx check
past the nowCompIndex check
comp label success: 3
Successfully generated valid skeleton for component 2
Successfully generated valid radius for component 2
Successfully morphed component 2
Morphing component 3
Successfully generated valid skeleton for component 3
Successfully generated valid radius for component 3
Successfully morphed component 3
creating and saving PNG...
creating and saving PNG...
Preserving components: 0 out of 3
Morphing component 1
Successfully generated valid skeleton for component 1
Successfully generated valid radius for component 1
Successfully morphed component 1
Morphing component 2
Successfully generated valid skeleton for component 2
Successfully generated valid radius for component 2
Successfully morphed component 2
Morphing component 3
Successfully generated valid skeleton for component 3
Successfully generated valid radius for component 3
Successfully morphed component 3
creating and saving PNG...
Preserving components: 0 out of 3
Morphing component 1
Successfully generated valid skeleton for component 1
Successfully generated valid radius for component 1
Failed to Morph Component 1 with parameters org.xper.allen.drawing.composition.morph.ComponentMorphParameters@1339e7aa
Tube collision check failed
Retrying to morph component
Attempt 0 of 5
Morphing component 1
Successfully generated valid skeleton for component 1
Successfully generated valid radius for component 1
Failed to Morph Component 1 with parameters org.xper.allen.drawing.composition.morph.ComponentMorphParameters@1339e7aa
Tube collision check failed
Retrying to morph component
Attempt 1 of 5
Morphing component 1
Successfully generated valid skeleton for component 1
Successfully generated valid radius for component 1
Successfully morphed component 1
Morphing component 2
Successfully generated valid skeleton for component 2
FAILED Attempt 0 of 2.0 to generate valid radius for component 2
Radius profile failed when attempting to be applied to component 2
Retrying mutate radius
Successfully generated valid radius for component 2
Failed to Morph Component 2 with parameters org.xper.allen.drawing.composition.morph.ComponentMorphParameters@1fb669c3
Tube collision check failed
Retrying to morph component
Attempt 0 of 5
Morphing component 2
Successfully generated valid skeleton for component 2
FAILED Attempt 0 of 2.0 to generate valid radius for component 2
Radius profile failed when attempting to be applied to component 2
Retrying mutate radius
FAILED Attempt 1 of 2.0 to generate valid radius for component 2
Radius profile failed when attempting to be applied to component 2
Retrying mutate radius
Failed to Morph Component 2 with parameters org.xper.allen.drawing.composition.morph.ComponentMorphParameters@1fb669c3
Failed to generate valid radius for using a morphed component 2 after 10 attempts.
Retrying to morph component
Attempt 1 of 5
Morphing component 2
FAILED Attempt 0 of 5 to generate valid skeleton for component 2
Skeleton Collision Check Failed
Retrying to generate valid morphed arc
Successfully generated valid skeleton for component 2
Successfully generated valid radius for component 2
Successfully morphed component 2
Morphing component 3
Successfully generated valid skeleton for component 3
Successfully generated valid radius for component 3
Successfully morphed component 3
creating and saving PNG...
creating and saving PNG...
Preserving components: 1 out of 3
Morphing component 2
FAILED Attempt 0 of 5 to generate valid skeleton for component 2
Skeleton Collision Check Failed
Retrying to generate valid morphed arc
Successfully generated valid skeleton for component 2
Successfully generated valid radius for component 2
Failed to Morph Component 2 with parameters org.xper.allen.drawing.composition.morph.ComponentMorphParameters@7776ab
Tube collision check failed
Retrying to morph component
Attempt 0 of 5
Morphing component 2
FAILED Attempt 0 of 5 to generate valid skeleton for component 2
Skeleton Collision Check Failed
Retrying to generate valid morphed arc
Successfully generated valid skeleton for component 2
Successfully generated valid radius for component 2
Successfully morphed component 2
Morphing component 3
FAILED Attempt 0 of 5 to generate valid skeleton for component 3
Skeleton Collision Check Failed
Retrying to generate valid morphed arc
Successfully generated valid skeleton for component 3
Successfully generated valid radius for component 3
Successfully morphed component 3
creating and saving PNG...
Preserving components: 0 out of 3
Morphing component 1
Successfully generated valid skeleton for component 1
Successfully generated valid radius for component 1
Successfully morphed component 1
Morphing component 2
past the nowUndx check
past the nowCompIndex check
comp label success: 3
Successfully generated valid skeleton for component 2
Successfully generated valid radius for component 2
Successfully morphed component 2
Morphing component 3
FAILED Attempt 0 of 5 to generate valid skeleton for component 3
Skeleton Collision Check Failed
Retrying to generate valid morphed arc
FAILED Attempt 1 of 5 to generate valid skeleton for component 3
Skeleton Collision Check Failed
Retrying to generate valid morphed arc
Successfully generated valid skeleton for component 3
Successfully generated valid radius for component 3
Failed to Morph Component 3 with parameters org.xper.allen.drawing.composition.morph.ComponentMorphParameters@76012793
Tube collision check failed
Retrying to morph component
Attempt 0 of 5
Morphing component 3
FAILED Attempt 0 of 5 to generate valid skeleton for component 3
Skeleton Collision Check Failed
Retrying to generate valid morphed arc
Successfully generated valid skeleton for component 3
Successfully generated valid radius for component 3
Failed to Morph Component 3 with parameters org.xper.allen.drawing.composition.morph.ComponentMorphParameters@76012793
Tube collision check failed
Retrying to morph component
Attempt 1 of 5
Morphing component 3
Successfully generated valid skeleton for component 3
Successfully generated valid radius for component 3
Successfully morphed component 3
creating and saving PNG...
Preserving components: 0 out of 3
Morphing component 1
Successfully generated valid skeleton for component 1
Successfully generated valid radius for component 1
Failed to Morph Component 1 with parameters org.xper.allen.drawing.composition.morph.ComponentMorphParameters@41dd05a
Tube collision check failed
Retrying to morph component
Attempt 0 of 5
Morphing component 1
Successfully generated valid skeleton for component 1
Successfully generated valid radius for component 1
Successfully morphed component 1
Morphing component 2
FAILED Attempt 0 of 5 to generate valid skeleton for component 2
Skeleton Collision Check Failed
Retrying to generate valid morphed arc
Successfully generated valid skeleton for component 2
Successfully generated valid radius for component 2
Successfully morphed component 2
Morphing component 3
Successfully generated valid skeleton for component 3
Successfully generated valid radius for component 3
Successfully morphed component 3
creating and saving PNG...
creating and saving PNG...
Preserving components: 0 out of 3
Morphing component 1
Successfully generated valid skeleton for component 1
Successfully generated valid radius for component 1
Successfully morphed component 1
Morphing component 2
past the nowUndx check
past the nowCompIndex check
comp label success: 1
Successfully generated valid skeleton for component 2
Successfully generated valid radius for component 2
Successfully morphed component 2
Morphing component 3
Successfully generated valid skeleton for component 3
Successfully generated valid radius for component 3
Successfully morphed component 3
creating and saving PNG...
creating and saving PNG...
Preserving components: 1 out of 3
Morphing component 1
FAILED Attempt 0 of 5 to generate valid skeleton for component 1
Skeleton Collision Check Failed
Retrying to generate valid morphed arc
Successfully generated valid skeleton for component 1
Successfully generated valid radius for component 1
Successfully morphed component 1
Morphing component 3
FAILED Attempt 0 of 5 to generate valid skeleton for component 3
Skeleton Collision Check Failed
Retrying to generate valid morphed arc
Successfully generated valid skeleton for component 3
FAILED Attempt 0 of 2.0 to generate valid radius for component 3
Radius profile failed when attempting to be applied to component 3
Retrying mutate radius
FAILED Attempt 1 of 2.0 to generate valid radius for component 3
Radius profile failed when attempting to be applied to component 3
Retrying mutate radius
Failed to Morph Component 3 with parameters org.xper.allen.drawing.composition.morph.ComponentMorphParameters@4cc6fa2a
Failed to generate valid radius for using a morphed component 3 after 10 attempts.
Retrying to morph component
Attempt 0 of 5
Morphing component 3
Successfully generated valid skeleton for component 3
Successfully generated valid radius for component 3
Failed to Morph Component 3 with parameters org.xper.allen.drawing.composition.morph.ComponentMorphParameters@4cc6fa2a
Tube collision check failed
Retrying to morph component
Attempt 1 of 5
Morphing component 3
Successfully generated valid skeleton for component 3
FAILED Attempt 0 of 2.0 to generate valid radius for component 3
Radius profile failed when attempting to be applied to component 3
Retrying mutate radius
Successfully generated valid radius for component 3
Successfully morphed component 3
creating and saving PNG...
Preserving components: 0 out of 3
Morphing component 1
FAILED Attempt 0 of 5 to generate valid skeleton for component 1
Skeleton Collision Check Failed
Retrying to generate valid morphed arc
FAILED Attempt 1 of 5 to generate valid skeleton for component 1
Skeleton Collision Check Failed
Retrying to generate valid morphed arc
FAILED Attempt 2 of 5 to generate valid skeleton for component 1
Skeleton Collision Check Failed
Retrying to generate valid morphed arc
FAILED Attempt 3 of 5 to generate valid skeleton for component 1
Skeleton Collision Check Failed
Retrying to generate valid morphed arc
Successfully generated valid skeleton for component 1
Successfully generated valid radius for component 1
Failed to Morph Component 1 with parameters org.xper.allen.drawing.composition.morph.ComponentMorphParameters@2611b9a3
Tube collision check failed
Retrying to morph component
Attempt 0 of 5
Morphing component 1
Successfully generated valid skeleton for component 1
FAILED Attempt 0 of 2.0 to generate valid radius for component 1
Radius profile failed when attempting to be applied to component 1
Retrying mutate radius
FAILED Attempt 1 of 2.0 to generate valid radius for component 1
Radius profile failed when attempting to be applied to component 1
Retrying mutate radius
Failed to Morph Component 1 with parameters org.xper.allen.drawing.composition.morph.ComponentMorphParameters@2611b9a3
Failed to generate valid radius for using a morphed component 1 after 10 attempts.
Retrying to morph component
Attempt 1 of 5
Morphing component 1
Successfully generated valid skeleton for component 1
FAILED Attempt 0 of 2.0 to generate valid radius for component 1
Radius profile failed when attempting to be applied to component 1
Retrying mutate radius
FAILED Attempt 1 of 2.0 to generate valid radius for component 1
Radius profile failed when attempting to be applied to component 1
Retrying mutate radius
Failed to Morph Component 1 with parameters org.xper.allen.drawing.composition.morph.ComponentMorphParameters@2611b9a3
Failed to generate valid radius for using a morphed component 1 after 10 attempts.
Retrying to morph component
Attempt 2 of 5
Morphing component 1
Successfully generated valid skeleton for component 1
FAILED Attempt 0 of 2.0 to generate valid radius for component 1
Radius profile failed when attempting to be applied to component 1
Retrying mutate radius
FAILED Attempt 1 of 2.0 to generate valid radius for component 1
Radius profile failed when attempting to be applied to component 1
Retrying mutate radius
Failed to Morph Component 1 with parameters org.xper.allen.drawing.composition.morph.ComponentMorphParameters@2611b9a3
Failed to generate valid radius for using a morphed component 1 after 10 attempts.
Retrying to morph component
Attempt 3 of 5
Morphing component 1
Successfully generated valid skeleton for component 1
FAILED Attempt 0 of 2.0 to generate valid radius for component 1
Radius profile failed when attempting to be applied to component 1
Retrying mutate radius
FAILED Attempt 1 of 2.0 to generate valid radius for component 1
Radius profile failed when attempting to be applied to component 1
Retrying mutate radius
Failed to Morph Component 1 with parameters org.xper.allen.drawing.composition.morph.ComponentMorphParameters@2611b9a3
Failed to generate valid radius for using a morphed component 1 after 10 attempts.
Retrying to morph component
Attempt 4 of 5
Failed to morph matchstick.
Did not successfully morph component 1 after 5 attempts.
Retrying to morph matchstick...
Preserving components: 0 out of 3
Morphing component 1
Successfully generated valid skeleton for component 1
Successfully generated valid radius for component 1
Failed to Morph Component 1 with parameters org.xper.allen.drawing.composition.morph.ComponentMorphParameters@2611b9a3
Tube collision check failed
Retrying to morph component
Attempt 0 of 5
Morphing component 1
Successfully generated valid skeleton for component 1
Successfully generated valid radius for component 1
Successfully morphed component 1
Morphing component 2
past the nowUndx check
past the nowCompIndex check
comp label success: 3
Successfully generated valid skeleton for component 2
Successfully generated valid radius for component 2
Successfully morphed component 2
Morphing component 3
Successfully generated valid skeleton for component 3
Successfully generated valid radius for component 3
Successfully morphed component 3
FAIL AT OBJECT MERGE
Failed to morph matchstick.
Failed to smoothize the matchstick!
Retrying to morph matchstick...
Preserving components: 0 out of 3
Morphing component 1
Successfully generated valid skeleton for component 1
Successfully generated valid radius for component 1
Successfully morphed component 1
Morphing component 2
past the nowUndx check
past the nowCompIndex check
comp label success: 1
FAILED Attempt 0 of 5 to generate valid skeleton for component 2
Skeleton Collision Check Failed
Retrying to generate valid morphed arc
past the nowUndx check
past the nowCompIndex check
comp label success: 3
Successfully generated valid skeleton for component 2
Successfully generated valid radius for component 2
Successfully morphed component 2
Morphing component 3
Successfully generated valid skeleton for component 3
Successfully generated valid radius for component 3
Successfully morphed component 3
 In radius assign, ERROR: rMax < rMin
 In radius assign, ERROR: rMax < rMin
 In radius assign, ERROR: rMax < rMin
 In radius assign, ERROR: rMax < rMin
 In radius assign, ERROR: rMax < rMin
 In radius assign, ERROR: rMax < rMin
 In radius assign, ERROR: rMax < rMin
 In radius assign, ERROR: rMax < rMin
 In radius assign, ERROR: rMax < rMin
 In radius assign, ERROR: rMax < rMin
 In radius assign, ERROR: rMax < rMin
 In radius assign, ERROR: rMax < rMin
 In radius assign, ERROR: rMax < rMin
 In radius assign, ERROR: rMax < rMin
 In radius assign, ERROR: rMax < rMin
 In radius assign, ERROR: rMax < rMin
 In radius assign, ERROR: rMax < rMin
 In radius assign, ERROR: rMax < rMin
 In radius assign, ERROR: rMax < rMin
 In radius assign, ERROR: rMax < rMin
 In radius assign, ERROR: rMax < rMin
 In radius assign, ERROR: rMax < rMin
 In radius assign, ERROR: rMax < rMin
 In radius assign, ERROR: rMax < rMin
 In radius assign, ERROR: rMax < rMin
 In radius assign, ERROR: rMax < rMin
 In radius assign, ERROR: rMax < rMin
 In radius assign, ERROR: rMax < rMin
 In radius assign, ERROR: rMax < rMin
 In radius assign, ERROR: rMax < rMin
 In radius assign, ERROR: rMax < rMin
The two tube are not contacting.....fail
FAIL AT OBJECT MERGE
Failed to morph matchstick.
Failed to smoothize the matchstick!
Retrying to morph matchstick...
Preserving components: 0 out of 3
Morphing component 1
Successfully generated valid skeleton for component 1
Successfully generated valid radius for component 1
Successfully morphed component 1
Morphing component 2
past the nowUndx check
past the nowCompIndex check
comp label success: 1
FAILED Attempt 0 of 5 to generate valid skeleton for component 2
Skeleton Collision Check Failed
Retrying to generate valid morphed arc
past the nowUndx check
past the nowCompIndex check
comp label success: 1
FAILED Attempt 1 of 5 to generate valid skeleton for component 2
Skeleton Collision Check Failed
Retrying to generate valid morphed arc
past the nowUndx check
past the nowCompIndex check
comp label success: 3
Successfully generated valid skeleton for component 2
Successfully generated valid radius for component 2
Successfully morphed component 2
Morphing component 3
FAILED Attempt 0 of 5 to generate valid skeleton for component 3
Skeleton Collision Check Failed
Retrying to generate valid morphed arc
Successfully generated valid skeleton for component 3
Successfully generated valid radius for component 3
Successfully morphed component 3
The two tube are not contacting.....fail
FAIL AT OBJECT MERGE
Failed to morph matchstick.
Failed to smoothize the matchstick!
Retrying to morph matchstick...
Preserving components: 0 out of 3
Morphing component 1
Successfully generated valid skeleton for component 1
Successfully generated valid radius for component 1
Successfully morphed component 1
Morphing component 2
past the nowUndx check
past the nowCompIndex check
comp label success: 3
FAILED Attempt 0 of 5 to generate valid skeleton for component 2
Skeleton Collision Check Failed
Retrying to generate valid morphed arc
past the nowUndx check
past the nowCompIndex check
comp label success: 3
Successfully generated valid skeleton for component 2
Successfully generated valid radius for component 2
Failed to Morph Component 2 with parameters org.xper.allen.drawing.composition.morph.ComponentMorphParameters@54227100
Tube collision check failed
Retrying to morph component
Attempt 0 of 5
Morphing component 2
past the nowUndx check
past the nowCompIndex check
comp label success: 3
FAILED Attempt 0 of 5 to generate valid skeleton for component 2
Skeleton Collision Check Failed
Retrying to generate valid morphed arc
past the nowUndx check
past the nowCompIndex check
comp label success: 3
FAILED Attempt 1 of 5 to generate valid skeleton for component 2
Skeleton Collision Check Failed
Retrying to generate valid morphed arc
past the nowUndx check
past the nowCompIndex check
comp label success: 1
FAILED Attempt 2 of 5 to generate valid skeleton for component 2
Skeleton Collision Check Failed
Retrying to generate valid morphed arc
past the nowUndx check
past the nowCompIndex check
comp label success: 1
FAILED Attempt 3 of 5 to generate valid skeleton for component 2
Skeleton Collision Check Failed
Retrying to generate valid morphed arc
past the nowUndx check
past the nowCompIndex check
comp label success: 1
FAILED Attempt 4 of 5 to generate valid skeleton for component 2
Skeleton Collision Check Failed
Retrying to generate valid morphed arc
Failed to Morph Component 2 with parameters org.xper.allen.drawing.composition.morph.ComponentMorphParameters@54227100
Failed to generate valid skeleton for using a morphed component 2 after 5 attempts.
Retrying to morph component
Attempt 1 of 5
Morphing component 2
past the nowUndx check
past the nowCompIndex check
comp label success: 3
Successfully generated valid skeleton for component 2
Successfully generated valid radius for component 2
Successfully morphed component 2
Morphing component 3
Successfully generated valid skeleton for component 3
Successfully generated valid radius for component 3
Successfully morphed component 3
The two tube are not contacting.....fail
FAIL AT OBJECT MERGE
Failed to morph matchstick.
Failed to smoothize the matchstick!
Retrying to morph matchstick...
Preserving components: 0 out of 3
Morphing component 1
Successfully generated valid skeleton for component 1
Successfully generated valid radius for component 1
Successfully morphed component 1
Morphing component 2
past the nowUndx check
past the nowCompIndex check
comp label success: 1
FAILED Attempt 0 of 5 to generate valid skeleton for component 2
Skeleton Collision Check Failed
Retrying to generate valid morphed arc
past the nowUndx check
past the nowCompIndex check
comp label success: 1
FAILED Attempt 1 of 5 to generate valid skeleton for component 2
Skeleton Collision Check Failed
Retrying to generate valid morphed arc
past the nowUndx check
past the nowCompIndex check
comp label success: 1
FAILED Attempt 2 of 5 to generate valid skeleton for component 2
Skeleton Collision Check Failed
Retrying to generate valid morphed arc
past the nowUndx check
past the nowCompIndex check
comp label success: 3
Successfully generated valid skeleton for component 2
Successfully generated valid radius for component 2
Successfully morphed component 2
Morphing component 3
Successfully generated valid skeleton for component 3
FAILED Attempt 0 of 2.0 to generate valid radius for component 3
Radius profile failed when attempting to be applied to component 3
Retrying mutate radius
Successfully generated valid radius for component 3
Successfully morphed component 3
creating and saving PNG...
Preserving components: 0 out of 3
Morphing component 1
Successfully generated valid skeleton for component 1
Successfully generated valid radius for component 1
Successfully morphed component 1
Morphing component 2
past the nowUndx check
past the nowCompIndex check
comp label success: 3
Successfully generated valid skeleton for component 2
Successfully generated valid radius for component 2
Successfully morphed component 2
Morphing component 3
Successfully generated valid skeleton for component 3
Successfully generated valid radius for component 3
Successfully morphed component 3
creating and saving PNG...
Preserving components: 1 out of 3
Morphing component 2
FAILED Attempt 0 of 5 to generate valid skeleton for component 2
Skeleton Collision Check Failed
Retrying to generate valid morphed arc
Successfully generated valid skeleton for component 2
FAILED Attempt 0 of 2.0 to generate valid radius for component 2
Radius profile failed when attempting to be applied to component 2
Retrying mutate radius
FAILED Attempt 1 of 2.0 to generate valid radius for component 2
Radius profile failed when attempting to be applied to component 2
Retrying mutate radius
Failed to Morph Component 2 with parameters org.xper.allen.drawing.composition.morph.ComponentMorphParameters@5b6813df
Failed to generate valid radius for using a morphed component 2 after 10 attempts.
Retrying to morph component
Attempt 0 of 5
Morphing component 2
FAILED Attempt 0 of 5 to generate valid skeleton for component 2
Skeleton Collision Check Failed
Retrying to generate valid morphed arc
FAILED Attempt 1 of 5 to generate valid skeleton for component 2
Skeleton Collision Check Failed
Retrying to generate valid morphed arc
FAILED Attempt 2 of 5 to generate valid skeleton for component 2
Skeleton Collision Check Failed
Retrying to generate valid morphed arc
FAILED Attempt 3 of 5 to generate valid skeleton for component 2
Skeleton Collision Check Failed
Retrying to generate valid morphed arc
FAILED Attempt 4 of 5 to generate valid skeleton for component 2
Skeleton Collision Check Failed
Retrying to generate valid morphed arc
Failed to Morph Component 2 with parameters org.xper.allen.drawing.composition.morph.ComponentMorphParameters@5b6813df
Failed to generate valid skeleton for using a morphed component 2 after 5 attempts.
Retrying to morph component
Attempt 1 of 5
Morphing component 2
FAILED Attempt 0 of 5 to generate valid skeleton for component 2
Skeleton Collision Check Failed
Retrying to generate valid morphed arc
FAILED Attempt 1 of 5 to generate valid skeleton for component 2
Skeleton Collision Check Failed
Retrying to generate valid morphed arc
Successfully generated valid skeleton for component 2
Successfully generated valid radius for component 2
Failed to Morph Component 2 with parameters org.xper.allen.drawing.composition.morph.ComponentMorphParameters@5b6813df
Tube collision check failed
Retrying to morph component
Attempt 2 of 5
Morphing component 2
Successfully generated valid skeleton for component 2
FAILED Attempt 0 of 2.0 to generate valid radius for component 2
Radius profile failed when attempting to be applied to component 2
Retrying mutate radius
FAILED Attempt 1 of 2.0 to generate valid radius for component 2
Radius profile failed when attempting to be applied to component 2
Retrying mutate radius
Failed to Morph Component 2 with parameters org.xper.allen.drawing.composition.morph.ComponentMorphParameters@5b6813df
Failed to generate valid radius for using a morphed component 2 after 10 attempts.
Retrying to morph component
Attempt 3 of 5
Morphing component 2
Successfully generated valid skeleton for component 2
Successfully generated valid radius for component 2
Successfully morphed component 2
Morphing component 3
FAILED Attempt 0 of 5 to generate valid skeleton for component 3
Skeleton Collision Check Failed
Retrying to generate valid morphed arc
FAILED Attempt 1 of 5 to generate valid skeleton for component 3
Skeleton Collision Check Failed
Retrying to generate valid morphed arc
Successfully generated valid skeleton for component 3
FAILED Attempt 0 of 2.0 to generate valid radius for component 3
Radius profile failed when attempting to be applied to component 3
Retrying mutate radius
FAILED Attempt 1 of 2.0 to generate valid radius for component 3
Radius profile failed when attempting to be applied to component 3
Retrying mutate radius
Failed to Morph Component 3 with parameters org.xper.allen.drawing.composition.morph.ComponentMorphParameters@5f2606b
Failed to generate valid radius for using a morphed component 3 after 10 attempts.
Retrying to morph component
Attempt 0 of 5
Morphing component 3
Successfully generated valid skeleton for component 3
Successfully generated valid radius for component 3
Failed to Morph Component 3 with parameters org.xper.allen.drawing.composition.morph.ComponentMorphParameters@5f2606b
Tube collision check failed
Retrying to morph component
Attempt 1 of 5
Morphing component 3
FAILED Attempt 0 of 5 to generate valid skeleton for component 3
Skeleton Collision Check Failed
Retrying to generate valid morphed arc
FAILED Attempt 1 of 5 to generate valid skeleton for component 3
Skeleton Collision Check Failed
Retrying to generate valid morphed arc
FAILED Attempt 2 of 5 to generate valid skeleton for component 3
Skeleton Collision Check Failed
Retrying to generate valid morphed arc
FAILED Attempt 3 of 5 to generate valid skeleton for component 3
Skeleton Collision Check Failed
Retrying to generate valid morphed arc
FAILED Attempt 4 of 5 to generate valid skeleton for component 3
Skeleton Collision Check Failed
Retrying to generate valid morphed arc
Failed to Morph Component 3 with parameters org.xper.allen.drawing.composition.morph.ComponentMorphParameters@5f2606b
Failed to generate valid skeleton for using a morphed component 3 after 5 attempts.
Retrying to morph component
Attempt 2 of 5
Morphing component 3
Successfully generated valid skeleton for component 3
Successfully generated valid radius for component 3
Failed to Morph Component 3 with parameters org.xper.allen.drawing.composition.morph.ComponentMorphParameters@5f2606b
Tube collision check failed
Retrying to morph component
Attempt 3 of 5
Morphing component 3
Successfully generated valid skeleton for component 3
FAILED Attempt 0 of 2.0 to generate valid radius for component 3
Radius profile failed when attempting to be applied to component 3
Retrying mutate radius
FAILED Attempt 1 of 2.0 to generate valid radius for component 3
Radius profile failed when attempting to be applied to component 3
Retrying mutate radius
Failed to Morph Component 3 with parameters org.xper.allen.drawing.composition.morph.ComponentMorphParameters@5f2606b
Failed to generate valid radius for using a morphed component 3 after 10 attempts.
Retrying to morph component
Attempt 4 of 5
Failed to morph matchstick.
Did not successfully morph component 3 after 5 attempts.
Retrying to morph matchstick...
Preserving components: 1 out of 3
Morphing component 2
Successfully generated valid skeleton for component 2
Successfully generated valid radius for component 2
Successfully morphed component 2
Morphing component 3
Successfully generated valid skeleton for component 3
Successfully generated valid radius for component 3
Failed to Morph Component 3 with parameters org.xper.allen.drawing.composition.morph.ComponentMorphParameters@5f2606b
Tube collision check failed
Retrying to morph component
Attempt 0 of 5
Morphing component 3
FAILED Attempt 0 of 5 to generate valid skeleton for component 3
Skeleton Collision Check Failed
Retrying to generate valid morphed arc
Successfully generated valid skeleton for component 3
Successfully generated valid radius for component 3
Failed to Morph Component 3 with parameters org.xper.allen.drawing.composition.morph.ComponentMorphParameters@5f2606b
Tube collision check failed
Retrying to morph component
Attempt 1 of 5
Morphing component 3
FAILED Attempt 0 of 5 to generate valid skeleton for component 3
Skeleton Collision Check Failed
Retrying to generate valid morphed arc
FAILED Attempt 1 of 5 to generate valid skeleton for component 3
Skeleton Collision Check Failed
Retrying to generate valid morphed arc
FAILED Attempt 2 of 5 to generate valid skeleton for component 3
Skeleton Collision Check Failed
Retrying to generate valid morphed arc
FAILED Attempt 3 of 5 to generate valid skeleton for component 3
Skeleton Collision Check Failed
Retrying to generate valid morphed arc
FAILED Attempt 4 of 5 to generate valid skeleton for component 3
Skeleton Collision Check Failed
Retrying to generate valid morphed arc
Failed to Morph Component 3 with parameters org.xper.allen.drawing.composition.morph.ComponentMorphParameters@5f2606b
Failed to generate valid skeleton for using a morphed component 3 after 5 attempts.
Retrying to morph component
Attempt 2 of 5
Morphing component 3
FAILED Attempt 0 of 5 to generate valid skeleton for component 3
Skeleton Collision Check Failed
Retrying to generate valid morphed arc
FAILED Attempt 1 of 5 to generate valid skeleton for component 3
Skeleton Collision Check Failed
Retrying to generate valid morphed arc
Successfully generated valid skeleton for component 3
Successfully generated valid radius for component 3
Successfully morphed component 3
creating and saving PNG...
creating and saving PNG...
Preserving components: 0 out of 3
Morphing component 1
Successfully generated valid skeleton for component 1
Successfully generated valid radius for component 1
Successfully morphed component 1
Morphing component 2
Successfully generated valid skeleton for component 2
Successfully generated valid radius for component 2
Successfully morphed component 2
Morphing component 3
Successfully generated valid skeleton for component 3
Successfully generated valid radius for component 3
Successfully morphed component 3
creating and saving PNG...
Preserving components: 1 out of 3
Morphing component 2
FAILED Attempt 0 of 5 to generate valid skeleton for component 2
Skeleton Collision Check Failed
Retrying to generate valid morphed arc
FAILED Attempt 1 of 5 to generate valid skeleton for component 2
Skeleton Collision Check Failed
Retrying to generate valid morphed arc
FAILED Attempt 2 of 5 to generate valid skeleton for component 2
Skeleton Collision Check Failed
Retrying to generate valid morphed arc
FAILED Attempt 3 of 5 to generate valid skeleton for component 2
Skeleton Collision Check Failed
Retrying to generate valid morphed arc
FAILED Attempt 4 of 5 to generate valid skeleton for component 2
Skeleton Collision Check Failed
Retrying to generate valid morphed arc
Failed to Morph Component 2 with parameters org.xper.allen.drawing.composition.morph.ComponentMorphParameters@681aad3b
Failed to generate valid skeleton for using a morphed component 2 after 5 attempts.
Retrying to morph component
Attempt 0 of 5
Morphing component 2
Successfully generated valid skeleton for component 2
FAILED Attempt 0 of 2.0 to generate valid radius for component 2
Radius profile failed when attempting to be applied to component 2
Retrying mutate radius
FAILED Attempt 1 of 2.0 to generate valid radius for component 2
Radius profile failed when attempting to be applied to component 2
Retrying mutate radius
Failed to Morph Component 2 with parameters org.xper.allen.drawing.composition.morph.ComponentMorphParameters@681aad3b
Failed to generate valid radius for using a morphed component 2 after 10 attempts.
Retrying to morph component
Attempt 1 of 5
Morphing component 2
FAILED Attempt 0 of 5 to generate valid skeleton for component 2
Skeleton Collision Check Failed
Retrying to generate valid morphed arc
FAILED Attempt 1 of 5 to generate valid skeleton for component 2
Skeleton Collision Check Failed
Retrying to generate valid morphed arc
FAILED Attempt 2 of 5 to generate valid skeleton for component 2
Skeleton Collision Check Failed
Retrying to generate valid morphed arc
FAILED Attempt 3 of 5 to generate valid skeleton for component 2
Skeleton Collision Check Failed
Retrying to generate valid morphed arc
FAILED Attempt 4 of 5 to generate valid skeleton for component 2
Skeleton Collision Check Failed
Retrying to generate valid morphed arc
Failed to Morph Component 2 with parameters org.xper.allen.drawing.composition.morph.ComponentMorphParameters@681aad3b
Failed to generate valid skeleton for using a morphed component 2 after 5 attempts.
Retrying to morph component
Attempt 2 of 5
Morphing component 2
FAILED Attempt 0 of 5 to generate valid skeleton for component 2
Skeleton Collision Check Failed
Retrying to generate valid morphed arc
FAILED Attempt 1 of 5 to generate valid skeleton for component 2
Skeleton Collision Check Failed
Retrying to generate valid morphed arc
FAILED Attempt 2 of 5 to generate valid skeleton for component 2
Skeleton Collision Check Failed
Retrying to generate valid morphed arc
FAILED Attempt 3 of 5 to generate valid skeleton for component 2
Skeleton Collision Check Failed
Retrying to generate valid morphed arc
FAILED Attempt 4 of 5 to generate valid skeleton for component 2
Skeleton Collision Check Failed
Retrying to generate valid morphed arc
Failed to Morph Component 2 with parameters org.xper.allen.drawing.composition.morph.ComponentMorphParameters@681aad3b
Failed to generate valid skeleton for using a morphed component 2 after 5 attempts.
Retrying to morph component
Attempt 3 of 5
Morphing component 2
FAILED Attempt 0 of 5 to generate valid skeleton for component 2
Skeleton Collision Check Failed
Retrying to generate valid morphed arc
Successfully generated valid skeleton for component 2
Successfully generated valid radius for component 2
Successfully morphed component 2
Morphing component 3
FAILED Attempt 0 of 5 to generate valid skeleton for component 3
Skeleton Collision Check Failed
Retrying to generate valid morphed arc
Successfully generated valid skeleton for component 3
Successfully generated valid radius for component 3
Successfully morphed component 3
creating and saving PNG...
Preserving components: 1 out of 3
Morphing component 2
Successfully generated valid skeleton for component 2
Successfully generated valid radius for component 2
Failed to Morph Component 2 with parameters org.xper.allen.drawing.composition.morph.ComponentMorphParameters@7544a1e4
Tube collision check failed
Retrying to morph component
Attempt 0 of 5
Morphing component 2
FAILED Attempt 0 of 5 to generate valid skeleton for component 2
Skeleton Collision Check Failed
Retrying to generate valid morphed arc
Successfully generated valid skeleton for component 2
Successfully generated valid radius for component 2
Successfully morphed component 2
Morphing component 3
FAILED Attempt 0 of 5 to generate valid skeleton for component 3
Skeleton Collision Check Failed
Retrying to generate valid morphed arc
Successfully generated valid skeleton for component 3
Successfully generated valid radius for component 3
Successfully morphed component 3
creating and saving PNG...
Preserving components: 0 out of 3
Morphing component 1
Successfully generated valid skeleton for component 1
Successfully generated valid radius for component 1
Successfully morphed component 1
Morphing component 2
Successfully generated valid skeleton for component 2
Successfully generated valid radius for component 2
Failed to Morph Component 2 with parameters org.xper.allen.drawing.composition.morph.ComponentMorphParameters@10b3df93
Tube collision check failed
Retrying to morph component
Attempt 0 of 5
Morphing component 2
Successfully generated valid skeleton for component 2
Successfully generated valid radius for component 2
Failed to Morph Component 2 with parameters org.xper.allen.drawing.composition.morph.ComponentMorphParameters@10b3df93
Tube collision check failed
Retrying to morph component
Attempt 1 of 5
Morphing component 2
Successfully generated valid skeleton for component 2
FAILED Attempt 0 of 2.0 to generate valid radius for component 2
Radius profile failed when attempting to be applied to component 2
Retrying mutate radius
FAILED Attempt 1 of 2.0 to generate valid radius for component 2
Radius profile failed when attempting to be applied to component 2
Retrying mutate radius
Failed to Morph Component 2 with parameters org.xper.allen.drawing.composition.morph.ComponentMorphParameters@10b3df93
Failed to generate valid radius for using a morphed component 2 after 10 attempts.
Retrying to morph component
Attempt 2 of 5
Morphing component 2
FAILED Attempt 0 of 5 to generate valid skeleton for component 2
Skeleton Collision Check Failed
Retrying to generate valid morphed arc
Successfully generated valid skeleton for component 2
Successfully generated valid radius for component 2
Failed to Morph Component 2 with parameters org.xper.allen.drawing.composition.morph.ComponentMorphParameters@10b3df93
Tube collision check failed
Retrying to morph component
Attempt 3 of 5
Morphing component 2
Successfully generated valid skeleton for component 2
Successfully generated valid radius for component 2
Failed to Morph Component 2 with parameters org.xper.allen.drawing.composition.morph.ComponentMorphParameters@10b3df93
Tube collision check failed
Retrying to morph component
Attempt 4 of 5
Failed to morph matchstick.
Did not successfully morph component 2 after 5 attempts.
Retrying to morph matchstick...
Preserving components: 0 out of 3
Morphing component 1
Successfully generated valid skeleton for component 1
Successfully generated valid radius for component 1
Failed to Morph Component 1 with parameters org.xper.allen.drawing.composition.morph.ComponentMorphParameters@ea27e34
Tube collision check failed
Retrying to morph component
Attempt 0 of 5
Morphing component 1
Successfully generated valid skeleton for component 1
Successfully generated valid radius for component 1
Successfully morphed component 1
Morphing component 2
FAILED Attempt 0 of 5 to generate valid skeleton for component 2
Skeleton Collision Check Failed
Retrying to generate valid morphed arc
FAILED Attempt 1 of 5 to generate valid skeleton for component 2
Skeleton Collision Check Failed
Retrying to generate valid morphed arc
FAILED Attempt 2 of 5 to generate valid skeleton for component 2
Skeleton Collision Check Failed
Retrying to generate valid morphed arc
FAILED Attempt 3 of 5 to generate valid skeleton for component 2
Skeleton Collision Check Failed
Retrying to generate valid morphed arc
FAILED Attempt 4 of 5 to generate valid skeleton for component 2
Skeleton Collision Check Failed
Retrying to generate valid morphed arc
Failed to Morph Component 2 with parameters org.xper.allen.drawing.composition.morph.ComponentMorphParameters@10b3df93
Failed to generate valid skeleton for using a morphed component 2 after 5 attempts.
Retrying to morph component
Attempt 0 of 5
Morphing component 2
FAILED Attempt 0 of 5 to generate valid skeleton for component 2
Skeleton Collision Check Failed
Retrying to generate valid morphed arc
FAILED Attempt 1 of 5 to generate valid skeleton for component 2
Skeleton Collision Check Failed
Retrying to generate valid morphed arc
FAILED Attempt 2 of 5 to generate valid skeleton for component 2
Skeleton Collision Check Failed
Retrying to generate valid morphed arc
FAILED Attempt 3 of 5 to generate valid skeleton for component 2
Skeleton Collision Check Failed
Retrying to generate valid morphed arc
FAILED Attempt 4 of 5 to generate valid skeleton for component 2
Skeleton Collision Check Failed
Retrying to generate valid morphed arc
Failed to Morph Component 2 with parameters org.xper.allen.drawing.composition.morph.ComponentMorphParameters@10b3df93
Failed to generate valid skeleton for using a morphed component 2 after 5 attempts.
Retrying to morph component
Attempt 1 of 5
Morphing component 2
FAILED Attempt 0 of 5 to generate valid skeleton for component 2
Skeleton Collision Check Failed
Retrying to generate valid morphed arc
FAILED Attempt 1 of 5 to generate valid skeleton for component 2
Skeleton Collision Check Failed
Retrying to generate valid morphed arc
FAILED Attempt 2 of 5 to generate valid skeleton for component 2
Skeleton Collision Check Failed
Retrying to generate valid morphed arc
FAILED Attempt 3 of 5 to generate valid skeleton for component 2
Skeleton Collision Check Failed
Retrying to generate valid morphed arc
FAILED Attempt 4 of 5 to generate valid skeleton for component 2
Skeleton Collision Check Failed
Retrying to generate valid morphed arc
Failed to Morph Component 2 with parameters org.xper.allen.drawing.composition.morph.ComponentMorphParameters@10b3df93
Failed to generate valid skeleton for using a morphed component 2 after 5 attempts.
Retrying to morph component
Attempt 2 of 5
Morphing component 2
FAILED Attempt 0 of 5 to generate valid skeleton for component 2
Skeleton Collision Check Failed
Retrying to generate valid morphed arc
FAILED Attempt 1 of 5 to generate valid skeleton for component 2
Skeleton Collision Check Failed
Retrying to generate valid morphed arc
FAILED Attempt 2 of 5 to generate valid skeleton for component 2
Skeleton Collision Check Failed
Retrying to generate valid morphed arc
FAILED Attempt 3 of 5 to generate valid skeleton for component 2
Skeleton Collision Check Failed
Retrying to generate valid morphed arc
FAILED Attempt 4 of 5 to generate valid skeleton for component 2
Skeleton Collision Check Failed
Retrying to generate valid morphed arc
Failed to Morph Component 2 with parameters org.xper.allen.drawing.composition.morph.ComponentMorphParameters@10b3df93
Failed to generate valid skeleton for using a morphed component 2 after 5 attempts.
Retrying to morph component
Attempt 3 of 5
Morphing component 2
FAILED Attempt 0 of 5 to generate valid skeleton for component 2
Skeleton Collision Check Failed
Retrying to generate valid morphed arc
FAILED Attempt 1 of 5 to generate valid skeleton for component 2
Skeleton Collision Check Failed
Retrying to generate valid morphed arc
FAILED Attempt 2 of 5 to generate valid skeleton for component 2
Skeleton Collision Check Failed
Retrying to generate valid morphed arc
FAILED Attempt 3 of 5 to generate valid skeleton for component 2
Skeleton Collision Check Failed
Retrying to generate valid morphed arc
FAILED Attempt 4 of 5 to generate valid skeleton for component 2
Skeleton Collision Check Failed
Retrying to generate valid morphed arc
Failed to Morph Component 2 with parameters org.xper.allen.drawing.composition.morph.ComponentMorphParameters@10b3df93
Failed to generate valid skeleton for using a morphed component 2 after 5 attempts.
Retrying to morph component
Attempt 4 of 5
Failed to morph matchstick.
Did not successfully morph component 2 after 5 attempts.
Retrying to morph matchstick...
Preserving components: 0 out of 3
Morphing component 1
Successfully generated valid skeleton for component 1
Successfully generated valid radius for component 1
Successfully morphed component 1
Morphing component 2
Successfully generated valid skeleton for component 2
Successfully generated valid radius for component 2
Successfully morphed component 2
Morphing component 3
Successfully generated valid skeleton for component 3
Successfully generated valid radius for component 3
Successfully morphed component 3
creating and saving PNG...
Done Generating...
