Mon Aug 28 16:21:28 EDT 2023 WARN: Establishing SSL connection without server's identity verification is not recommended. According to MySQL 5.5.45+, 5.6.26+ and 5.7.6+ requirements SSL connection must be established by default if explicit option isn't set. For compliance with existing applications not using SSL the verifyServerCertificate property is set to 'false'. You need either to explicitly disable SSL by setting useSSL=false, or set useSSL=true and provide truststore for server certificate verification.
Mon Aug 28 16:21:28 EDT 2023 WARN: Establishing SSL connection without server's identity verification is not recommended. According to MySQL 5.5.45+, 5.6.26+ and 5.7.6+ requirements SSL connection must be established by default if explicit option isn't set. For compliance with existing applications not using SSL the verifyServerCertificate property is set to 'false'. You need either to explicitly disable SSL by setting useSSL=false, or set useSSL=true and provide truststore for server certificate verification.
Mon Aug 28 16:21:28 EDT 2023 WARN: Establishing SSL connection without server's identity verification is not recommended. According to MySQL 5.5.45+, 5.6.26+ and 5.7.6+ requirements SSL connection must be established by default if explicit option isn't set. For compliance with existing applications not using SSL the verifyServerCertificate property is set to 'false'. You need either to explicitly disable SSL by setting useSSL=false, or set useSSL=true and provide truststore for server certificate verification.
Mon Aug 28 16:21:28 EDT 2023 WARN: Establishing SSL connection without server's identity verification is not recommended. According to MySQL 5.5.45+, 5.6.26+ and 5.7.6+ requirements SSL connection must be established by default if explicit option isn't set. For compliance with existing applications not using SSL the verifyServerCertificate property is set to 'false'. You need either to explicitly disable SSL by setting useSSL=false, or set useSSL=true and provide truststore for server certificate verification.
StimId: 1693254087161407 StimType: REGIME_ZERO Magnitude: 0.0
StimId: 1693254087162486 StimType: REGIME_ZERO Magnitude: 0.0
StimId: 1693254087163564 StimType: REGIME_ZERO Magnitude: 0.0
StimId: 1693254087164638 StimType: REGIME_ZERO Magnitude: 0.0
StimId: 1693254087165805 StimType: REGIME_ZERO Magnitude: 0.0
StimId: 1693254087167065 StimType: REGIME_TWO Magnitude: 0.0
StimId: 1693254087168168 StimType: REGIME_TWO Magnitude: 0.0
StimId: 1693254087169332 StimType: REGIME_TWO Magnitude: 0.0
StimId: 1693254087170504 StimType: REGIME_TWO Magnitude: 0.0
StimId: 1693254087171662 StimType: REGIME_TWO Magnitude: 0.0
StimId: 1693254087172863 StimType: REGIME_TWO Magnitude: 0.0
StimId: 1693254087173986 StimType: REGIME_TWO Magnitude: 0.0
StimId: 1693254087175084 StimType: REGIME_TWO Magnitude: 0.0
StimId: 1693254087176175 StimType: REGIME_TWO Magnitude: 0.0
StimId: 1693254087177352 StimType: REGIME_TWO Magnitude: 0.0
StimId: 1693254087178788 StimType: REGIME_ONE Magnitude: 0.46
StimId: 1693254087180020 StimType: REGIME_ONE Magnitude: 0.5
StimId: 1693254087181265 StimType: REGIME_ONE Magnitude: 0.34
StimId: 1693254087182508 StimType: REGIME_ONE Magnitude: 0.26
StimId: 1693254087183750 StimType: REGIME_ONE Magnitude: 0.42
Number of stims to generate: 20
Preserving components: 1 out of 3
Morphing component 2
Successfully generated valid skeleton for component 2
Successfully generated valid radius for component 2
Failed to Morph Component 2 with parameters org.xper.allen.drawing.composition.morph.ComponentMorphParameters@5167f57d
Tube collision check failed
Retrying to morph component
Attempt 0 of 5
Morphing component 2
FAILED Attempt 0 of 5 to generate valid skeleton for component 2
Skeleton Collision Check Failed
Retrying to generate valid morphed arc
FAILED Attempt 1 of 5 to generate valid skeleton for component 2
Skeleton Collision Check Failed
Retrying to generate valid morphed arc
FAILED Attempt 2 of 5 to generate valid skeleton for component 2
Skeleton Collision Check Failed
Retrying to generate valid morphed arc
FAILED Attempt 3 of 5 to generate valid skeleton for component 2
Skeleton Collision Check Failed
Retrying to generate valid morphed arc
FAILED Attempt 4 of 5 to generate valid skeleton for component 2
Skeleton Collision Check Failed
Retrying to generate valid morphed arc
Failed to Morph Component 2 with parameters org.xper.allen.drawing.composition.morph.ComponentMorphParameters@5167f57d
Failed to generate valid skeleton for using a morphed component 2 after 5 attempts.
Retrying to morph component
Attempt 1 of 5
Morphing component 2
FAILED Attempt 0 of 5 to generate valid skeleton for component 2
Skeleton Collision Check Failed
Retrying to generate valid morphed arc
FAILED Attempt 1 of 5 to generate valid skeleton for component 2
Skeleton Collision Check Failed
Retrying to generate valid morphed arc
FAILED Attempt 2 of 5 to generate valid skeleton for component 2
Skeleton Collision Check Failed
Retrying to generate valid morphed arc
Successfully generated valid skeleton for component 2
FAILED Attempt 0 of 2.0 to generate valid radius for component 2
Radius profile failed when attempting to be applied to component 2
Retrying mutate radius
FAILED Attempt 1 of 2.0 to generate valid radius for component 2
Radius profile failed when attempting to be applied to component 2
Retrying mutate radius
Failed to Morph Component 2 with parameters org.xper.allen.drawing.composition.morph.ComponentMorphParameters@5167f57d
Failed to generate valid radius for using a morphed component 2 after 10 attempts.
Retrying to morph component
Attempt 2 of 5
Morphing component 2
Successfully generated valid skeleton for component 2
Successfully generated valid radius for component 2
Successfully morphed component 2
Morphing component 3
FAILED Attempt 0 of 5 to generate valid skeleton for component 3
Skeleton Collision Check Failed
Retrying to generate valid morphed arc
Successfully generated valid skeleton for component 3
Successfully generated valid radius for component 3
Successfully morphed component 3
creating and saving PNG...
Preserving components: 0 out of 3
Morphing component 1
FAILED Attempt 0 of 5 to generate valid skeleton for component 1
Skeleton Collision Check Failed
Retrying to generate valid morphed arc
Successfully generated valid skeleton for component 1
Successfully generated valid radius for component 1
Successfully morphed component 1
Morphing component 2
Successfully generated valid skeleton for component 2
FAILED Attempt 0 of 2.0 to generate valid radius for component 2
Radius profile failed when attempting to be applied to component 2
Retrying mutate radius
FAILED Attempt 1 of 2.0 to generate valid radius for component 2
Radius profile failed when attempting to be applied to component 2
Retrying mutate radius
Failed to Morph Component 2 with parameters org.xper.allen.drawing.composition.morph.ComponentMorphParameters@57ad2aa7
Failed to generate valid radius for using a morphed component 2 after 10 attempts.
Retrying to morph component
Attempt 0 of 5
Morphing component 2
Successfully generated valid skeleton for component 2
Successfully generated valid radius for component 2
Successfully morphed component 2
Morphing component 3
Successfully generated valid skeleton for component 3
Successfully generated valid radius for component 3
Successfully morphed component 3
creating and saving PNG...
creating and saving PNG...
Preserving components: 1 out of 3
Morphing component 1
Successfully generated valid skeleton for component 1
FAILED Attempt 0 of 2.0 to generate valid radius for component 1
Radius profile failed when attempting to be applied to component 1
Retrying mutate radius
FAILED Attempt 1 of 2.0 to generate valid radius for component 1
Radius profile failed when attempting to be applied to component 1
Retrying mutate radius
Failed to Morph Component 1 with parameters org.xper.allen.drawing.composition.morph.ComponentMorphParameters@1339e7aa
Failed to generate valid radius for using a morphed component 1 after 10 attempts.
Retrying to morph component
Attempt 0 of 5
Morphing component 1
Successfully generated valid skeleton for component 1
Successfully generated valid radius for component 1
Successfully morphed component 1
Morphing component 3
FAILED Attempt 0 of 5 to generate valid skeleton for component 3
Skeleton Collision Check Failed
Retrying to generate valid morphed arc
Successfully generated valid skeleton for component 3
Successfully generated valid radius for component 3
Successfully morphed component 3
creating and saving PNG...
Preserving components: 1 out of 3
Morphing component 1
FAILED Attempt 0 of 5 to generate valid skeleton for component 1
Skeleton Collision Check Failed
Retrying to generate valid morphed arc
FAILED Attempt 1 of 5 to generate valid skeleton for component 1
Skeleton Collision Check Failed
Retrying to generate valid morphed arc
FAILED Attempt 2 of 5 to generate valid skeleton for component 1
Skeleton Collision Check Failed
Retrying to generate valid morphed arc
Successfully generated valid skeleton for component 1
Successfully generated valid radius for component 1
Successfully morphed component 1
Morphing component 2
FAILED Attempt 0 of 5 to generate valid skeleton for component 2
Skeleton Collision Check Failed
Retrying to generate valid morphed arc
FAILED Attempt 1 of 5 to generate valid skeleton for component 2
Skeleton Collision Check Failed
Retrying to generate valid morphed arc
FAILED Attempt 2 of 5 to generate valid skeleton for component 2
Skeleton Collision Check Failed
Retrying to generate valid morphed arc
FAILED Attempt 3 of 5 to generate valid skeleton for component 2
Skeleton Collision Check Failed
Retrying to generate valid morphed arc
Successfully generated valid skeleton for component 2
Successfully generated valid radius for component 2
Successfully morphed component 2
creating and saving PNG...
Preserving components: 0 out of 3
Morphing component 1
Successfully generated valid skeleton for component 1
FAILED Attempt 0 of 2.0 to generate valid radius for component 1
Radius profile failed when attempting to be applied to component 1
Retrying mutate radius
Successfully generated valid radius for component 1
Failed to Morph Component 1 with parameters org.xper.allen.drawing.composition.morph.ComponentMorphParameters@4eb386df
Tube collision check failed
Retrying to morph component
Attempt 0 of 5
Morphing component 1
FAILED Attempt 0 of 5 to generate valid skeleton for component 1
Skeleton Collision Check Failed
Retrying to generate valid morphed arc
FAILED Attempt 1 of 5 to generate valid skeleton for component 1
Skeleton Collision Check Failed
Retrying to generate valid morphed arc
FAILED Attempt 2 of 5 to generate valid skeleton for component 1
Skeleton Collision Check Failed
Retrying to generate valid morphed arc
FAILED Attempt 3 of 5 to generate valid skeleton for component 1
Skeleton Collision Check Failed
Retrying to generate valid morphed arc
Successfully generated valid skeleton for component 1
Successfully generated valid radius for component 1
Failed to Morph Component 1 with parameters org.xper.allen.drawing.composition.morph.ComponentMorphParameters@4eb386df
Tube collision check failed
Retrying to morph component
Attempt 1 of 5
Morphing component 1
Successfully generated valid skeleton for component 1
Successfully generated valid radius for component 1
Successfully morphed component 1
Morphing component 2
FAILED Attempt 0 of 5 to generate valid skeleton for component 2
Skeleton Collision Check Failed
Retrying to generate valid morphed arc
FAILED Attempt 1 of 5 to generate valid skeleton for component 2
Skeleton Collision Check Failed
Retrying to generate valid morphed arc
FAILED Attempt 2 of 5 to generate valid skeleton for component 2
Skeleton Collision Check Failed
Retrying to generate valid morphed arc
FAILED Attempt 3 of 5 to generate valid skeleton for component 2
Skeleton Collision Check Failed
Retrying to generate valid morphed arc
Successfully generated valid skeleton for component 2
Successfully generated valid radius for component 2
Successfully morphed component 2
Morphing component 3
Successfully generated valid skeleton for component 3
Successfully generated valid radius for component 3
Failed to Morph Component 3 with parameters org.xper.allen.drawing.composition.morph.ComponentMorphParameters@79517588
Tube collision check failed
Retrying to morph component
Attempt 0 of 5
Morphing component 3
FAILED Attempt 0 of 5 to generate valid skeleton for component 3
Skeleton Collision Check Failed
Retrying to generate valid morphed arc
Successfully generated valid skeleton for component 3
Successfully generated valid radius for component 3
Successfully morphed component 3
creating and saving PNG...
Preserving components: 1 out of 3
Morphing component 1
FAILED Attempt 0 of 5 to generate valid skeleton for component 1
Skeleton Collision Check Failed
Retrying to generate valid morphed arc
FAILED Attempt 1 of 5 to generate valid skeleton for component 1
Skeleton Collision Check Failed
Retrying to generate valid morphed arc
Successfully generated valid skeleton for component 1
Successfully generated valid radius for component 1
Successfully morphed component 1
Morphing component 2
past the nowUndx check
past the nowCompIndex check
comp label success: 1
Successfully generated valid skeleton for component 2
Successfully generated valid radius for component 2
Successfully morphed component 2
creating and saving PNG...
Preserving components: 1 out of 3
Morphing component 2
FAILED Attempt 0 of 5 to generate valid skeleton for component 2
Skeleton Collision Check Failed
Retrying to generate valid morphed arc
Successfully generated valid skeleton for component 2
Successfully generated valid radius for component 2
Successfully morphed component 2
Morphing component 3
FAILED Attempt 0 of 5 to generate valid skeleton for component 3
Skeleton Collision Check Failed
Retrying to generate valid morphed arc
Successfully generated valid skeleton for component 3
Successfully generated valid radius for component 3
Successfully morphed component 3
creating and saving PNG...
Preserving components: 1 out of 3
Morphing component 2
FAILED Attempt 0 of 5 to generate valid skeleton for component 2
Skeleton Collision Check Failed
Retrying to generate valid morphed arc
FAILED Attempt 1 of 5 to generate valid skeleton for component 2
Skeleton Collision Check Failed
Retrying to generate valid morphed arc
FAILED Attempt 2 of 5 to generate valid skeleton for component 2
Skeleton Collision Check Failed
Retrying to generate valid morphed arc
FAILED Attempt 3 of 5 to generate valid skeleton for component 2
Skeleton Collision Check Failed
Retrying to generate valid morphed arc
FAILED Attempt 4 of 5 to generate valid skeleton for component 2
Skeleton Collision Check Failed
Retrying to generate valid morphed arc
Failed to Morph Component 2 with parameters org.xper.allen.drawing.composition.morph.ComponentMorphParameters@73173f63
Failed to generate valid skeleton for using a morphed component 2 after 5 attempts.
Retrying to morph component
Attempt 0 of 5
Morphing component 2
FAILED Attempt 0 of 5 to generate valid skeleton for component 2
Skeleton Collision Check Failed
Retrying to generate valid morphed arc
FAILED Attempt 1 of 5 to generate valid skeleton for component 2
Skeleton Collision Check Failed
Retrying to generate valid morphed arc
FAILED Attempt 2 of 5 to generate valid skeleton for component 2
Skeleton Collision Check Failed
Retrying to generate valid morphed arc
FAILED Attempt 3 of 5 to generate valid skeleton for component 2
Skeleton Collision Check Failed
Retrying to generate valid morphed arc
FAILED Attempt 4 of 5 to generate valid skeleton for component 2
Skeleton Collision Check Failed
Retrying to generate valid morphed arc
Failed to Morph Component 2 with parameters org.xper.allen.drawing.composition.morph.ComponentMorphParameters@73173f63
Failed to generate valid skeleton for using a morphed component 2 after 5 attempts.
Retrying to morph component
Attempt 1 of 5
Morphing component 2
FAILED Attempt 0 of 5 to generate valid skeleton for component 2
Skeleton Collision Check Failed
Retrying to generate valid morphed arc
FAILED Attempt 1 of 5 to generate valid skeleton for component 2
Skeleton Collision Check Failed
Retrying to generate valid morphed arc
FAILED Attempt 2 of 5 to generate valid skeleton for component 2
Skeleton Collision Check Failed
Retrying to generate valid morphed arc
FAILED Attempt 3 of 5 to generate valid skeleton for component 2
Skeleton Collision Check Failed
Retrying to generate valid morphed arc
FAILED Attempt 4 of 5 to generate valid skeleton for component 2
Skeleton Collision Check Failed
Retrying to generate valid morphed arc
Failed to Morph Component 2 with parameters org.xper.allen.drawing.composition.morph.ComponentMorphParameters@73173f63
Failed to generate valid skeleton for using a morphed component 2 after 5 attempts.
Retrying to morph component
Attempt 2 of 5
Morphing component 2
FAILED Attempt 0 of 5 to generate valid skeleton for component 2
Skeleton Collision Check Failed
Retrying to generate valid morphed arc
FAILED Attempt 1 of 5 to generate valid skeleton for component 2
Skeleton Collision Check Failed
Retrying to generate valid morphed arc
FAILED Attempt 2 of 5 to generate valid skeleton for component 2
Skeleton Collision Check Failed
Retrying to generate valid morphed arc
FAILED Attempt 3 of 5 to generate valid skeleton for component 2
Skeleton Collision Check Failed
Retrying to generate valid morphed arc
FAILED Attempt 4 of 5 to generate valid skeleton for component 2
Skeleton Collision Check Failed
Retrying to generate valid morphed arc
Failed to Morph Component 2 with parameters org.xper.allen.drawing.composition.morph.ComponentMorphParameters@73173f63
Failed to generate valid skeleton for using a morphed component 2 after 5 attempts.
Retrying to morph component
Attempt 3 of 5
Morphing component 2
FAILED Attempt 0 of 5 to generate valid skeleton for component 2
Skeleton Collision Check Failed
Retrying to generate valid morphed arc
FAILED Attempt 1 of 5 to generate valid skeleton for component 2
Skeleton Collision Check Failed
Retrying to generate valid morphed arc
FAILED Attempt 2 of 5 to generate valid skeleton for component 2
Skeleton Collision Check Failed
Retrying to generate valid morphed arc
FAILED Attempt 3 of 5 to generate valid skeleton for component 2
Skeleton Collision Check Failed
Retrying to generate valid morphed arc
FAILED Attempt 4 of 5 to generate valid skeleton for component 2
Skeleton Collision Check Failed
Retrying to generate valid morphed arc
Failed to Morph Component 2 with parameters org.xper.allen.drawing.composition.morph.ComponentMorphParameters@73173f63
Failed to generate valid skeleton for using a morphed component 2 after 5 attempts.
Retrying to morph component
Attempt 4 of 5
Failed to morph matchstick.
Did not successfully morph component 2 after 5 attempts.
Retrying to morph matchstick...
Preserving components: 1 out of 3
Morphing component 2
Successfully generated valid skeleton for component 2
Successfully generated valid radius for component 2
Failed to Morph Component 2 with parameters org.xper.allen.drawing.composition.morph.ComponentMorphParameters@73173f63
Tube collision check failed
Retrying to morph component
Attempt 0 of 5
Morphing component 2
FAILED Attempt 0 of 5 to generate valid skeleton for component 2
Skeleton Collision Check Failed
Retrying to generate valid morphed arc
FAILED Attempt 1 of 5 to generate valid skeleton for component 2
Skeleton Collision Check Failed
Retrying to generate valid morphed arc
Successfully generated valid skeleton for component 2
Successfully generated valid radius for component 2
Successfully morphed component 2
Morphing component 3
FAILED Attempt 0 of 5 to generate valid skeleton for component 3
Skeleton Collision Check Failed
Retrying to generate valid morphed arc
FAILED Attempt 1 of 5 to generate valid skeleton for component 3
Skeleton Collision Check Failed
Retrying to generate valid morphed arc
FAILED Attempt 2 of 5 to generate valid skeleton for component 3
Skeleton Collision Check Failed
Retrying to generate valid morphed arc
Successfully generated valid skeleton for component 3
FAILED Attempt 0 of 2.0 to generate valid radius for component 3
Radius profile failed when attempting to be applied to component 3
Retrying mutate radius
FAILED Attempt 1 of 2.0 to generate valid radius for component 3
Radius profile failed when attempting to be applied to component 3
Retrying mutate radius
Failed to Morph Component 3 with parameters org.xper.allen.drawing.composition.morph.ComponentMorphParameters@55562aa9
Failed to generate valid radius for using a morphed component 3 after 10 attempts.
Retrying to morph component
Attempt 0 of 5
Morphing component 3
FAILED Attempt 0 of 5 to generate valid skeleton for component 3
Skeleton Collision Check Failed
Retrying to generate valid morphed arc
Successfully generated valid skeleton for component 3
Successfully generated valid radius for component 3
Successfully morphed component 3
creating and saving PNG...
creating and saving PNG...
Preserving components: 1 out of 3
Morphing component 1
FAILED Attempt 0 of 5 to generate valid skeleton for component 1
Skeleton Collision Check Failed
Retrying to generate valid morphed arc
FAILED Attempt 1 of 5 to generate valid skeleton for component 1
Skeleton Collision Check Failed
Retrying to generate valid morphed arc
FAILED Attempt 2 of 5 to generate valid skeleton for component 1
Skeleton Collision Check Failed
Retrying to generate valid morphed arc
FAILED Attempt 3 of 5 to generate valid skeleton for component 1
Skeleton Collision Check Failed
Retrying to generate valid morphed arc
FAILED Attempt 4 of 5 to generate valid skeleton for component 1
Skeleton Collision Check Failed
Retrying to generate valid morphed arc
Failed to Morph Component 1 with parameters org.xper.allen.drawing.composition.morph.ComponentMorphParameters@674658f7
Failed to generate valid skeleton for using a morphed component 1 after 5 attempts.
Retrying to morph component
Attempt 0 of 5
Morphing component 1
FAILED Attempt 0 of 5 to generate valid skeleton for component 1
Skeleton Collision Check Failed
Retrying to generate valid morphed arc
Successfully generated valid skeleton for component 1
Successfully generated valid radius for component 1
Successfully morphed component 1
Morphing component 2
past the nowUndx check
past the nowCompIndex check
comp label success: 1
FAILED Attempt 0 of 5 to generate valid skeleton for component 2
Skeleton Collision Check Failed
Retrying to generate valid morphed arc
past the nowUndx check
past the nowCompIndex check
comp label success: 1
FAILED Attempt 1 of 5 to generate valid skeleton for component 2
Skeleton Collision Check Failed
Retrying to generate valid morphed arc
past the nowUndx check
past the nowCompIndex check
comp label success: 3
FAILED Attempt 2 of 5 to generate valid skeleton for component 2
Skeleton Collision Check Failed
Retrying to generate valid morphed arc
past the nowUndx check
past the nowCompIndex check
comp label success: 3
FAILED Attempt 3 of 5 to generate valid skeleton for component 2
Skeleton Collision Check Failed
Retrying to generate valid morphed arc
past the nowUndx check
past the nowCompIndex check
comp label success: 3
FAILED Attempt 4 of 5 to generate valid skeleton for component 2
Skeleton Collision Check Failed
Retrying to generate valid morphed arc
Failed to Morph Component 2 with parameters org.xper.allen.drawing.composition.morph.ComponentMorphParameters@5c8eee0f
Failed to generate valid skeleton for using a morphed component 2 after 5 attempts.
Retrying to morph component
Attempt 0 of 5
Morphing component 2
past the nowUndx check
past the nowCompIndex check
comp label success: 3
FAILED Attempt 0 of 5 to generate valid skeleton for component 2
Skeleton Collision Check Failed
Retrying to generate valid morphed arc
past the nowUndx check
past the nowCompIndex check
comp label success: 1
FAILED Attempt 1 of 5 to generate valid skeleton for component 2
Skeleton Collision Check Failed
Retrying to generate valid morphed arc
past the nowUndx check
past the nowCompIndex check
comp label success: 3
FAILED Attempt 2 of 5 to generate valid skeleton for component 2
Skeleton Collision Check Failed
Retrying to generate valid morphed arc
past the nowUndx check
past the nowCompIndex check
comp label success: 1
FAILED Attempt 3 of 5 to generate valid skeleton for component 2
Skeleton Collision Check Failed
Retrying to generate valid morphed arc
past the nowUndx check
past the nowCompIndex check
comp label success: 1
FAILED Attempt 4 of 5 to generate valid skeleton for component 2
Skeleton Collision Check Failed
Retrying to generate valid morphed arc
Failed to Morph Component 2 with parameters org.xper.allen.drawing.composition.morph.ComponentMorphParameters@5c8eee0f
Failed to generate valid skeleton for using a morphed component 2 after 5 attempts.
Retrying to morph component
Attempt 1 of 5
Morphing component 2
past the nowUndx check
past the nowCompIndex check
comp label success: 1
Successfully generated valid skeleton for component 2
Successfully generated valid radius for component 2
Failed to Morph Component 2 with parameters org.xper.allen.drawing.composition.morph.ComponentMorphParameters@5c8eee0f
Tube collision check failed
Retrying to morph component
Attempt 2 of 5
Morphing component 2
past the nowUndx check
past the nowCompIndex check
comp label success: 3
Successfully generated valid skeleton for component 2
FAILED Attempt 0 of 2.0 to generate valid radius for component 2
Radius profile failed when attempting to be applied to component 2
Retrying mutate radius
FAILED Attempt 1 of 2.0 to generate valid radius for component 2
Radius profile failed when attempting to be applied to component 2
Retrying mutate radius
Failed to Morph Component 2 with parameters org.xper.allen.drawing.composition.morph.ComponentMorphParameters@5c8eee0f
Failed to generate valid radius for using a morphed component 2 after 10 attempts.
Retrying to morph component
Attempt 3 of 5
Morphing component 2
past the nowUndx check
past the nowCompIndex check
comp label success: 1
Successfully generated valid skeleton for component 2
Successfully generated valid radius for component 2
Successfully morphed component 2
The two tube are not contacting.....fail
FAIL AT OBJECT MERGE
Failed to morph matchstick.
Failed to smoothize the matchstick!
Retrying to morph matchstick...
Preserving components: 1 out of 3
Morphing component 1
FAILED Attempt 0 of 5 to generate valid skeleton for component 1
Skeleton Collision Check Failed
Retrying to generate valid morphed arc
Successfully generated valid skeleton for component 1
Successfully generated valid radius for component 1
Successfully morphed component 1
Morphing component 2
past the nowUndx check
past the nowCompIndex check
comp label success: 1
FAILED Attempt 0 of 5 to generate valid skeleton for component 2
Skeleton Collision Check Failed
Retrying to generate valid morphed arc
past the nowUndx check
past the nowCompIndex check
comp label success: 3
FAILED Attempt 1 of 5 to generate valid skeleton for component 2
Skeleton Collision Check Failed
Retrying to generate valid morphed arc
past the nowUndx check
past the nowCompIndex check
comp label success: 1
FAILED Attempt 2 of 5 to generate valid skeleton for component 2
Skeleton Collision Check Failed
Retrying to generate valid morphed arc
past the nowUndx check
past the nowCompIndex check
comp label success: 1
Successfully generated valid skeleton for component 2
Successfully generated valid radius for component 2
Successfully morphed component 2
The two tube are not contacting.....fail
FAIL AT OBJECT MERGE
Failed to morph matchstick.
Failed to smoothize the matchstick!
Retrying to morph matchstick...
Preserving components: 1 out of 3
Morphing component 1
FAILED Attempt 0 of 5 to generate valid skeleton for component 1
Skeleton Collision Check Failed
Retrying to generate valid morphed arc
Successfully generated valid skeleton for component 1
Successfully generated valid radius for component 1
Successfully morphed component 1
Morphing component 2
past the nowUndx check
past the nowCompIndex check
comp label success: 1
Successfully generated valid skeleton for component 2
Successfully generated valid radius for component 2
Successfully morphed component 2
creating and saving PNG...
Preserving components: 0 out of 3
Morphing component 1
Successfully generated valid skeleton for component 1
FAILED Attempt 0 of 2.0 to generate valid radius for component 1
Radius profile failed when attempting to be applied to component 1
Retrying mutate radius
FAILED Attempt 1 of 2.0 to generate valid radius for component 1
Radius profile failed when attempting to be applied to component 1
Retrying mutate radius
Failed to Morph Component 1 with parameters org.xper.allen.drawing.composition.morph.ComponentMorphParameters@36546a22
Failed to generate valid radius for using a morphed component 1 after 10 attempts.
Retrying to morph component
Attempt 0 of 5
Morphing component 1
Successfully generated valid skeleton for component 1
Successfully generated valid radius for component 1
Successfully morphed component 1
Morphing component 2
FAILED Attempt 0 of 5 to generate valid skeleton for component 2
Skeleton Collision Check Failed
Retrying to generate valid morphed arc
FAILED Attempt 1 of 5 to generate valid skeleton for component 2
Skeleton Collision Check Failed
Retrying to generate valid morphed arc
Successfully generated valid skeleton for component 2
Successfully generated valid radius for component 2
Failed to Morph Component 2 with parameters org.xper.allen.drawing.composition.morph.ComponentMorphParameters@285c08c8
Tube collision check failed
Retrying to morph component
Attempt 0 of 5
Morphing component 2
FAILED Attempt 0 of 5 to generate valid skeleton for component 2
Skeleton Collision Check Failed
Retrying to generate valid morphed arc
Successfully generated valid skeleton for component 2
Successfully generated valid radius for component 2
Failed to Morph Component 2 with parameters org.xper.allen.drawing.composition.morph.ComponentMorphParameters@285c08c8
Tube collision check failed
Retrying to morph component
Attempt 1 of 5
Morphing component 2
FAILED Attempt 0 of 5 to generate valid skeleton for component 2
Skeleton Collision Check Failed
Retrying to generate valid morphed arc
Successfully generated valid skeleton for component 2
FAILED Attempt 0 of 2.0 to generate valid radius for component 2
Radius profile failed when attempting to be applied to component 2
Retrying mutate radius
Successfully generated valid radius for component 2
Failed to Morph Component 2 with parameters org.xper.allen.drawing.composition.morph.ComponentMorphParameters@285c08c8
Tube collision check failed
Retrying to morph component
Attempt 2 of 5
Morphing component 2
Successfully generated valid skeleton for component 2
FAILED Attempt 0 of 2.0 to generate valid radius for component 2
Radius profile failed when attempting to be applied to component 2
Retrying mutate radius
FAILED Attempt 1 of 2.0 to generate valid radius for component 2
Radius profile failed when attempting to be applied to component 2
Retrying mutate radius
Failed to Morph Component 2 with parameters org.xper.allen.drawing.composition.morph.ComponentMorphParameters@285c08c8
Failed to generate valid radius for using a morphed component 2 after 10 attempts.
Retrying to morph component
Attempt 3 of 5
Morphing component 2
FAILED Attempt 0 of 5 to generate valid skeleton for component 2
Skeleton Collision Check Failed
Retrying to generate valid morphed arc
FAILED Attempt 1 of 5 to generate valid skeleton for component 2
Skeleton Collision Check Failed
Retrying to generate valid morphed arc
Successfully generated valid skeleton for component 2
FAILED Attempt 0 of 2.0 to generate valid radius for component 2
Radius profile failed when attempting to be applied to component 2
Retrying mutate radius
FAILED Attempt 1 of 2.0 to generate valid radius for component 2
Radius profile failed when attempting to be applied to component 2
Retrying mutate radius
Failed to Morph Component 2 with parameters org.xper.allen.drawing.composition.morph.ComponentMorphParameters@285c08c8
Failed to generate valid radius for using a morphed component 2 after 10 attempts.
Retrying to morph component
Attempt 4 of 5
Failed to morph matchstick.
Did not successfully morph component 2 after 5 attempts.
Retrying to morph matchstick...
Preserving components: 0 out of 3
Morphing component 1
Successfully generated valid skeleton for component 1
Successfully generated valid radius for component 1
Successfully morphed component 1
Morphing component 2
Successfully generated valid skeleton for component 2
Successfully generated valid radius for component 2
Successfully morphed component 2
Morphing component 3
Successfully generated valid skeleton for component 3
FAILED Attempt 0 of 2.0 to generate valid radius for component 3
Radius profile failed when attempting to be applied to component 3
Retrying mutate radius
FAILED Attempt 1 of 2.0 to generate valid radius for component 3
Radius profile failed when attempting to be applied to component 3
Retrying mutate radius
Failed to Morph Component 3 with parameters org.xper.allen.drawing.composition.morph.ComponentMorphParameters@295eaa7c
Failed to generate valid radius for using a morphed component 3 after 10 attempts.
Retrying to morph component
Attempt 0 of 5
Morphing component 3
FAILED Attempt 0 of 5 to generate valid skeleton for component 3
Skeleton Collision Check Failed
Retrying to generate valid morphed arc
FAILED Attempt 1 of 5 to generate valid skeleton for component 3
Skeleton Collision Check Failed
Retrying to generate valid morphed arc
Successfully generated valid skeleton for component 3
FAILED Attempt 0 of 2.0 to generate valid radius for component 3
Radius profile failed when attempting to be applied to component 3
Retrying mutate radius
Successfully generated valid radius for component 3
Successfully morphed component 3
creating and saving PNG...
Preserving components: 0 out of 3
Morphing component 1
Successfully generated valid skeleton for component 1
Successfully generated valid radius for component 1
Failed to Morph Component 1 with parameters org.xper.allen.drawing.composition.morph.ComponentMorphParameters@6b54655f
Tube collision check failed
Retrying to morph component
Attempt 0 of 5
Morphing component 1
FAILED Attempt 0 of 5 to generate valid skeleton for component 1
Skeleton Collision Check Failed
Retrying to generate valid morphed arc
FAILED Attempt 1 of 5 to generate valid skeleton for component 1
Skeleton Collision Check Failed
Retrying to generate valid morphed arc
Successfully generated valid skeleton for component 1
Successfully generated valid radius for component 1
Failed to Morph Component 1 with parameters org.xper.allen.drawing.composition.morph.ComponentMorphParameters@6b54655f
Tube collision check failed
Retrying to morph component
Attempt 1 of 5
Morphing component 1
Successfully generated valid skeleton for component 1
Successfully generated valid radius for component 1
Failed to Morph Component 1 with parameters org.xper.allen.drawing.composition.morph.ComponentMorphParameters@6b54655f
Tube collision check failed
Retrying to morph component
Attempt 2 of 5
Morphing component 1
Successfully generated valid skeleton for component 1
Successfully generated valid radius for component 1
Failed to Morph Component 1 with parameters org.xper.allen.drawing.composition.morph.ComponentMorphParameters@6b54655f
Tube collision check failed
Retrying to morph component
Attempt 3 of 5
Morphing component 1
Successfully generated valid skeleton for component 1
Successfully generated valid radius for component 1
Successfully morphed component 1
Morphing component 2
Successfully generated valid skeleton for component 2
Successfully generated valid radius for component 2
Successfully morphed component 2
Morphing component 3
Successfully generated valid skeleton for component 3
Successfully generated valid radius for component 3
Successfully morphed component 3
creating and saving PNG...
creating and saving PNG...
Preserving components: 1 out of 3
Morphing component 2
FAILED Attempt 0 of 5 to generate valid skeleton for component 2
Skeleton Collision Check Failed
Retrying to generate valid morphed arc
FAILED Attempt 1 of 5 to generate valid skeleton for component 2
Skeleton Collision Check Failed
Retrying to generate valid morphed arc
Successfully generated valid skeleton for component 2
Successfully generated valid radius for component 2
Successfully morphed component 2
Morphing component 3
FAILED Attempt 0 of 5 to generate valid skeleton for component 3
Skeleton Collision Check Failed
Retrying to generate valid morphed arc
FAILED Attempt 1 of 5 to generate valid skeleton for component 3
Skeleton Collision Check Failed
Retrying to generate valid morphed arc
FAILED Attempt 2 of 5 to generate valid skeleton for component 3
Skeleton Collision Check Failed
Retrying to generate valid morphed arc
FAILED Attempt 3 of 5 to generate valid skeleton for component 3
Skeleton Collision Check Failed
Retrying to generate valid morphed arc
FAILED Attempt 4 of 5 to generate valid skeleton for component 3
Skeleton Collision Check Failed
Retrying to generate valid morphed arc
Failed to Morph Component 3 with parameters org.xper.allen.drawing.composition.morph.ComponentMorphParameters@6865c751
Failed to generate valid skeleton for using a morphed component 3 after 5 attempts.
Retrying to morph component
Attempt 0 of 5
Morphing component 3
FAILED Attempt 0 of 5 to generate valid skeleton for component 3
Skeleton Collision Check Failed
Retrying to generate valid morphed arc
FAILED Attempt 1 of 5 to generate valid skeleton for component 3
Skeleton Collision Check Failed
Retrying to generate valid morphed arc
Successfully generated valid skeleton for component 3
Successfully generated valid radius for component 3
Successfully morphed component 3
 In radius assign, ERROR: rMax < rMin
 In radius assign, ERROR: rMax < rMin
 In radius assign, ERROR: rMax < rMin
 In radius assign, ERROR: rMax < rMin
 In radius assign, ERROR: rMax < rMin
 In radius assign, ERROR: rMax < rMin
 In radius assign, ERROR: rMax < rMin
 In radius assign, ERROR: rMax < rMin
 In radius assign, ERROR: rMax < rMin
 In radius assign, ERROR: rMax < rMin
 In radius assign, ERROR: rMax < rMin
 In radius assign, ERROR: rMax < rMin
 In radius assign, ERROR: rMax < rMin
 In radius assign, ERROR: rMax < rMin
 In radius assign, ERROR: rMax < rMin
 In radius assign, ERROR: rMax < rMin
 In radius assign, ERROR: rMax < rMin
 In radius assign, ERROR: rMax < rMin
 In radius assign, ERROR: rMax < rMin
 In radius assign, ERROR: rMax < rMin
 In radius assign, ERROR: rMax < rMin
 In radius assign, ERROR: rMax < rMin
 In radius assign, ERROR: rMax < rMin
 In radius assign, ERROR: rMax < rMin
 In radius assign, ERROR: rMax < rMin
 In radius assign, ERROR: rMax < rMin
 In radius assign, ERROR: rMax < rMin
 In radius assign, ERROR: rMax < rMin
 In radius assign, ERROR: rMax < rMin
 In radius assign, ERROR: rMax < rMin
 In radius assign, ERROR: rMax < rMin
creating and saving PNG...
Preserving components: 1 out of 3
Morphing component 1
Successfully generated valid skeleton for component 1
FAILED Attempt 0 of 2.0 to generate valid radius for component 1
Radius profile failed when attempting to be applied to component 1
Retrying mutate radius
FAILED Attempt 1 of 2.0 to generate valid radius for component 1
Radius profile failed when attempting to be applied to component 1
Retrying mutate radius
Failed to Morph Component 1 with parameters org.xper.allen.drawing.composition.morph.ComponentMorphParameters@7cbee484
Failed to generate valid radius for using a morphed component 1 after 10 attempts.
Retrying to morph component
Attempt 0 of 5
Morphing component 1
Successfully generated valid skeleton for component 1
Successfully generated valid radius for component 1
Successfully morphed component 1
Morphing component 3
FAILED Attempt 0 of 5 to generate valid skeleton for component 3
Skeleton Collision Check Failed
Retrying to generate valid morphed arc
Successfully generated valid skeleton for component 3
Successfully generated valid radius for component 3
Successfully morphed component 3
creating and saving PNG...
Preserving components: 0 out of 3
Morphing component 1
Successfully generated valid skeleton for component 1
Successfully generated valid radius for component 1
Successfully morphed component 1
Morphing component 2
Successfully generated valid skeleton for component 2
FAILED Attempt 0 of 2.0 to generate valid radius for component 2
Radius profile failed when attempting to be applied to component 2
Retrying mutate radius
Successfully generated valid radius for component 2
Failed to Morph Component 2 with parameters org.xper.allen.drawing.composition.morph.ComponentMorphParameters@5398edd0
Tube collision check failed
Retrying to morph component
Attempt 0 of 5
Morphing component 2
Successfully generated valid skeleton for component 2
Successfully generated valid radius for component 2
Failed to Morph Component 2 with parameters org.xper.allen.drawing.composition.morph.ComponentMorphParameters@5398edd0
Tube collision check failed
Retrying to morph component
Attempt 1 of 5
Morphing component 2
Successfully generated valid skeleton for component 2
FAILED Attempt 0 of 2.0 to generate valid radius for component 2
Radius profile failed when attempting to be applied to component 2
Retrying mutate radius
FAILED Attempt 1 of 2.0 to generate valid radius for component 2
Radius profile failed when attempting to be applied to component 2
Retrying mutate radius
Failed to Morph Component 2 with parameters org.xper.allen.drawing.composition.morph.ComponentMorphParameters@5398edd0
Failed to generate valid radius for using a morphed component 2 after 10 attempts.
Retrying to morph component
Attempt 2 of 5
Morphing component 2
Successfully generated valid skeleton for component 2
FAILED Attempt 0 of 2.0 to generate valid radius for component 2
Radius profile failed when attempting to be applied to component 2
Retrying mutate radius
FAILED Attempt 1 of 2.0 to generate valid radius for component 2
Radius profile failed when attempting to be applied to component 2
Retrying mutate radius
Failed to Morph Component 2 with parameters org.xper.allen.drawing.composition.morph.ComponentMorphParameters@5398edd0
Failed to generate valid radius for using a morphed component 2 after 10 attempts.
Retrying to morph component
Attempt 3 of 5
Morphing component 2
FAILED Attempt 0 of 5 to generate valid skeleton for component 2
Skeleton Collision Check Failed
Retrying to generate valid morphed arc
Successfully generated valid skeleton for component 2
Successfully generated valid radius for component 2
Successfully morphed component 2
Morphing component 3
Successfully generated valid skeleton for component 3
Successfully generated valid radius for component 3
Failed to Morph Component 3 with parameters org.xper.allen.drawing.composition.morph.ComponentMorphParameters@b5cc23a
Tube collision check failed
Retrying to morph component
Attempt 0 of 5
Morphing component 3
FAILED Attempt 0 of 5 to generate valid skeleton for component 3
Skeleton Collision Check Failed
Retrying to generate valid morphed arc
FAILED Attempt 1 of 5 to generate valid skeleton for component 3
Skeleton Collision Check Failed
Retrying to generate valid morphed arc
FAILED Attempt 2 of 5 to generate valid skeleton for component 3
Skeleton Collision Check Failed
Retrying to generate valid morphed arc
FAILED Attempt 3 of 5 to generate valid skeleton for component 3
Skeleton Collision Check Failed
Retrying to generate valid morphed arc
FAILED Attempt 4 of 5 to generate valid skeleton for component 3
Skeleton Collision Check Failed
Retrying to generate valid morphed arc
Failed to Morph Component 3 with parameters org.xper.allen.drawing.composition.morph.ComponentMorphParameters@b5cc23a
Failed to generate valid skeleton for using a morphed component 3 after 5 attempts.
Retrying to morph component
Attempt 1 of 5
Morphing component 3
FAILED Attempt 0 of 5 to generate valid skeleton for component 3
Skeleton Collision Check Failed
Retrying to generate valid morphed arc
Successfully generated valid skeleton for component 3
Successfully generated valid radius for component 3
Successfully morphed component 3
creating and saving PNG...
creating and saving PNG...
creating and saving PNG...
Preserving components: 1 out of 3
Morphing component 2
past the nowUndx check
past the nowCompIndex check
comp label success: 3
FAILED Attempt 0 of 5 to generate valid skeleton for component 2
Skeleton Collision Check Failed
Retrying to generate valid morphed arc
past the nowUndx check
past the nowCompIndex check
comp label success: 3
Successfully generated valid skeleton for component 2
Successfully generated valid radius for component 2
Successfully morphed component 2
Morphing component 3
Successfully generated valid skeleton for component 3
Successfully generated valid radius for component 3
Successfully morphed component 3
creating and saving PNG...
Done Generating...
