Wed Aug 23 14:51:56 EDT 2023 WARN: Establishing SSL connection without server's identity verification is not recommended. According to MySQL 5.5.45+, 5.6.26+ and 5.7.6+ requirements SSL connection must be established by default if explicit option isn't set. For compliance with existing applications not using SSL the verifyServerCertificate property is set to 'false'. You need either to explicitly disable SSL by setting useSSL=false, or set useSSL=true and provide truststore for server certificate verification.
Wed Aug 23 14:51:56 EDT 2023 WARN: Establishing SSL connection without server's identity verification is not recommended. According to MySQL 5.5.45+, 5.6.26+ and 5.7.6+ requirements SSL connection must be established by default if explicit option isn't set. For compliance with existing applications not using SSL the verifyServerCertificate property is set to 'false'. You need either to explicitly disable SSL by setting useSSL=false, or set useSSL=true and provide truststore for server certificate verification.
Wed Aug 23 14:51:56 EDT 2023 WARN: Establishing SSL connection without server's identity verification is not recommended. According to MySQL 5.5.45+, 5.6.26+ and 5.7.6+ requirements SSL connection must be established by default if explicit option isn't set. For compliance with existing applications not using SSL the verifyServerCertificate property is set to 'false'. You need either to explicitly disable SSL by setting useSSL=false, or set useSSL=true and provide truststore for server certificate verification.
Wed Aug 23 14:51:56 EDT 2023 WARN: Establishing SSL connection without server's identity verification is not recommended. According to MySQL 5.5.45+, 5.6.26+ and 5.7.6+ requirements SSL connection must be established by default if explicit option isn't set. For compliance with existing applications not using SSL the verifyServerCertificate property is set to 'false'. You need either to explicitly disable SSL by setting useSSL=false, or set useSSL=true and provide truststore for server certificate verification.
StimId: 1692816714614861 StimType: REGIME_ZERO Magnitude: 0.0
StimId: 1692816714615923 StimType: REGIME_ZERO Magnitude: 0.0
StimId: 1692816714616978 StimType: REGIME_ZERO Magnitude: 0.0
StimId: 1692816714618032 StimType: REGIME_ZERO Magnitude: 0.0
StimId: 1692816714619087 StimType: REGIME_ZERO Magnitude: 0.0
StimId: 1692816714620230 StimType: REGIME_TWO Magnitude: 0.0
StimId: 1692816714621289 StimType: REGIME_TWO Magnitude: 0.0
StimId: 1692816714622344 StimType: REGIME_TWO Magnitude: 0.0
StimId: 1692816714623462 StimType: REGIME_TWO Magnitude: 0.0
StimId: 1692816714624518 StimType: REGIME_TWO Magnitude: 0.0
StimId: 1692816714625703 StimType: REGIME_ONE Magnitude: 0.3
StimId: 1692816714626816 StimType: REGIME_ONE Magnitude: 0.5
StimId: 1692816714628030 StimType: REGIME_ONE Magnitude: 0.4
StimId: 1692816714629190 StimType: REGIME_ONE Magnitude: 0.4
StimId: 1692816714630653 StimType: REGIME_ONE Magnitude: 0.34
StimId: 1692816714631793 StimType: REGIME_ONE Magnitude: 0.5
StimId: 1692816714633174 StimType: REGIME_ONE Magnitude: 0.5
StimId: 1692816714634366 StimType: REGIME_ONE Magnitude: 0.5
StimId: 1692816714635652 StimType: REGIME_ONE Magnitude: 0.3
StimId: 1692816714636762 StimType: REGIME_ONE Magnitude: 0.2
Number of stims to generate: 20
Preserving components: 1 out of 3
Morphing component 1
FAILED Attempt 0 of 5 to generate valid skeleton for component 1
Skeleton Collision Check Failed
Retrying to generate valid morphed arc
Successfully generated valid skeleton for component 1
Successfully generated valid radius for component 1
Successfully morphed component 1
Morphing component 3
Successfully generated valid skeleton for component 3
FAILED Attempt 0 of 2.0 to generate valid radius for component 3
Radius profile failed when attempting to be applied to component 3
Retrying mutate radius
FAILED Attempt 1 of 2.0 to generate valid radius for component 3
Radius profile failed when attempting to be applied to component 3
Retrying mutate radius
Failed to Morph Component 3 with parameters org.xper.allen.drawing.composition.morph.ComponentMorphParameters@5167f57d
Failed to generate valid radius for using a morphed component 3 after 10 attempts.
Retrying to morph component
Attempt 0 of 5
Morphing component 3
Successfully generated valid skeleton for component 3
Successfully generated valid radius for component 3
Successfully morphed component 3
creating and saving PNG...
Preserving components: 0 out of 2
Morphing component 1
FAILED Attempt 0 of 5 to generate valid skeleton for component 1
Skeleton Collision Check Failed
Retrying to generate valid morphed arc
Successfully generated valid skeleton for component 1
Successfully generated valid radius for component 1
Successfully morphed component 1
Morphing component 2
FAILED Attempt 0 of 5 to generate valid skeleton for component 2
Skeleton Collision Check Failed
Retrying to generate valid morphed arc
Successfully generated valid skeleton for component 2
FAILED Attempt 0 of 2.0 to generate valid radius for component 2
Radius profile failed when attempting to be applied to component 2
Retrying mutate radius
Successfully generated valid radius for component 2
Successfully morphed component 2
creating and saving PNG...
creating and saving PNG...
Preserving components: 0 out of 2
Morphing component 1
Successfully generated valid skeleton for component 1
Successfully generated valid radius for component 1
Successfully morphed component 1
Morphing component 2
FAILED Attempt 0 of 5 to generate valid skeleton for component 2
Skeleton Collision Check Failed
Retrying to generate valid morphed arc
FAILED Attempt 1 of 5 to generate valid skeleton for component 2
Skeleton Collision Check Failed
Retrying to generate valid morphed arc
Successfully generated valid skeleton for component 2
FAILED Attempt 0 of 2.0 to generate valid radius for component 2
Radius profile failed when attempting to be applied to component 2
Retrying mutate radius
FAILED Attempt 1 of 2.0 to generate valid radius for component 2
Radius profile failed when attempting to be applied to component 2
Retrying mutate radius
Failed to Morph Component 2 with parameters org.xper.allen.drawing.composition.morph.ComponentMorphParameters@38b27cdc
Failed to generate valid radius for using a morphed component 2 after 10 attempts.
Retrying to morph component
Attempt 0 of 5
Morphing component 2
Successfully generated valid skeleton for component 2
Successfully generated valid radius for component 2
Successfully morphed component 2
creating and saving PNG...
Preserving components: 0 out of 3
Morphing component 1
Successfully generated valid skeleton for component 1
Successfully generated valid radius for component 1
Successfully morphed component 1
Morphing component 2
Successfully generated valid skeleton for component 2
Successfully generated valid radius for component 2
Successfully morphed component 2
Morphing component 3
Successfully generated valid skeleton for component 3
Successfully generated valid radius for component 3
Successfully morphed component 3
creating and saving PNG...
Preserving components: 1 out of 3
Morphing component 2
past the nowUndx check
past the nowCompIndex check
comp label success: 3
FAILED Attempt 0 of 5 to generate valid skeleton for component 2
Skeleton Collision Check Failed
Retrying to generate valid morphed arc
past the nowUndx check
past the nowCompIndex check
comp label success: 3
Successfully generated valid skeleton for component 2
Successfully generated valid radius for component 2
Successfully morphed component 2
Morphing component 3
Successfully generated valid skeleton for component 3
Successfully generated valid radius for component 3
Successfully morphed component 3
creating and saving PNG...
Preserving components: 0 out of 2
Morphing component 1
Successfully generated valid skeleton for component 1
Successfully generated valid radius for component 1
Failed to Morph Component 1 with parameters org.xper.allen.drawing.composition.morph.ComponentMorphParameters@35229f85
Tube collision check failed
Retrying to morph component
Attempt 0 of 5
Morphing component 1
Successfully generated valid skeleton for component 1
Successfully generated valid radius for component 1
Successfully morphed component 1
Morphing component 2
Successfully generated valid skeleton for component 2
Successfully generated valid radius for component 2
Successfully morphed component 2
creating and saving PNG...
Preserving components: 0 out of 2
Morphing component 1
FAILED Attempt 0 of 5 to generate valid skeleton for component 1
Skeleton Collision Check Failed
Retrying to generate valid morphed arc
Successfully generated valid skeleton for component 1
Successfully generated valid radius for component 1
Successfully morphed component 1
Morphing component 2
Successfully generated valid skeleton for component 2
Successfully generated valid radius for component 2
Successfully morphed component 2
creating and saving PNG...
Preserving components: 1 out of 3
Morphing component 1
FAILED Attempt 0 of 5 to generate valid skeleton for component 1
Skeleton Collision Check Failed
Retrying to generate valid morphed arc
FAILED Attempt 1 of 5 to generate valid skeleton for component 1
Skeleton Collision Check Failed
Retrying to generate valid morphed arc
Successfully generated valid skeleton for component 1
Successfully generated valid radius for component 1
Successfully morphed component 1
Morphing component 2
FAILED Attempt 0 of 5 to generate valid skeleton for component 2
Skeleton Collision Check Failed
Retrying to generate valid morphed arc
FAILED Attempt 1 of 5 to generate valid skeleton for component 2
Skeleton Collision Check Failed
Retrying to generate valid morphed arc
FAILED Attempt 2 of 5 to generate valid skeleton for component 2
Skeleton Collision Check Failed
Retrying to generate valid morphed arc
FAILED Attempt 3 of 5 to generate valid skeleton for component 2
Skeleton Collision Check Failed
Retrying to generate valid morphed arc
FAILED Attempt 4 of 5 to generate valid skeleton for component 2
Skeleton Collision Check Failed
Retrying to generate valid morphed arc
Failed to Morph Component 2 with parameters org.xper.allen.drawing.composition.morph.ComponentMorphParameters@2f17e30d
Failed to generate valid skeleton for using a morphed component 2 after 5 attempts.
Retrying to morph component
Attempt 0 of 5
Morphing component 2
Successfully generated valid skeleton for component 2
FAILED Attempt 0 of 2.0 to generate valid radius for component 2
Radius profile failed when attempting to be applied to component 2
Retrying mutate radius
Successfully generated valid radius for component 2
Successfully morphed component 2
creating and saving PNG...
Preserving components: 1 out of 3
Morphing component 1
FAILED Attempt 0 of 5 to generate valid skeleton for component 1
Skeleton Collision Check Failed
Retrying to generate valid morphed arc
FAILED Attempt 1 of 5 to generate valid skeleton for component 1
Skeleton Collision Check Failed
Retrying to generate valid morphed arc
FAILED Attempt 2 of 5 to generate valid skeleton for component 1
Skeleton Collision Check Failed
Retrying to generate valid morphed arc
FAILED Attempt 3 of 5 to generate valid skeleton for component 1
Skeleton Collision Check Failed
Retrying to generate valid morphed arc
Successfully generated valid skeleton for component 1
Successfully generated valid radius for component 1
Successfully morphed component 1
Morphing component 3
Successfully generated valid skeleton for component 3
Successfully generated valid radius for component 3
Successfully morphed component 3
creating and saving PNG...
Preserving components: 0 out of 2
Morphing component 1
Successfully generated valid skeleton for component 1
Successfully generated valid radius for component 1
Successfully morphed component 1
Morphing component 2
Successfully generated valid skeleton for component 2
Successfully generated valid radius for component 2
Successfully morphed component 2
creating and saving PNG...
Preserving components: 0 out of 2
Morphing component 1
Successfully generated valid skeleton for component 1
FAILED Attempt 0 of 2.0 to generate valid radius for component 1
Radius profile failed when attempting to be applied to component 1
Retrying mutate radius
Successfully generated valid radius for component 1
Successfully morphed component 1
Morphing component 2
FAILED Attempt 0 of 5 to generate valid skeleton for component 2
Skeleton Collision Check Failed
Retrying to generate valid morphed arc
FAILED Attempt 1 of 5 to generate valid skeleton for component 2
Skeleton Collision Check Failed
Retrying to generate valid morphed arc
FAILED Attempt 2 of 5 to generate valid skeleton for component 2
Skeleton Collision Check Failed
Retrying to generate valid morphed arc
Successfully generated valid skeleton for component 2
Successfully generated valid radius for component 2
Successfully morphed component 2
creating and saving PNG...
Preserving components: 0 out of 3
Morphing component 1
FAILED Attempt 0 of 5 to generate valid skeleton for component 1
Skeleton Collision Check Failed
Retrying to generate valid morphed arc
Successfully generated valid skeleton for component 1
Successfully generated valid radius for component 1
Failed to Morph Component 1 with parameters org.xper.allen.drawing.composition.morph.ComponentMorphParameters@242aa8d9
Tube collision check failed
Retrying to morph component
Attempt 0 of 5
Morphing component 1
Successfully generated valid skeleton for component 1
Successfully generated valid radius for component 1
Failed to Morph Component 1 with parameters org.xper.allen.drawing.composition.morph.ComponentMorphParameters@242aa8d9
Tube collision check failed
Retrying to morph component
Attempt 1 of 5
Morphing component 1
FAILED Attempt 0 of 5 to generate valid skeleton for component 1
Skeleton Collision Check Failed
Retrying to generate valid morphed arc
FAILED Attempt 1 of 5 to generate valid skeleton for component 1
Skeleton Collision Check Failed
Retrying to generate valid morphed arc
FAILED Attempt 2 of 5 to generate valid skeleton for component 1
Skeleton Collision Check Failed
Retrying to generate valid morphed arc
FAILED Attempt 3 of 5 to generate valid skeleton for component 1
Skeleton Collision Check Failed
Retrying to generate valid morphed arc
Successfully generated valid skeleton for component 1
Successfully generated valid radius for component 1
Failed to Morph Component 1 with parameters org.xper.allen.drawing.composition.morph.ComponentMorphParameters@242aa8d9
Tube collision check failed
Retrying to morph component
Attempt 2 of 5
Morphing component 1
FAILED Attempt 0 of 5 to generate valid skeleton for component 1
Skeleton Collision Check Failed
Retrying to generate valid morphed arc
Successfully generated valid skeleton for component 1
Successfully generated valid radius for component 1
Failed to Morph Component 1 with parameters org.xper.allen.drawing.composition.morph.ComponentMorphParameters@242aa8d9
Tube collision check failed
Retrying to morph component
Attempt 3 of 5
Morphing component 1
Successfully generated valid skeleton for component 1
Successfully generated valid radius for component 1
Successfully morphed component 1
Morphing component 2
Successfully generated valid skeleton for component 2
Successfully generated valid radius for component 2
Successfully morphed component 2
Morphing component 3
Successfully generated valid skeleton for component 3
FAILED Attempt 0 of 2.0 to generate valid radius for component 3
Radius profile failed when attempting to be applied to component 3
Retrying mutate radius
FAILED Attempt 1 of 2.0 to generate valid radius for component 3
Radius profile failed when attempting to be applied to component 3
Retrying mutate radius
Failed to Morph Component 3 with parameters org.xper.allen.drawing.composition.morph.ComponentMorphParameters@5b11a194
Failed to generate valid radius for using a morphed component 3 after 10 attempts.
Retrying to morph component
Attempt 0 of 5
Morphing component 3
Successfully generated valid skeleton for component 3
Successfully generated valid radius for component 3
Successfully morphed component 3
creating and saving PNG...
Preserving components: 0 out of 3
Morphing component 1
FAILED Attempt 0 of 5 to generate valid skeleton for component 1
Skeleton Collision Check Failed
Retrying to generate valid morphed arc
FAILED Attempt 1 of 5 to generate valid skeleton for component 1
Skeleton Collision Check Failed
Retrying to generate valid morphed arc
FAILED Attempt 2 of 5 to generate valid skeleton for component 1
Skeleton Collision Check Failed
Retrying to generate valid morphed arc
FAILED Attempt 3 of 5 to generate valid skeleton for component 1
Skeleton Collision Check Failed
Retrying to generate valid morphed arc
FAILED Attempt 4 of 5 to generate valid skeleton for component 1
Skeleton Collision Check Failed
Retrying to generate valid morphed arc
Failed to Morph Component 1 with parameters org.xper.allen.drawing.composition.morph.ComponentMorphParameters@2364305a
Failed to generate valid skeleton for using a morphed component 1 after 5 attempts.
Retrying to morph component
Attempt 0 of 5
Morphing component 1
FAILED Attempt 0 of 5 to generate valid skeleton for component 1
Skeleton Collision Check Failed
Retrying to generate valid morphed arc
FAILED Attempt 1 of 5 to generate valid skeleton for component 1
Skeleton Collision Check Failed
Retrying to generate valid morphed arc
FAILED Attempt 2 of 5 to generate valid skeleton for component 1
Skeleton Collision Check Failed
Retrying to generate valid morphed arc
FAILED Attempt 3 of 5 to generate valid skeleton for component 1
Skeleton Collision Check Failed
Retrying to generate valid morphed arc
FAILED Attempt 4 of 5 to generate valid skeleton for component 1
Skeleton Collision Check Failed
Retrying to generate valid morphed arc
Failed to Morph Component 1 with parameters org.xper.allen.drawing.composition.morph.ComponentMorphParameters@2364305a
Failed to generate valid skeleton for using a morphed component 1 after 5 attempts.
Retrying to morph component
Attempt 1 of 5
Morphing component 1
FAILED Attempt 0 of 5 to generate valid skeleton for component 1
Skeleton Collision Check Failed
Retrying to generate valid morphed arc
FAILED Attempt 1 of 5 to generate valid skeleton for component 1
Skeleton Collision Check Failed
Retrying to generate valid morphed arc
FAILED Attempt 2 of 5 to generate valid skeleton for component 1
Skeleton Collision Check Failed
Retrying to generate valid morphed arc
FAILED Attempt 3 of 5 to generate valid skeleton for component 1
Skeleton Collision Check Failed
Retrying to generate valid morphed arc
FAILED Attempt 4 of 5 to generate valid skeleton for component 1
Skeleton Collision Check Failed
Retrying to generate valid morphed arc
Failed to Morph Component 1 with parameters org.xper.allen.drawing.composition.morph.ComponentMorphParameters@2364305a
Failed to generate valid skeleton for using a morphed component 1 after 5 attempts.
Retrying to morph component
Attempt 2 of 5
Morphing component 1
FAILED Attempt 0 of 5 to generate valid skeleton for component 1
Skeleton Collision Check Failed
Retrying to generate valid morphed arc
FAILED Attempt 1 of 5 to generate valid skeleton for component 1
Skeleton Collision Check Failed
Retrying to generate valid morphed arc
Successfully generated valid skeleton for component 1
FAILED Attempt 0 of 2.0 to generate valid radius for component 1
Radius profile failed when attempting to be applied to component 1
Retrying mutate radius
FAILED Attempt 1 of 2.0 to generate valid radius for component 1
Radius profile failed when attempting to be applied to component 1
Retrying mutate radius
Failed to Morph Component 1 with parameters org.xper.allen.drawing.composition.morph.ComponentMorphParameters@2364305a
Failed to generate valid radius for using a morphed component 1 after 10 attempts.
Retrying to morph component
Attempt 3 of 5
Morphing component 1
Successfully generated valid skeleton for component 1
Successfully generated valid radius for component 1
Failed to Morph Component 1 with parameters org.xper.allen.drawing.composition.morph.ComponentMorphParameters@2364305a
Tube collision check failed
Retrying to morph component
Attempt 4 of 5
Failed to morph matchstick.
Did not successfully morph component 1 after 5 attempts.
Retrying to morph matchstick...
Preserving components: 0 out of 3
Morphing component 1
Successfully generated valid skeleton for component 1
Successfully generated valid radius for component 1
Successfully morphed component 1
Morphing component 2
FAILED Attempt 0 of 5 to generate valid skeleton for component 2
Skeleton Collision Check Failed
Retrying to generate valid morphed arc
FAILED Attempt 1 of 5 to generate valid skeleton for component 2
Skeleton Collision Check Failed
Retrying to generate valid morphed arc
FAILED Attempt 2 of 5 to generate valid skeleton for component 2
Skeleton Collision Check Failed
Retrying to generate valid morphed arc
FAILED Attempt 3 of 5 to generate valid skeleton for component 2
Skeleton Collision Check Failed
Retrying to generate valid morphed arc
FAILED Attempt 4 of 5 to generate valid skeleton for component 2
Skeleton Collision Check Failed
Retrying to generate valid morphed arc
Failed to Morph Component 2 with parameters org.xper.allen.drawing.composition.morph.ComponentMorphParameters@470a696f
Failed to generate valid skeleton for using a morphed component 2 after 5 attempts.
Retrying to morph component
Attempt 0 of 5
Morphing component 2
FAILED Attempt 0 of 5 to generate valid skeleton for component 2
Skeleton Collision Check Failed
Retrying to generate valid morphed arc
FAILED Attempt 1 of 5 to generate valid skeleton for component 2
Skeleton Collision Check Failed
Retrying to generate valid morphed arc
Successfully generated valid skeleton for component 2
Successfully generated valid radius for component 2
Failed to Morph Component 2 with parameters org.xper.allen.drawing.composition.morph.ComponentMorphParameters@470a696f
Tube collision check failed
Retrying to morph component
Attempt 1 of 5
Morphing component 2
Successfully generated valid skeleton for component 2
Successfully generated valid radius for component 2
Failed to Morph Component 2 with parameters org.xper.allen.drawing.composition.morph.ComponentMorphParameters@470a696f
Tube collision check failed
Retrying to morph component
Attempt 2 of 5
Morphing component 2
FAILED Attempt 0 of 5 to generate valid skeleton for component 2
Skeleton Collision Check Failed
Retrying to generate valid morphed arc
FAILED Attempt 1 of 5 to generate valid skeleton for component 2
Skeleton Collision Check Failed
Retrying to generate valid morphed arc
Successfully generated valid skeleton for component 2
Successfully generated valid radius for component 2
Successfully morphed component 2
Morphing component 3
Successfully generated valid skeleton for component 3
Successfully generated valid radius for component 3
Successfully morphed component 3
FAIL AT OBJECT MERGE
Failed to morph matchstick.
Failed to smoothize the matchstick!
Retrying to morph matchstick...
Preserving components: 0 out of 3
Morphing component 1
Successfully generated valid skeleton for component 1
Successfully generated valid radius for component 1
Failed to Morph Component 1 with parameters org.xper.allen.drawing.composition.morph.ComponentMorphParameters@2364305a
Tube collision check failed
Retrying to morph component
Attempt 0 of 5
Morphing component 1
FAILED Attempt 0 of 5 to generate valid skeleton for component 1
Skeleton Collision Check Failed
Retrying to generate valid morphed arc
Successfully generated valid skeleton for component 1
Successfully generated valid radius for component 1
Failed to Morph Component 1 with parameters org.xper.allen.drawing.composition.morph.ComponentMorphParameters@2364305a
Tube collision check failed
Retrying to morph component
Attempt 1 of 5
Morphing component 1
FAILED Attempt 0 of 5 to generate valid skeleton for component 1
Skeleton Collision Check Failed
Retrying to generate valid morphed arc
Successfully generated valid skeleton for component 1
Successfully generated valid radius for component 1
Successfully morphed component 1
Morphing component 2
Successfully generated valid skeleton for component 2
Successfully generated valid radius for component 2
Successfully morphed component 2
Morphing component 3
Successfully generated valid skeleton for component 3
FAILED Attempt 0 of 2.0 to generate valid radius for component 3
Radius profile failed when attempting to be applied to component 3
Retrying mutate radius
FAILED Attempt 1 of 2.0 to generate valid radius for component 3
Radius profile failed when attempting to be applied to component 3
Retrying mutate radius
Failed to Morph Component 3 with parameters org.xper.allen.drawing.composition.morph.ComponentMorphParameters@1bc715b8
Failed to generate valid radius for using a morphed component 3 after 10 attempts.
Retrying to morph component
Attempt 0 of 5
Morphing component 3
Successfully generated valid skeleton for component 3
Successfully generated valid radius for component 3
Successfully morphed component 3
creating and saving PNG...
Preserving components: 1 out of 3
Morphing component 1
FAILED Attempt 0 of 5 to generate valid skeleton for component 1
Skeleton Collision Check Failed
Retrying to generate valid morphed arc
Successfully generated valid skeleton for component 1
Successfully generated valid radius for component 1
Successfully morphed component 1
Morphing component 2
FAILED Attempt 0 of 5 to generate valid skeleton for component 2
Skeleton Collision Check Failed
Retrying to generate valid morphed arc
Successfully generated valid skeleton for component 2
Successfully generated valid radius for component 2
Failed to Morph Component 2 with parameters org.xper.allen.drawing.composition.morph.ComponentMorphParameters@423e4cbb
Tube collision check failed
Retrying to morph component
Attempt 0 of 5
Morphing component 2
FAILED Attempt 0 of 5 to generate valid skeleton for component 2
Skeleton Collision Check Failed
Retrying to generate valid morphed arc
FAILED Attempt 1 of 5 to generate valid skeleton for component 2
Skeleton Collision Check Failed
Retrying to generate valid morphed arc
FAILED Attempt 2 of 5 to generate valid skeleton for component 2
Skeleton Collision Check Failed
Retrying to generate valid morphed arc
FAILED Attempt 3 of 5 to generate valid skeleton for component 2
Skeleton Collision Check Failed
Retrying to generate valid morphed arc
FAILED Attempt 4 of 5 to generate valid skeleton for component 2
Skeleton Collision Check Failed
Retrying to generate valid morphed arc
Failed to Morph Component 2 with parameters org.xper.allen.drawing.composition.morph.ComponentMorphParameters@423e4cbb
Failed to generate valid skeleton for using a morphed component 2 after 5 attempts.
Retrying to morph component
Attempt 1 of 5
Morphing component 2
FAILED Attempt 0 of 5 to generate valid skeleton for component 2
Skeleton Collision Check Failed
Retrying to generate valid morphed arc
FAILED Attempt 1 of 5 to generate valid skeleton for component 2
Skeleton Collision Check Failed
Retrying to generate valid morphed arc
Successfully generated valid skeleton for component 2
Successfully generated valid radius for component 2
Successfully morphed component 2
creating and saving PNG...
creating and saving PNG...
Preserving components: 0 out of 3
Morphing component 1
FAILED Attempt 0 of 5 to generate valid skeleton for component 1
Skeleton Collision Check Failed
Retrying to generate valid morphed arc
FAILED Attempt 1 of 5 to generate valid skeleton for component 1
Skeleton Collision Check Failed
Retrying to generate valid morphed arc
FAILED Attempt 2 of 5 to generate valid skeleton for component 1
Skeleton Collision Check Failed
Retrying to generate valid morphed arc
FAILED Attempt 3 of 5 to generate valid skeleton for component 1
Skeleton Collision Check Failed
Retrying to generate valid morphed arc
Successfully generated valid skeleton for component 1
Successfully generated valid radius for component 1
Successfully morphed component 1
Morphing component 2
Successfully generated valid skeleton for component 2
Successfully generated valid radius for component 2
Successfully morphed component 2
Morphing component 3
Successfully generated valid skeleton for component 3
Successfully generated valid radius for component 3
Successfully morphed component 3
creating and saving PNG...
creating and saving PNG...
creating and saving PNG...
creating and saving PNG...
Done Generating...
