Wed Aug 23 14:50:37 EDT 2023 WARN: Establishing SSL connection without server's identity verification is not recommended. According to MySQL 5.5.45+, 5.6.26+ and 5.7.6+ requirements SSL connection must be established by default if explicit option isn't set. For compliance with existing applications not using SSL the verifyServerCertificate property is set to 'false'. You need either to explicitly disable SSL by setting useSSL=false, or set useSSL=true and provide truststore for server certificate verification.
Wed Aug 23 14:50:37 EDT 2023 WARN: Establishing SSL connection without server's identity verification is not recommended. According to MySQL 5.5.45+, 5.6.26+ and 5.7.6+ requirements SSL connection must be established by default if explicit option isn't set. For compliance with existing applications not using SSL the verifyServerCertificate property is set to 'false'. You need either to explicitly disable SSL by setting useSSL=false, or set useSSL=true and provide truststore for server certificate verification.
Wed Aug 23 14:50:37 EDT 2023 WARN: Establishing SSL connection without server's identity verification is not recommended. According to MySQL 5.5.45+, 5.6.26+ and 5.7.6+ requirements SSL connection must be established by default if explicit option isn't set. For compliance with existing applications not using SSL the verifyServerCertificate property is set to 'false'. You need either to explicitly disable SSL by setting useSSL=false, or set useSSL=true and provide truststore for server certificate verification.
Wed Aug 23 14:50:37 EDT 2023 WARN: Establishing SSL connection without server's identity verification is not recommended. According to MySQL 5.5.45+, 5.6.26+ and 5.7.6+ requirements SSL connection must be established by default if explicit option isn't set. For compliance with existing applications not using SSL the verifyServerCertificate property is set to 'false'. You need either to explicitly disable SSL by setting useSSL=false, or set useSSL=true and provide truststore for server certificate verification.
StimId: 1692816635468447 StimType: REGIME_ZERO Magnitude: 0.0
StimId: 1692816635469511 StimType: REGIME_ZERO Magnitude: 0.0
StimId: 1692816635470600 StimType: REGIME_ZERO Magnitude: 0.0
StimId: 1692816635471767 StimType: REGIME_ZERO Magnitude: 0.0
StimId: 1692816635472877 StimType: REGIME_ZERO Magnitude: 0.0
StimId: 1692816635477277 StimType: REGIME_TWO Magnitude: 0.0
StimId: 1692816635478452 StimType: REGIME_TWO Magnitude: 0.0
StimId: 1692816635479695 StimType: REGIME_TWO Magnitude: 0.0
StimId: 1692816635480788 StimType: REGIME_TWO Magnitude: 0.0
StimId: 1692816635482779 StimType: REGIME_ONE Magnitude: 0.1
StimId: 1692816635484010 StimType: REGIME_ONE Magnitude: 0.1
StimId: 1692816635485364 StimType: REGIME_ONE Magnitude: 0.1
StimId: 1692816635486489 StimType: REGIME_ONE Magnitude: 0.1
StimId: 1692816635487900 StimType: REGIME_ONE Magnitude: 0.1
StimId: 1692816635488999 StimType: REGIME_ONE Magnitude: 0.1
StimId: 1692816635490116 StimType: REGIME_ONE Magnitude: 0.1
StimId: 1692816635491397 StimType: REGIME_ONE Magnitude: 0.1
StimId: 1692816635492514 StimType: REGIME_ONE Magnitude: 0.1
StimId: 1692816635494448 StimType: REGIME_ONE Magnitude: 0.1
StimId: 1692816635495748 StimType: REGIME_ONE Magnitude: 0.1
Number of stims to generate: 20
Preserving components: 0 out of 2
Morphing component 1
Successfully generated valid skeleton for component 1
Successfully generated valid radius for component 1
Successfully morphed component 1
Morphing component 2
Successfully generated valid skeleton for component 2
Successfully generated valid radius for component 2
Successfully morphed component 2
creating and saving PNG...
Preserving components: 0 out of 2
Morphing component 1
Successfully generated valid skeleton for component 1
Successfully generated valid radius for component 1
Successfully morphed component 1
Morphing component 2
Successfully generated valid skeleton for component 2
Successfully generated valid radius for component 2
Successfully morphed component 2
creating and saving PNG...
creating and saving PNG...
Preserving components: 0 out of 3
Morphing component 1
Successfully generated valid skeleton for component 1
Successfully generated valid radius for component 1
Failed to Morph Component 1 with parameters org.xper.allen.drawing.composition.morph.ComponentMorphParameters@f107c50
Tube collision check failed
Retrying to morph component
Attempt 0 of 5
Morphing component 1
Successfully generated valid skeleton for component 1
Successfully generated valid radius for component 1
Successfully morphed component 1
Morphing component 2
Successfully generated valid skeleton for component 2
Successfully generated valid radius for component 2
Successfully morphed component 2
Morphing component 3
Successfully generated valid skeleton for component 3
Successfully generated valid radius for component 3
Successfully morphed component 3
FAIL AT OBJECT MERGE
Failed to morph matchstick.
Failed to smoothize the matchstick!
Retrying to morph matchstick...
Preserving components: 0 out of 3
Morphing component 1
Successfully generated valid skeleton for component 1
Successfully generated valid radius for component 1
Failed to Morph Component 1 with parameters org.xper.allen.drawing.composition.morph.ComponentMorphParameters@f107c50
Tube collision check failed
Retrying to morph component
Attempt 0 of 5
Morphing component 1
Successfully generated valid skeleton for component 1
Successfully generated valid radius for component 1
Failed to Morph Component 1 with parameters org.xper.allen.drawing.composition.morph.ComponentMorphParameters@f107c50
Tube collision check failed
Retrying to morph component
Attempt 1 of 5
Morphing component 1
FAILED Attempt 0 of 5 to generate valid skeleton for component 1
Skeleton Collision Check Failed
Retrying to generate valid morphed arc
FAILED Attempt 1 of 5 to generate valid skeleton for component 1
Skeleton Collision Check Failed
Retrying to generate valid morphed arc
FAILED Attempt 2 of 5 to generate valid skeleton for component 1
Skeleton Collision Check Failed
Retrying to generate valid morphed arc
FAILED Attempt 3 of 5 to generate valid skeleton for component 1
Skeleton Collision Check Failed
Retrying to generate valid morphed arc
Successfully generated valid skeleton for component 1
Successfully generated valid radius for component 1
Failed to Morph Component 1 with parameters org.xper.allen.drawing.composition.morph.ComponentMorphParameters@f107c50
Tube collision check failed
Retrying to morph component
Attempt 2 of 5
Morphing component 1
Successfully generated valid skeleton for component 1
Successfully generated valid radius for component 1
Failed to Morph Component 1 with parameters org.xper.allen.drawing.composition.morph.ComponentMorphParameters@f107c50
Tube collision check failed
Retrying to morph component
Attempt 3 of 5
Morphing component 1
Successfully generated valid skeleton for component 1
Successfully generated valid radius for component 1
Successfully morphed component 1
Morphing component 2
Successfully generated valid skeleton for component 2
Successfully generated valid radius for component 2
Successfully morphed component 2
Morphing component 3
Successfully generated valid skeleton for component 3
Successfully generated valid radius for component 3
Successfully morphed component 3
FAIL AT OBJECT MERGE
Failed to morph matchstick.
Failed to smoothize the matchstick!
Retrying to morph matchstick...
Preserving components: 0 out of 3
Morphing component 1
FAILED Attempt 0 of 5 to generate valid skeleton for component 1
Skeleton Collision Check Failed
Retrying to generate valid morphed arc
FAILED Attempt 1 of 5 to generate valid skeleton for component 1
Skeleton Collision Check Failed
Retrying to generate valid morphed arc
FAILED Attempt 2 of 5 to generate valid skeleton for component 1
Skeleton Collision Check Failed
Retrying to generate valid morphed arc
FAILED Attempt 3 of 5 to generate valid skeleton for component 1
Skeleton Collision Check Failed
Retrying to generate valid morphed arc
Successfully generated valid skeleton for component 1
Successfully generated valid radius for component 1
Failed to Morph Component 1 with parameters org.xper.allen.drawing.composition.morph.ComponentMorphParameters@f107c50
Tube collision check failed
Retrying to morph component
Attempt 0 of 5
Morphing component 1
Successfully generated valid skeleton for component 1
Successfully generated valid radius for component 1
Failed to Morph Component 1 with parameters org.xper.allen.drawing.composition.morph.ComponentMorphParameters@f107c50
Tube collision check failed
Retrying to morph component
Attempt 1 of 5
Morphing component 1
FAILED Attempt 0 of 5 to generate valid skeleton for component 1
Skeleton Collision Check Failed
Retrying to generate valid morphed arc
Successfully generated valid skeleton for component 1
Successfully generated valid radius for component 1
Failed to Morph Component 1 with parameters org.xper.allen.drawing.composition.morph.ComponentMorphParameters@f107c50
Tube collision check failed
Retrying to morph component
Attempt 2 of 5
Morphing component 1
Successfully generated valid skeleton for component 1
Successfully generated valid radius for component 1
Failed to Morph Component 1 with parameters org.xper.allen.drawing.composition.morph.ComponentMorphParameters@f107c50
Tube collision check failed
Retrying to morph component
Attempt 3 of 5
Morphing component 1
Successfully generated valid skeleton for component 1
Successfully generated valid radius for component 1
Successfully morphed component 1
Morphing component 2
Successfully generated valid skeleton for component 2
Successfully generated valid radius for component 2
Successfully morphed component 2
Morphing component 3
Successfully generated valid skeleton for component 3
Successfully generated valid radius for component 3
Successfully morphed component 3
creating and saving PNG...
Preserving components: 0 out of 2
Morphing component 1
Successfully generated valid skeleton for component 1
Successfully generated valid radius for component 1
Successfully morphed component 1
Morphing component 2
Successfully generated valid skeleton for component 2
Successfully generated valid radius for component 2
Failed to Morph Component 2 with parameters org.xper.allen.drawing.composition.morph.ComponentMorphParameters@10a9d961
Tube collision check failed
Retrying to morph component
Attempt 0 of 5
Morphing component 2
Successfully generated valid skeleton for component 2
Successfully generated valid radius for component 2
Successfully morphed component 2
creating and saving PNG...
Preserving components: 1 out of 3
Morphing component 1
FAILED Attempt 0 of 5 to generate valid skeleton for component 1
Skeleton Collision Check Failed
Retrying to generate valid morphed arc
FAILED Attempt 1 of 5 to generate valid skeleton for component 1
Skeleton Collision Check Failed
Retrying to generate valid morphed arc
FAILED Attempt 2 of 5 to generate valid skeleton for component 1
Skeleton Collision Check Failed
Retrying to generate valid morphed arc
FAILED Attempt 3 of 5 to generate valid skeleton for component 1
Skeleton Collision Check Failed
Retrying to generate valid morphed arc
FAILED Attempt 4 of 5 to generate valid skeleton for component 1
Skeleton Collision Check Failed
Retrying to generate valid morphed arc
Failed to Morph Component 1 with parameters org.xper.allen.drawing.composition.morph.ComponentMorphParameters@34158c08
Failed to generate valid skeleton for using a morphed component 1 after 5 attempts.
Retrying to morph component
Attempt 0 of 5
Morphing component 1
FAILED Attempt 0 of 5 to generate valid skeleton for component 1
Skeleton Collision Check Failed
Retrying to generate valid morphed arc
FAILED Attempt 1 of 5 to generate valid skeleton for component 1
Skeleton Collision Check Failed
Retrying to generate valid morphed arc
FAILED Attempt 2 of 5 to generate valid skeleton for component 1
Skeleton Collision Check Failed
Retrying to generate valid morphed arc
FAILED Attempt 3 of 5 to generate valid skeleton for component 1
Skeleton Collision Check Failed
Retrying to generate valid morphed arc
FAILED Attempt 4 of 5 to generate valid skeleton for component 1
Skeleton Collision Check Failed
Retrying to generate valid morphed arc
Failed to Morph Component 1 with parameters org.xper.allen.drawing.composition.morph.ComponentMorphParameters@34158c08
Failed to generate valid skeleton for using a morphed component 1 after 5 attempts.
Retrying to morph component
Attempt 1 of 5
Morphing component 1
FAILED Attempt 0 of 5 to generate valid skeleton for component 1
Skeleton Collision Check Failed
Retrying to generate valid morphed arc
FAILED Attempt 1 of 5 to generate valid skeleton for component 1
Skeleton Collision Check Failed
Retrying to generate valid morphed arc
FAILED Attempt 2 of 5 to generate valid skeleton for component 1
Skeleton Collision Check Failed
Retrying to generate valid morphed arc
FAILED Attempt 3 of 5 to generate valid skeleton for component 1
Skeleton Collision Check Failed
Retrying to generate valid morphed arc
FAILED Attempt 4 of 5 to generate valid skeleton for component 1
Skeleton Collision Check Failed
Retrying to generate valid morphed arc
Failed to Morph Component 1 with parameters org.xper.allen.drawing.composition.morph.ComponentMorphParameters@34158c08
Failed to generate valid skeleton for using a morphed component 1 after 5 attempts.
Retrying to morph component
Attempt 2 of 5
Morphing component 1
FAILED Attempt 0 of 5 to generate valid skeleton for component 1
Skeleton Collision Check Failed
Retrying to generate valid morphed arc
FAILED Attempt 1 of 5 to generate valid skeleton for component 1
Skeleton Collision Check Failed
Retrying to generate valid morphed arc
FAILED Attempt 2 of 5 to generate valid skeleton for component 1
Skeleton Collision Check Failed
Retrying to generate valid morphed arc
FAILED Attempt 3 of 5 to generate valid skeleton for component 1
Skeleton Collision Check Failed
Retrying to generate valid morphed arc
FAILED Attempt 4 of 5 to generate valid skeleton for component 1
Skeleton Collision Check Failed
Retrying to generate valid morphed arc
Failed to Morph Component 1 with parameters org.xper.allen.drawing.composition.morph.ComponentMorphParameters@34158c08
Failed to generate valid skeleton for using a morphed component 1 after 5 attempts.
Retrying to morph component
Attempt 3 of 5
Morphing component 1
FAILED Attempt 0 of 5 to generate valid skeleton for component 1
Skeleton Collision Check Failed
Retrying to generate valid morphed arc
FAILED Attempt 1 of 5 to generate valid skeleton for component 1
Skeleton Collision Check Failed
Retrying to generate valid morphed arc
Successfully generated valid skeleton for component 1
Successfully generated valid radius for component 1
Successfully morphed component 1
Morphing component 3
FAILED Attempt 0 of 5 to generate valid skeleton for component 3
Skeleton Collision Check Failed
Retrying to generate valid morphed arc
FAILED Attempt 1 of 5 to generate valid skeleton for component 3
Skeleton Collision Check Failed
Retrying to generate valid morphed arc
FAILED Attempt 2 of 5 to generate valid skeleton for component 3
Skeleton Collision Check Failed
Retrying to generate valid morphed arc
FAILED Attempt 3 of 5 to generate valid skeleton for component 3
Skeleton Collision Check Failed
Retrying to generate valid morphed arc
FAILED Attempt 4 of 5 to generate valid skeleton for component 3
Skeleton Collision Check Failed
Retrying to generate valid morphed arc
Failed to Morph Component 3 with parameters org.xper.allen.drawing.composition.morph.ComponentMorphParameters@19e4fcac
Failed to generate valid skeleton for using a morphed component 3 after 5 attempts.
Retrying to morph component
Attempt 0 of 5
Morphing component 3
FAILED Attempt 0 of 5 to generate valid skeleton for component 3
Skeleton Collision Check Failed
Retrying to generate valid morphed arc
Successfully generated valid skeleton for component 3
Successfully generated valid radius for component 3
Successfully morphed component 3
creating and saving PNG...
creating and saving PNG...
Preserving components: 1 out of 3
Morphing component 1
FAILED Attempt 0 of 5 to generate valid skeleton for component 1
Skeleton Collision Check Failed
Retrying to generate valid morphed arc
Successfully generated valid skeleton for component 1
Successfully generated valid radius for component 1
Successfully morphed component 1
Morphing component 2
FAILED Attempt 0 of 5 to generate valid skeleton for component 2
Skeleton Collision Check Failed
Retrying to generate valid morphed arc
Successfully generated valid skeleton for component 2
Successfully generated valid radius for component 2
Successfully morphed component 2
FAIL AT OBJECT MERGE
Failed to morph matchstick.
Failed to smoothize the matchstick!
Retrying to morph matchstick...
Preserving components: 1 out of 3
Morphing component 1
FAILED Attempt 0 of 5 to generate valid skeleton for component 1
Skeleton Collision Check Failed
Retrying to generate valid morphed arc
Successfully generated valid skeleton for component 1
Successfully generated valid radius for component 1
Successfully morphed component 1
Morphing component 2
FAILED Attempt 0 of 5 to generate valid skeleton for component 2
Skeleton Collision Check Failed
Retrying to generate valid morphed arc
Successfully generated valid skeleton for component 2
Successfully generated valid radius for component 2
Successfully morphed component 2
FAIL AT OBJECT MERGE
Failed to morph matchstick.
Failed to smoothize the matchstick!
Retrying to morph matchstick...
Preserving components: 1 out of 3
Morphing component 1
Successfully generated valid skeleton for component 1
Successfully generated valid radius for component 1
Successfully morphed component 1
Morphing component 2
Successfully generated valid skeleton for component 2
Successfully generated valid radius for component 2
Failed to Morph Component 2 with parameters org.xper.allen.drawing.composition.morph.ComponentMorphParameters@2fc6f97f
Tube collision check failed
Retrying to morph component
Attempt 0 of 5
Morphing component 2
FAILED Attempt 0 of 5 to generate valid skeleton for component 2
Skeleton Collision Check Failed
Retrying to generate valid morphed arc
FAILED Attempt 1 of 5 to generate valid skeleton for component 2
Skeleton Collision Check Failed
Retrying to generate valid morphed arc
Successfully generated valid skeleton for component 2
Successfully generated valid radius for component 2
Failed to Morph Component 2 with parameters org.xper.allen.drawing.composition.morph.ComponentMorphParameters@2fc6f97f
Tube collision check failed
Retrying to morph component
Attempt 1 of 5
Morphing component 2
FAILED Attempt 0 of 5 to generate valid skeleton for component 2
Skeleton Collision Check Failed
Retrying to generate valid morphed arc
FAILED Attempt 1 of 5 to generate valid skeleton for component 2
Skeleton Collision Check Failed
Retrying to generate valid morphed arc
FAILED Attempt 2 of 5 to generate valid skeleton for component 2
Skeleton Collision Check Failed
Retrying to generate valid morphed arc
FAILED Attempt 3 of 5 to generate valid skeleton for component 2
Skeleton Collision Check Failed
Retrying to generate valid morphed arc
FAILED Attempt 4 of 5 to generate valid skeleton for component 2
Skeleton Collision Check Failed
Retrying to generate valid morphed arc
Failed to Morph Component 2 with parameters org.xper.allen.drawing.composition.morph.ComponentMorphParameters@2fc6f97f
Failed to generate valid skeleton for using a morphed component 2 after 5 attempts.
Retrying to morph component
Attempt 2 of 5
Morphing component 2
FAILED Attempt 0 of 5 to generate valid skeleton for component 2
Skeleton Collision Check Failed
Retrying to generate valid morphed arc
FAILED Attempt 1 of 5 to generate valid skeleton for component 2
Skeleton Collision Check Failed
Retrying to generate valid morphed arc
FAILED Attempt 2 of 5 to generate valid skeleton for component 2
Skeleton Collision Check Failed
Retrying to generate valid morphed arc
FAILED Attempt 3 of 5 to generate valid skeleton for component 2
Skeleton Collision Check Failed
Retrying to generate valid morphed arc
FAILED Attempt 4 of 5 to generate valid skeleton for component 2
Skeleton Collision Check Failed
Retrying to generate valid morphed arc
Failed to Morph Component 2 with parameters org.xper.allen.drawing.composition.morph.ComponentMorphParameters@2fc6f97f
Failed to generate valid skeleton for using a morphed component 2 after 5 attempts.
Retrying to morph component
Attempt 3 of 5
Morphing component 2
FAILED Attempt 0 of 5 to generate valid skeleton for component 2
Skeleton Collision Check Failed
Retrying to generate valid morphed arc
FAILED Attempt 1 of 5 to generate valid skeleton for component 2
Skeleton Collision Check Failed
Retrying to generate valid morphed arc
FAILED Attempt 2 of 5 to generate valid skeleton for component 2
Skeleton Collision Check Failed
Retrying to generate valid morphed arc
FAILED Attempt 3 of 5 to generate valid skeleton for component 2
Skeleton Collision Check Failed
Retrying to generate valid morphed arc
Successfully generated valid skeleton for component 2
Successfully generated valid radius for component 2
Successfully morphed component 2
creating and saving PNG...
creating and saving PNG...
creating and saving PNG...
Preserving components: 0 out of 2
Morphing component 1
Successfully generated valid skeleton for component 1
Successfully generated valid radius for component 1
Successfully morphed component 1
Morphing component 2
Successfully generated valid skeleton for component 2
Successfully generated valid radius for component 2
Successfully morphed component 2
creating and saving PNG...
Preserving components: 1 out of 3
Morphing component 1
FAILED Attempt 0 of 5 to generate valid skeleton for component 1
Skeleton Collision Check Failed
Retrying to generate valid morphed arc
Successfully generated valid skeleton for component 1
Successfully generated valid radius for component 1
Successfully morphed component 1
Morphing component 2
past the nowUndx check
past the nowCompIndex check
comp label success: 3
FAILED Attempt 0 of 5 to generate valid skeleton for component 2
Skeleton Collision Check Failed
Retrying to generate valid morphed arc
past the nowUndx check
past the nowCompIndex check
comp label success: 1
Successfully generated valid skeleton for component 2
Successfully generated valid radius for component 2
Successfully morphed component 2
The two tube are not contacting.....fail
FAIL AT OBJECT MERGE
Failed to morph matchstick.
Failed to smoothize the matchstick!
Retrying to morph matchstick...
Preserving components: 1 out of 3
Morphing component 1
FAILED Attempt 0 of 5 to generate valid skeleton for component 1
Skeleton Collision Check Failed
Retrying to generate valid morphed arc
Successfully generated valid skeleton for component 1
Successfully generated valid radius for component 1
Successfully morphed component 1
Morphing component 2
past the nowUndx check
past the nowCompIndex check
comp label success: 1
Successfully generated valid skeleton for component 2
Successfully generated valid radius for component 2
Failed to Morph Component 2 with parameters org.xper.allen.drawing.composition.morph.ComponentMorphParameters@7516e4e5
Tube collision check failed
Retrying to morph component
Attempt 0 of 5
Morphing component 2
past the nowUndx check
past the nowCompIndex check
comp label success: 1
Successfully generated valid skeleton for component 2
FAILED Attempt 0 of 2.0 to generate valid radius for component 2
Radius profile failed when attempting to be applied to component 2
Retrying mutate radius
FAILED Attempt 1 of 2.0 to generate valid radius for component 2
Radius profile failed when attempting to be applied to component 2
Retrying mutate radius
Failed to Morph Component 2 with parameters org.xper.allen.drawing.composition.morph.ComponentMorphParameters@7516e4e5
Failed to generate valid radius for using a morphed component 2 after 10 attempts.
Retrying to morph component
Attempt 1 of 5
Morphing component 2
past the nowUndx check
past the nowCompIndex check
comp label success: 3
Successfully generated valid skeleton for component 2
Successfully generated valid radius for component 2
Failed to Morph Component 2 with parameters org.xper.allen.drawing.composition.morph.ComponentMorphParameters@7516e4e5
Tube collision check failed
Retrying to morph component
Attempt 2 of 5
Morphing component 2
past the nowUndx check
past the nowCompIndex check
comp label success: 1
Successfully generated valid skeleton for component 2
Successfully generated valid radius for component 2
Failed to Morph Component 2 with parameters org.xper.allen.drawing.composition.morph.ComponentMorphParameters@7516e4e5
Tube collision check failed
Retrying to morph component
Attempt 3 of 5
Morphing component 2
past the nowUndx check
past the nowCompIndex check
comp label success: 1
Successfully generated valid skeleton for component 2
FAILED Attempt 0 of 2.0 to generate valid radius for component 2
Radius profile failed when attempting to be applied to component 2
Retrying mutate radius
FAILED Attempt 1 of 2.0 to generate valid radius for component 2
Radius profile failed when attempting to be applied to component 2
Retrying mutate radius
Failed to Morph Component 2 with parameters org.xper.allen.drawing.composition.morph.ComponentMorphParameters@7516e4e5
Failed to generate valid radius for using a morphed component 2 after 10 attempts.
Retrying to morph component
Attempt 4 of 5
Failed to morph matchstick.
Did not successfully morph component 2 after 5 attempts.
Retrying to morph matchstick...
Preserving components: 1 out of 3
Morphing component 1
FAILED Attempt 0 of 5 to generate valid skeleton for component 1
Skeleton Collision Check Failed
Retrying to generate valid morphed arc
Successfully generated valid skeleton for component 1
Successfully generated valid radius for component 1
Failed to Morph Component 1 with parameters org.xper.allen.drawing.composition.morph.ComponentMorphParameters@488eb7f2
Tube collision check failed
Retrying to morph component
Attempt 0 of 5
Morphing component 1
Successfully generated valid skeleton for component 1
Successfully generated valid radius for component 1
Failed to Morph Component 1 with parameters org.xper.allen.drawing.composition.morph.ComponentMorphParameters@488eb7f2
Tube collision check failed
Retrying to morph component
Attempt 1 of 5
Morphing component 1
FAILED Attempt 0 of 5 to generate valid skeleton for component 1
Skeleton Collision Check Failed
Retrying to generate valid morphed arc
Successfully generated valid skeleton for component 1
Successfully generated valid radius for component 1
Successfully morphed component 1
Morphing component 2
past the nowUndx check
past the nowCompIndex check
comp label success: 1
FAILED Attempt 0 of 5 to generate valid skeleton for component 2
Skeleton Collision Check Failed
Retrying to generate valid morphed arc
past the nowUndx check
past the nowCompIndex check
comp label success: 1
FAILED Attempt 1 of 5 to generate valid skeleton for component 2
Skeleton Collision Check Failed
Retrying to generate valid morphed arc
past the nowUndx check
past the nowCompIndex check
comp label success: 3
FAILED Attempt 2 of 5 to generate valid skeleton for component 2
Skeleton Collision Check Failed
Retrying to generate valid morphed arc
past the nowUndx check
past the nowCompIndex check
comp label success: 3
FAILED Attempt 3 of 5 to generate valid skeleton for component 2
Skeleton Collision Check Failed
Retrying to generate valid morphed arc
past the nowUndx check
past the nowCompIndex check
comp label success: 1
FAILED Attempt 4 of 5 to generate valid skeleton for component 2
Skeleton Collision Check Failed
Retrying to generate valid morphed arc
Failed to Morph Component 2 with parameters org.xper.allen.drawing.composition.morph.ComponentMorphParameters@7516e4e5
Failed to generate valid skeleton for using a morphed component 2 after 5 attempts.
Retrying to morph component
Attempt 0 of 5
Morphing component 2
past the nowUndx check
past the nowCompIndex check
comp label success: 1
FAILED Attempt 0 of 5 to generate valid skeleton for component 2
Skeleton Collision Check Failed
Retrying to generate valid morphed arc
past the nowUndx check
past the nowCompIndex check
comp label success: 1
FAILED Attempt 1 of 5 to generate valid skeleton for component 2
Skeleton Collision Check Failed
Retrying to generate valid morphed arc
past the nowUndx check
past the nowCompIndex check
comp label success: 1
FAILED Attempt 2 of 5 to generate valid skeleton for component 2
Skeleton Collision Check Failed
Retrying to generate valid morphed arc
past the nowUndx check
past the nowCompIndex check
comp label success: 1
FAILED Attempt 3 of 5 to generate valid skeleton for component 2
Skeleton Collision Check Failed
Retrying to generate valid morphed arc
past the nowUndx check
past the nowCompIndex check
comp label success: 1
FAILED Attempt 4 of 5 to generate valid skeleton for component 2
Skeleton Collision Check Failed
Retrying to generate valid morphed arc
Failed to Morph Component 2 with parameters org.xper.allen.drawing.composition.morph.ComponentMorphParameters@7516e4e5
Failed to generate valid skeleton for using a morphed component 2 after 5 attempts.
Retrying to morph component
Attempt 1 of 5
Morphing component 2
past the nowUndx check
past the nowCompIndex check
comp label success: 1
FAILED Attempt 0 of 5 to generate valid skeleton for component 2
Skeleton Collision Check Failed
Retrying to generate valid morphed arc
past the nowUndx check
past the nowCompIndex check
comp label success: 1
FAILED Attempt 1 of 5 to generate valid skeleton for component 2
Skeleton Collision Check Failed
Retrying to generate valid morphed arc
past the nowUndx check
past the nowCompIndex check
comp label success: 1
FAILED Attempt 2 of 5 to generate valid skeleton for component 2
Skeleton Collision Check Failed
Retrying to generate valid morphed arc
past the nowUndx check
past the nowCompIndex check
comp label success: 1
FAILED Attempt 3 of 5 to generate valid skeleton for component 2
Skeleton Collision Check Failed
Retrying to generate valid morphed arc
past the nowUndx check
past the nowCompIndex check
comp label success: 1
FAILED Attempt 4 of 5 to generate valid skeleton for component 2
Skeleton Collision Check Failed
Retrying to generate valid morphed arc
Failed to Morph Component 2 with parameters org.xper.allen.drawing.composition.morph.ComponentMorphParameters@7516e4e5
Failed to generate valid skeleton for using a morphed component 2 after 5 attempts.
Retrying to morph component
Attempt 2 of 5
Morphing component 2
past the nowUndx check
past the nowCompIndex check
comp label success: 1
FAILED Attempt 0 of 5 to generate valid skeleton for component 2
Skeleton Collision Check Failed
Retrying to generate valid morphed arc
past the nowUndx check
past the nowCompIndex check
comp label success: 3
Successfully generated valid skeleton for component 2
FAILED Attempt 0 of 2.0 to generate valid radius for component 2
Radius profile failed when attempting to be applied to component 2
Retrying mutate radius
FAILED Attempt 1 of 2.0 to generate valid radius for component 2
Radius profile failed when attempting to be applied to component 2
Retrying mutate radius
Failed to Morph Component 2 with parameters org.xper.allen.drawing.composition.morph.ComponentMorphParameters@7516e4e5
Failed to generate valid radius for using a morphed component 2 after 10 attempts.
Retrying to morph component
Attempt 3 of 5
Morphing component 2
past the nowUndx check
past the nowCompIndex check
comp label success: 1
FAILED Attempt 0 of 5 to generate valid skeleton for component 2
Skeleton Collision Check Failed
Retrying to generate valid morphed arc
past the nowUndx check
past the nowCompIndex check
comp label success: 3
Successfully generated valid skeleton for component 2
FAILED Attempt 0 of 2.0 to generate valid radius for component 2
Radius profile failed when attempting to be applied to component 2
Retrying mutate radius
Successfully generated valid radius for component 2
Failed to Morph Component 2 with parameters org.xper.allen.drawing.composition.morph.ComponentMorphParameters@7516e4e5
Tube collision check failed
Retrying to morph component
Attempt 4 of 5
Failed to morph matchstick.
Did not successfully morph component 2 after 5 attempts.
Retrying to morph matchstick...
Preserving components: 1 out of 3
Morphing component 1
FAILED Attempt 0 of 5 to generate valid skeleton for component 1
Skeleton Collision Check Failed
Retrying to generate valid morphed arc
Successfully generated valid skeleton for component 1
Successfully generated valid radius for component 1
Successfully morphed component 1
Morphing component 2
past the nowUndx check
past the nowCompIndex check
comp label success: 1
Successfully generated valid skeleton for component 2
Successfully generated valid radius for component 2
Failed to Morph Component 2 with parameters org.xper.allen.drawing.composition.morph.ComponentMorphParameters@7516e4e5
Tube collision check failed
Retrying to morph component
Attempt 0 of 5
Morphing component 2
past the nowUndx check
past the nowCompIndex check
comp label success: 3
Successfully generated valid skeleton for component 2
Successfully generated valid radius for component 2
Successfully morphed component 2
The two tube are not contacting.....fail
FAIL AT OBJECT MERGE
Failed to morph matchstick.
Failed to smoothize the matchstick!
Retrying to morph matchstick...
Preserving components: 1 out of 3
Morphing component 1
FAILED Attempt 0 of 5 to generate valid skeleton for component 1
Skeleton Collision Check Failed
Retrying to generate valid morphed arc
FAILED Attempt 1 of 5 to generate valid skeleton for component 1
Skeleton Collision Check Failed
Retrying to generate valid morphed arc
FAILED Attempt 2 of 5 to generate valid skeleton for component 1
Skeleton Collision Check Failed
Retrying to generate valid morphed arc
Successfully generated valid skeleton for component 1
Successfully generated valid radius for component 1
Successfully morphed component 1
Morphing component 2
past the nowUndx check
past the nowCompIndex check
comp label success: 1
FAILED Attempt 0 of 5 to generate valid skeleton for component 2
Skeleton Collision Check Failed
Retrying to generate valid morphed arc
past the nowUndx check
past the nowCompIndex check
comp label success: 1
FAILED Attempt 1 of 5 to generate valid skeleton for component 2
Skeleton Collision Check Failed
Retrying to generate valid morphed arc
past the nowUndx check
past the nowCompIndex check
comp label success: 1
FAILED Attempt 2 of 5 to generate valid skeleton for component 2
Skeleton Collision Check Failed
Retrying to generate valid morphed arc
past the nowUndx check
past the nowCompIndex check
comp label success: 1
FAILED Attempt 3 of 5 to generate valid skeleton for component 2
Skeleton Collision Check Failed
Retrying to generate valid morphed arc
past the nowUndx check
past the nowCompIndex check
comp label success: 3
FAILED Attempt 4 of 5 to generate valid skeleton for component 2
Skeleton Collision Check Failed
Retrying to generate valid morphed arc
Failed to Morph Component 2 with parameters org.xper.allen.drawing.composition.morph.ComponentMorphParameters@7516e4e5
Failed to generate valid skeleton for using a morphed component 2 after 5 attempts.
Retrying to morph component
Attempt 0 of 5
Morphing component 2
past the nowUndx check
past the nowCompIndex check
comp label success: 1
FAILED Attempt 0 of 5 to generate valid skeleton for component 2
Skeleton Collision Check Failed
Retrying to generate valid morphed arc
past the nowUndx check
past the nowCompIndex check
comp label success: 1
FAILED Attempt 1 of 5 to generate valid skeleton for component 2
Skeleton Collision Check Failed
Retrying to generate valid morphed arc
past the nowUndx check
past the nowCompIndex check
comp label success: 1
Successfully generated valid skeleton for component 2
Successfully generated valid radius for component 2
Successfully morphed component 2
The two tube are not contacting.....fail
FAIL AT OBJECT MERGE
Failed to morph matchstick.
Failed to smoothize the matchstick!
Retrying to morph matchstick...
Preserving components: 1 out of 3
Morphing component 1
FAILED Attempt 0 of 5 to generate valid skeleton for component 1
Skeleton Collision Check Failed
Retrying to generate valid morphed arc
Successfully generated valid skeleton for component 1
Successfully generated valid radius for component 1
Successfully morphed component 1
Morphing component 2
past the nowUndx check
past the nowCompIndex check
comp label success: 3
FAILED Attempt 0 of 5 to generate valid skeleton for component 2
Skeleton Collision Check Failed
Retrying to generate valid morphed arc
past the nowUndx check
past the nowCompIndex check
comp label success: 1
Successfully generated valid skeleton for component 2
Successfully generated valid radius for component 2
Successfully morphed component 2
The two tube are not contacting.....fail
FAIL AT OBJECT MERGE
Failed to morph matchstick.
Failed to smoothize the matchstick!
Retrying to morph matchstick...
Preserving components: 1 out of 3
Morphing component 1
FAILED Attempt 0 of 5 to generate valid skeleton for component 1
Skeleton Collision Check Failed
Retrying to generate valid morphed arc
Successfully generated valid skeleton for component 1
Successfully generated valid radius for component 1
Successfully morphed component 1
Morphing component 2
past the nowUndx check
past the nowCompIndex check
comp label success: 3
Successfully generated valid skeleton for component 2
Successfully generated valid radius for component 2
Successfully morphed component 2
creating and saving PNG...
creating and saving PNG...
Preserving components: 0 out of 2
Morphing component 1
Successfully generated valid skeleton for component 1
Successfully generated valid radius for component 1
Failed to Morph Component 1 with parameters org.xper.allen.drawing.composition.morph.ComponentMorphParameters@c260bdc
Tube collision check failed
Retrying to morph component
Attempt 0 of 5
Morphing component 1
Successfully generated valid skeleton for component 1
Successfully generated valid radius for component 1
Successfully morphed component 1
Morphing component 2
Successfully generated valid skeleton for component 2
Successfully generated valid radius for component 2
Successfully morphed component 2
creating and saving PNG...
Preserving components: 1 out of 3
Morphing component 1
FAILED Attempt 0 of 5 to generate valid skeleton for component 1
Skeleton Collision Check Failed
Retrying to generate valid morphed arc
Successfully generated valid skeleton for component 1
Successfully generated valid radius for component 1
Failed to Morph Component 1 with parameters org.xper.allen.drawing.composition.morph.ComponentMorphParameters@e260766
Tube collision check failed
Retrying to morph component
Attempt 0 of 5
Morphing component 1
Successfully generated valid skeleton for component 1
Successfully generated valid radius for component 1
Successfully morphed component 1
Morphing component 3
FAILED Attempt 0 of 5 to generate valid skeleton for component 3
Skeleton Collision Check Failed
Retrying to generate valid morphed arc
Successfully generated valid skeleton for component 3
Successfully generated valid radius for component 3
Successfully morphed component 3
creating and saving PNG...
Preserving components: 0 out of 2
Morphing component 1
Successfully generated valid skeleton for component 1
Successfully generated valid radius for component 1
Successfully morphed component 1
Morphing component 2
Successfully generated valid skeleton for component 2
Successfully generated valid radius for component 2
Successfully morphed component 2
creating and saving PNG...
Preserving components: 0 out of 2
Morphing component 1
Successfully generated valid skeleton for component 1
Successfully generated valid radius for component 1
Failed to Morph Component 1 with parameters org.xper.allen.drawing.composition.morph.ComponentMorphParameters@f9879ac
Tube collision check failed
Retrying to morph component
Attempt 0 of 5
Morphing component 1
Successfully generated valid skeleton for component 1
Successfully generated valid radius for component 1
Successfully morphed component 1
Morphing component 2
Successfully generated valid skeleton for component 2
Successfully generated valid radius for component 2
Successfully morphed component 2
creating and saving PNG...
Preserving components: 0 out of 3
Morphing component 1
Successfully generated valid skeleton for component 1
Successfully generated valid radius for component 1
Successfully morphed component 1
Morphing component 2
Successfully generated valid skeleton for component 2
Successfully generated valid radius for component 2
Successfully morphed component 2
Morphing component 3
Successfully generated valid skeleton for component 3
Successfully generated valid radius for component 3
Successfully morphed component 3
creating and saving PNG...
Preserving components: 0 out of 3
Morphing component 1
Successfully generated valid skeleton for component 1
Successfully generated valid radius for component 1
Successfully morphed component 1
Morphing component 2
FAILED Attempt 0 of 5 to generate valid skeleton for component 2
Skeleton Collision Check Failed
Retrying to generate valid morphed arc
FAILED Attempt 1 of 5 to generate valid skeleton for component 2
Skeleton Collision Check Failed
Retrying to generate valid morphed arc
Successfully generated valid skeleton for component 2
Successfully generated valid radius for component 2
Successfully morphed component 2
Morphing component 3
Successfully generated valid skeleton for component 3
Successfully generated valid radius for component 3
Successfully morphed component 3
creating and saving PNG...
Preserving components: 0 out of 3
Morphing component 1
Successfully generated valid skeleton for component 1
Successfully generated valid radius for component 1
Successfully morphed component 1
Morphing component 2
Successfully generated valid skeleton for component 2
Successfully generated valid radius for component 2
Successfully morphed component 2
Morphing component 3
Successfully generated valid skeleton for component 3
Successfully generated valid radius for component 3
Successfully morphed component 3
creating and saving PNG...
Done Generating...
